-------------------------------------------------------------------------------
Test set: cz.cuni.mff.d3s.trupple.UnitTest
-------------------------------------------------------------------------------
Tests run: 2, Failures: 0, Errors: 2, Skipped: 0, Time elapsed: 0.002 sec <<< FAILURE!
simpleTest(cz.cuni.mff.d3s.trupple.UnitTest)  Time elapsed: 0 sec  <<< ERROR!
java.lang.NullPointerException
	at cz.cuni.mff.d3s.trupple.parser.identifierstable.IdentifiersTable.registerNewIdentifier(IdentifiersTable.java:308)
	at cz.cuni.mff.d3s.trupple.parser.identifierstable.IdentifiersTable.addVariable(IdentifiersTable.java:202)
	at cz.cuni.mff.d3s.trupple.parser.LexicalScope.registerLocalVariable(LexicalScope.java:155)
	at cz.cuni.mff.d3s.trupple.parser.NodeFactory.registerVariables(NodeFactory.java:215)
	at cz.cuni.mff.d3s.trupple.parser.tp.Parser.VariableLineDeclaration(Parser.java:423)
	at cz.cuni.mff.d3s.trupple.parser.tp.Parser.VariableDeclarations(Parser.java:231)
	at cz.cuni.mff.d3s.trupple.parser.tp.Parser.Declaration(Parser.java:187)
	at cz.cuni.mff.d3s.trupple.parser.tp.Parser.Declarations(Parser.java:145)
	at cz.cuni.mff.d3s.trupple.parser.tp.Parser.Pascal(Parser.java:110)
	at cz.cuni.mff.d3s.trupple.parser.tp.Parser.Parse(Parser.java:1304)
	at cz.cuni.mff.d3s.trupple.language.PascalLanguage.parseSource(PascalLanguage.java:110)
	at cz.cuni.mff.d3s.trupple.language.PascalLanguage.parse(PascalLanguage.java:85)
	at com.oracle.truffle.api.TruffleLanguage$ParsingRequest.parse(TruffleLanguage.java:352)
	at com.oracle.truffle.api.TruffleLanguage$LanguageImpl.parseForLanguage(TruffleLanguage.java:875)
	at com.oracle.truffle.api.TruffleLanguage$LanguageImpl.parse(TruffleLanguage.java:862)
	at com.oracle.truffle.api.vm.PolyglotEngine$PolyglotEvalRootNode.initialize(PolyglotEngine.java:956)
	at com.oracle.truffle.api.vm.PolyglotEngine$PolyglotEvalRootNode.executeImpl(PolyglotEngine.java:948)
	at com.oracle.truffle.api.vm.PolyglotEngine$PolyglotRootNode.execute(PolyglotEngine.java:913)
	at com.oracle.truffle.api.impl.DefaultCallTarget.call(DefaultCallTarget.java:77)
	at com.oracle.truffle.api.vm.PolyglotEngine.evalImpl(PolyglotEngine.java:606)
	at com.oracle.truffle.api.vm.PolyglotEngine.evalImpl(PolyglotEngine.java:586)
	at com.oracle.truffle.api.vm.PolyglotEngine.eval(PolyglotEngine.java:527)
	at cz.cuni.mff.d3s.trupple.JUnitTest.test(JUnitTest.java:83)
	at cz.cuni.mff.d3s.trupple.JUnitTest.test(JUnitTest.java:76)
	at cz.cuni.mff.d3s.trupple.JUnitTest.test(JUnitTest.java:71)
	at cz.cuni.mff.d3s.trupple.UnitTest.simpleTest(UnitTest.java:90)
	at sun.reflect.NativeMethodAccessorImpl.invoke0(Native Method)
	at sun.reflect.NativeMethodAccessorImpl.invoke(NativeMethodAccessorImpl.java:62)
	at sun.reflect.DelegatingMethodAccessorImpl.invoke(DelegatingMethodAccessorImpl.java:43)
	at java.lang.reflect.Method.invoke(Method.java:498)
	at org.junit.runners.model.FrameworkMethod$1.runReflectiveCall(FrameworkMethod.java:47)
	at org.junit.internal.runners.model.ReflectiveCallable.run(ReflectiveCallable.java:12)
	at org.junit.runners.model.FrameworkMethod.invokeExplosively(FrameworkMethod.java:44)
	at org.junit.internal.runners.statements.InvokeMethod.evaluate(InvokeMethod.java:17)
	at org.junit.internal.runners.statements.RunBefores.evaluate(RunBefores.java:26)
	at org.junit.runners.ParentRunner.runLeaf(ParentRunner.java:271)
	at org.junit.runners.BlockJUnit4ClassRunner.runChild(BlockJUnit4ClassRunner.java:70)
	at org.junit.runners.BlockJUnit4ClassRunner.runChild(BlockJUnit4ClassRunner.java:50)
	at org.junit.runners.ParentRunner$3.run(ParentRunner.java:238)
	at org.junit.runners.ParentRunner$1.schedule(ParentRunner.java:63)
	at org.junit.runners.ParentRunner.runChildren(ParentRunner.java:236)
	at org.junit.runners.ParentRunner.access$000(ParentRunner.java:53)
	at org.junit.runners.ParentRunner$2.evaluate(ParentRunner.java:229)
	at org.junit.runners.ParentRunner.run(ParentRunner.java:309)
	at org.apache.maven.surefire.junit4.JUnit4Provider.execute(JUnit4Provider.java:252)
	at org.apache.maven.surefire.junit4.JUnit4Provider.executeTestSet(JUnit4Provider.java:141)
	at org.apache.maven.surefire.junit4.JUnit4Provider.invoke(JUnit4Provider.java:112)
	at sun.reflect.NativeMethodAccessorImpl.invoke0(Native Method)
	at sun.reflect.NativeMethodAccessorImpl.invoke(NativeMethodAccessorImpl.java:62)
	at sun.reflect.DelegatingMethodAccessorImpl.invoke(DelegatingMethodAccessorImpl.java:43)
	at java.lang.reflect.Method.invoke(Method.java:498)
	at org.apache.maven.surefire.util.ReflectionUtils.invokeMethodWithArray(ReflectionUtils.java:189)
	at org.apache.maven.surefire.booter.ProviderFactory$ProviderProxy.invoke(ProviderFactory.java:165)
	at org.apache.maven.surefire.booter.ProviderFactory.invokeProvider(ProviderFactory.java:85)
	at org.apache.maven.surefire.booter.ForkedBooter.runSuitesInProcess(ForkedBooter.java:115)
	at org.apache.maven.surefire.booter.ForkedBooter.main(ForkedBooter.java:75)

recursiveUnitWithRecordTest(cz.cuni.mff.d3s.trupple.UnitTest)  Time elapsed: 0 sec  <<< ERROR!
java.lang.NullPointerException
	at cz.cuni.mff.d3s.trupple.parser.identifierstable.IdentifiersTable.registerNewIdentifier(IdentifiersTable.java:308)
	at cz.cuni.mff.d3s.trupple.parser.identifierstable.IdentifiersTable.addVariable(IdentifiersTable.java:202)
	at cz.cuni.mff.d3s.trupple.parser.LexicalScope.registerLocalVariable(LexicalScope.java:155)
	at cz.cuni.mff.d3s.trupple.parser.NodeFactory.registerVariables(NodeFactory.java:215)
	at cz.cuni.mff.d3s.trupple.parser.tp.Parser.VariableLineDeclaration(Parser.java:423)
	at cz.cuni.mff.d3s.trupple.parser.tp.Parser.VariableDeclarations(Parser.java:228)
	at cz.cuni.mff.d3s.trupple.parser.tp.Parser.Declaration(Parser.java:187)
	at cz.cuni.mff.d3s.trupple.parser.tp.Parser.Declarations(Parser.java:145)
	at cz.cuni.mff.d3s.trupple.parser.tp.Parser.Pascal(Parser.java:110)
	at cz.cuni.mff.d3s.trupple.parser.tp.Parser.Parse(Parser.java:1304)
	at cz.cuni.mff.d3s.trupple.language.PascalLanguage.parseSource(PascalLanguage.java:110)
	at cz.cuni.mff.d3s.trupple.language.PascalLanguage.parse(PascalLanguage.java:85)
	at com.oracle.truffle.api.TruffleLanguage$ParsingRequest.parse(TruffleLanguage.java:352)
	at com.oracle.truffle.api.TruffleLanguage$LanguageImpl.parseForLanguage(TruffleLanguage.java:875)
	at com.oracle.truffle.api.TruffleLanguage$LanguageImpl.parse(TruffleLanguage.java:862)
	at com.oracle.truffle.api.vm.PolyglotEngine$PolyglotEvalRootNode.initialize(PolyglotEngine.java:956)
	at com.oracle.truffle.api.vm.PolyglotEngine$PolyglotEvalRootNode.executeImpl(PolyglotEngine.java:948)
	at com.oracle.truffle.api.vm.PolyglotEngine$PolyglotRootNode.execute(PolyglotEngine.java:913)
	at com.oracle.truffle.api.impl.DefaultCallTarget.call(DefaultCallTarget.java:77)
	at com.oracle.truffle.api.vm.PolyglotEngine.evalImpl(PolyglotEngine.java:606)
	at com.oracle.truffle.api.vm.PolyglotEngine.evalImpl(PolyglotEngine.java:586)
	at com.oracle.truffle.api.vm.PolyglotEngine.eval(PolyglotEngine.java:527)
	at cz.cuni.mff.d3s.trupple.JUnitTest.test(JUnitTest.java:83)
	at cz.cuni.mff.d3s.trupple.JUnitTest.test(JUnitTest.java:76)
	at cz.cuni.mff.d3s.trupple.JUnitTest.test(JUnitTest.java:71)
	at cz.cuni.mff.d3s.trupple.UnitTest.recursiveUnitWithRecordTest(UnitTest.java:108)
	at sun.reflect.NativeMethodAccessorImpl.invoke0(Native Method)
	at sun.reflect.NativeMethodAccessorImpl.invoke(NativeMethodAccessorImpl.java:62)
	at sun.reflect.DelegatingMethodAccessorImpl.invoke(DelegatingMethodAccessorImpl.java:43)
	at java.lang.reflect.Method.invoke(Method.java:498)
	at org.junit.runners.model.FrameworkMethod$1.runReflectiveCall(FrameworkMethod.java:47)
	at org.junit.internal.runners.model.ReflectiveCallable.run(ReflectiveCallable.java:12)
	at org.junit.runners.model.FrameworkMethod.invokeExplosively(FrameworkMethod.java:44)
	at org.junit.internal.runners.statements.InvokeMethod.evaluate(InvokeMethod.java:17)
	at org.junit.internal.runners.statements.RunBefores.evaluate(RunBefores.java:26)
	at org.junit.runners.ParentRunner.runLeaf(ParentRunner.java:271)
	at org.junit.runners.BlockJUnit4ClassRunner.runChild(BlockJUnit4ClassRunner.java:70)
	at org.junit.runners.BlockJUnit4ClassRunner.runChild(BlockJUnit4ClassRunner.java:50)
	at org.junit.runners.ParentRunner$3.run(ParentRunner.java:238)
	at org.junit.runners.ParentRunner$1.schedule(ParentRunner.java:63)
	at org.junit.runners.ParentRunner.runChildren(ParentRunner.java:236)
	at org.junit.runners.ParentRunner.access$000(ParentRunner.java:53)
	at org.junit.runners.ParentRunner$2.evaluate(ParentRunner.java:229)
	at org.junit.runners.ParentRunner.run(ParentRunner.java:309)
	at org.apache.maven.surefire.junit4.JUnit4Provider.execute(JUnit4Provider.java:252)
	at org.apache.maven.surefire.junit4.JUnit4Provider.executeTestSet(JUnit4Provider.java:141)
	at org.apache.maven.surefire.junit4.JUnit4Provider.invoke(JUnit4Provider.java:112)
	at sun.reflect.NativeMethodAccessorImpl.invoke0(Native Method)
	at sun.reflect.NativeMethodAccessorImpl.invoke(NativeMethodAccessorImpl.java:62)
	at sun.reflect.DelegatingMethodAccessorImpl.invoke(DelegatingMethodAccessorImpl.java:43)
	at java.lang.reflect.Method.invoke(Method.java:498)
	at org.apache.maven.surefire.util.ReflectionUtils.invokeMethodWithArray(ReflectionUtils.java:189)
	at org.apache.maven.surefire.booter.ProviderFactory$ProviderProxy.invoke(ProviderFactory.java:165)
	at org.apache.maven.surefire.booter.ProviderFactory.invokeProvider(ProviderFactory.java:85)
	at org.apache.maven.surefire.booter.ForkedBooter.runSuitesInProcess(ForkedBooter.java:115)
	at org.apache.maven.surefire.booter.ForkedBooter.main(ForkedBooter.java:75)

