-------------------------------------------------------------------------------
Test set: cz.cuni.mff.d3s.trupple.TestAll
-------------------------------------------------------------------------------
Tests run: 142, Failures: 0, Errors: 13, Skipped: 0, Time elapsed: 0.92 sec <<< FAILURE!
correctReadBehaviourTest(cz.cuni.mff.d3s.trupple.ReadTest)  Time elapsed: 0.04 sec  <<< ERROR!
java.util.NoSuchElementException
	at java.util.Scanner.throwFor(Scanner.java:862)
	at java.util.Scanner.next(Scanner.java:1371)
	at cz.cuni.mff.d3s.trupple.language.nodes.builtin.io.ReadBuiltinNode.readChar(ReadBuiltinNode.java:104)
	at cz.cuni.mff.d3s.trupple.language.nodes.builtin.io.ReadBuiltinNode.readOneToReference(ReadBuiltinNode.java:77)
	at cz.cuni.mff.d3s.trupple.language.nodes.builtin.io.ReadBuiltinNode.read(ReadBuiltinNode.java:67)
	at cz.cuni.mff.d3s.trupple.language.nodes.builtin.io.ReadBuiltinNode.read(ReadBuiltinNode.java:39)
	at cz.cuni.mff.d3s.trupple.language.nodes.builtin.io.ReadBuiltinNodeFactory$ReadBuiltinNodeGen.executeVoid(ReadBuiltinNodeFactory.java:84)
	at cz.cuni.mff.d3s.trupple.language.nodes.function.ProcedureWrapExpressionNode.executeGeneric(ProcedureWrapExpressionNode.java:20)
	at cz.cuni.mff.d3s.trupple.language.nodes.root.PascalRootNode.execute(PascalRootNode.java:27)
	at com.oracle.truffle.api.impl.DefaultCallTarget.call(DefaultCallTarget.java:77)
	at cz.cuni.mff.d3s.trupple.language.nodes.call.InvokeNode.invoke(InvokeNode.java:37)
	at cz.cuni.mff.d3s.trupple.language.nodes.call.InvokeNodeGen.executeGeneric(InvokeNodeGen.java:25)
	at cz.cuni.mff.d3s.trupple.language.nodes.call.InvokeNodeGen.executeVoid(InvokeNodeGen.java:30)
	at cz.cuni.mff.d3s.trupple.language.nodes.statement.BlockNode.executeVoid(BlockNode.java:27)
	at cz.cuni.mff.d3s.trupple.language.nodes.statement.ExtendedBlockNode.executeVoid(ExtendedBlockNode.java:68)
	at cz.cuni.mff.d3s.trupple.language.nodes.statement.BlockNode.executeVoid(BlockNode.java:27)
	at cz.cuni.mff.d3s.trupple.language.nodes.function.ProcedureBodyNode.executeVoid(ProcedureBodyNode.java:20)
	at cz.cuni.mff.d3s.trupple.language.nodes.function.ProcedureWrapExpressionNode.executeGeneric(ProcedureWrapExpressionNode.java:20)
	at cz.cuni.mff.d3s.trupple.language.nodes.root.PascalRootNode.execute(PascalRootNode.java:27)
	at com.oracle.truffle.api.impl.DefaultCallTarget.callDirectOrIndirect(DefaultCallTarget.java:63)
	at com.oracle.truffle.api.impl.DefaultDirectCallNode.call(DefaultDirectCallNode.java:44)
	at com.oracle.truffle.api.vm.PolyglotEngine$PolyglotEvalRootNode.executeImpl(PolyglotEngine.java:951)
	at com.oracle.truffle.api.vm.PolyglotEngine$PolyglotRootNode.execute(PolyglotEngine.java:913)
	at com.oracle.truffle.api.impl.DefaultCallTarget.call(DefaultCallTarget.java:77)
	at com.oracle.truffle.api.vm.PolyglotEngine.evalImpl(PolyglotEngine.java:606)
	at com.oracle.truffle.api.vm.PolyglotEngine.evalImpl(PolyglotEngine.java:586)
	at com.oracle.truffle.api.vm.PolyglotEngine.eval(PolyglotEngine.java:527)
	at cz.cuni.mff.d3s.trupple.JUnitTest.test(JUnitTest.java:83)
	at cz.cuni.mff.d3s.trupple.JUnitTest.test(JUnitTest.java:76)
	at cz.cuni.mff.d3s.trupple.JUnitTest.test(JUnitTest.java:71)
	at cz.cuni.mff.d3s.trupple.JUnitTest.test(JUnitTest.java:63)
	at cz.cuni.mff.d3s.trupple.JUnitTest.testWithInput(JUnitTest.java:55)
	at cz.cuni.mff.d3s.trupple.JUnitTest.testWithInput(JUnitTest.java:50)
	at cz.cuni.mff.d3s.trupple.ReadTest.correctReadBehaviourTest(ReadTest.java:31)
	at sun.reflect.NativeMethodAccessorImpl.invoke0(Native Method)
	at sun.reflect.NativeMethodAccessorImpl.invoke(NativeMethodAccessorImpl.java:62)
	at sun.reflect.DelegatingMethodAccessorImpl.invoke(DelegatingMethodAccessorImpl.java:43)
	at java.lang.reflect.Method.invoke(Method.java:498)
	at org.junit.runners.model.FrameworkMethod$1.runReflectiveCall(FrameworkMethod.java:47)
	at org.junit.internal.runners.model.ReflectiveCallable.run(ReflectiveCallable.java:12)
	at org.junit.runners.model.FrameworkMethod.invokeExplosively(FrameworkMethod.java:44)
	at org.junit.internal.runners.statements.InvokeMethod.evaluate(InvokeMethod.java:17)
	at org.junit.internal.runners.statements.RunBefores.evaluate(RunBefores.java:26)
	at org.junit.runners.ParentRunner.runLeaf(ParentRunner.java:271)
	at org.junit.runners.BlockJUnit4ClassRunner.runChild(BlockJUnit4ClassRunner.java:70)
	at org.junit.runners.BlockJUnit4ClassRunner.runChild(BlockJUnit4ClassRunner.java:50)
	at org.junit.runners.ParentRunner$3.run(ParentRunner.java:238)
	at org.junit.runners.ParentRunner$1.schedule(ParentRunner.java:63)
	at org.junit.runners.ParentRunner.runChildren(ParentRunner.java:236)
	at org.junit.runners.ParentRunner.access$000(ParentRunner.java:53)
	at org.junit.runners.ParentRunner$2.evaluate(ParentRunner.java:229)
	at org.junit.runners.ParentRunner.run(ParentRunner.java:309)
	at org.junit.runners.Suite.runChild(Suite.java:127)
	at org.junit.runners.Suite.runChild(Suite.java:26)
	at org.junit.runners.ParentRunner$3.run(ParentRunner.java:238)
	at org.junit.runners.ParentRunner$1.schedule(ParentRunner.java:63)
	at org.junit.runners.ParentRunner.runChildren(ParentRunner.java:236)
	at org.junit.runners.ParentRunner.access$000(ParentRunner.java:53)
	at org.junit.runners.ParentRunner$2.evaluate(ParentRunner.java:229)
	at org.junit.runners.ParentRunner.run(ParentRunner.java:309)
	at org.apache.maven.surefire.junit4.JUnit4Provider.execute(JUnit4Provider.java:252)
	at org.apache.maven.surefire.junit4.JUnit4Provider.executeTestSet(JUnit4Provider.java:141)
	at org.apache.maven.surefire.junit4.JUnit4Provider.invoke(JUnit4Provider.java:112)
	at sun.reflect.NativeMethodAccessorImpl.invoke0(Native Method)
	at sun.reflect.NativeMethodAccessorImpl.invoke(NativeMethodAccessorImpl.java:62)
	at sun.reflect.DelegatingMethodAccessorImpl.invoke(DelegatingMethodAccessorImpl.java:43)
	at java.lang.reflect.Method.invoke(Method.java:498)
	at org.apache.maven.surefire.util.ReflectionUtils.invokeMethodWithArray(ReflectionUtils.java:189)
	at org.apache.maven.surefire.booter.ProviderFactory$ProviderProxy.invoke(ProviderFactory.java:165)
	at org.apache.maven.surefire.booter.ProviderFactory.invokeProvider(ProviderFactory.java:85)
	at org.apache.maven.surefire.booter.ForkedBooter.runSuitesInProcess(ForkedBooter.java:115)
	at org.apache.maven.surefire.booter.ForkedBooter.main(ForkedBooter.java:75)

mutipleReadLnOnMultipleLinesTest(cz.cuni.mff.d3s.trupple.ReadTest)  Time elapsed: 0.01 sec  <<< ERROR!
java.util.NoSuchElementException
	at java.util.Scanner.throwFor(Scanner.java:862)
	at java.util.Scanner.next(Scanner.java:1485)
	at java.util.Scanner.nextLong(Scanner.java:2222)
	at java.util.Scanner.nextLong(Scanner.java:2182)
	at cz.cuni.mff.d3s.trupple.language.nodes.builtin.io.ReadBuiltinNode.readLong(ReadBuiltinNode.java:132)
	at cz.cuni.mff.d3s.trupple.language.nodes.builtin.io.ReadBuiltinNode.readOneToReference(ReadBuiltinNode.java:85)
	at cz.cuni.mff.d3s.trupple.language.nodes.builtin.io.ReadBuiltinNode.read(ReadBuiltinNode.java:67)
	at cz.cuni.mff.d3s.trupple.language.nodes.builtin.io.ReadBuiltinNode.read(ReadBuiltinNode.java:39)
	at cz.cuni.mff.d3s.trupple.language.nodes.builtin.io.ReadlnBuiltinNode.read(ReadlnBuiltinNode.java:16)
	at cz.cuni.mff.d3s.trupple.language.nodes.builtin.io.ReadlnBuiltinNodeFactory$ReadlnBuiltinNodeGen.executeVoid(ReadlnBuiltinNodeFactory.java:84)
	at cz.cuni.mff.d3s.trupple.language.nodes.function.ProcedureWrapExpressionNode.executeGeneric(ProcedureWrapExpressionNode.java:20)
	at cz.cuni.mff.d3s.trupple.language.nodes.root.PascalRootNode.execute(PascalRootNode.java:27)
	at com.oracle.truffle.api.impl.DefaultCallTarget.call(DefaultCallTarget.java:77)
	at cz.cuni.mff.d3s.trupple.language.nodes.call.InvokeNode.invoke(InvokeNode.java:37)
	at cz.cuni.mff.d3s.trupple.language.nodes.call.InvokeNodeGen.executeGeneric(InvokeNodeGen.java:25)
	at cz.cuni.mff.d3s.trupple.language.nodes.call.InvokeNodeGen.executeVoid(InvokeNodeGen.java:30)
	at cz.cuni.mff.d3s.trupple.language.nodes.statement.BlockNode.executeVoid(BlockNode.java:27)
	at cz.cuni.mff.d3s.trupple.language.nodes.statement.ExtendedBlockNode.executeVoid(ExtendedBlockNode.java:68)
	at cz.cuni.mff.d3s.trupple.language.nodes.statement.BlockNode.executeVoid(BlockNode.java:27)
	at cz.cuni.mff.d3s.trupple.language.nodes.function.ProcedureBodyNode.executeVoid(ProcedureBodyNode.java:20)
	at cz.cuni.mff.d3s.trupple.language.nodes.function.ProcedureWrapExpressionNode.executeGeneric(ProcedureWrapExpressionNode.java:20)
	at cz.cuni.mff.d3s.trupple.language.nodes.root.PascalRootNode.execute(PascalRootNode.java:27)
	at com.oracle.truffle.api.impl.DefaultCallTarget.callDirectOrIndirect(DefaultCallTarget.java:63)
	at com.oracle.truffle.api.impl.DefaultDirectCallNode.call(DefaultDirectCallNode.java:44)
	at com.oracle.truffle.api.vm.PolyglotEngine$PolyglotEvalRootNode.executeImpl(PolyglotEngine.java:951)
	at com.oracle.truffle.api.vm.PolyglotEngine$PolyglotRootNode.execute(PolyglotEngine.java:913)
	at com.oracle.truffle.api.impl.DefaultCallTarget.call(DefaultCallTarget.java:77)
	at com.oracle.truffle.api.vm.PolyglotEngine.evalImpl(PolyglotEngine.java:606)
	at com.oracle.truffle.api.vm.PolyglotEngine.evalImpl(PolyglotEngine.java:586)
	at com.oracle.truffle.api.vm.PolyglotEngine.eval(PolyglotEngine.java:527)
	at cz.cuni.mff.d3s.trupple.JUnitTest.test(JUnitTest.java:83)
	at cz.cuni.mff.d3s.trupple.JUnitTest.test(JUnitTest.java:76)
	at cz.cuni.mff.d3s.trupple.JUnitTest.test(JUnitTest.java:71)
	at cz.cuni.mff.d3s.trupple.JUnitTest.test(JUnitTest.java:63)
	at cz.cuni.mff.d3s.trupple.JUnitTest.testWithInput(JUnitTest.java:55)
	at cz.cuni.mff.d3s.trupple.JUnitTest.testWithInput(JUnitTest.java:50)
	at cz.cuni.mff.d3s.trupple.ReadTest.mutipleReadLnOnMultipleLinesTest(ReadTest.java:60)
	at sun.reflect.NativeMethodAccessorImpl.invoke0(Native Method)
	at sun.reflect.NativeMethodAccessorImpl.invoke(NativeMethodAccessorImpl.java:62)
	at sun.reflect.DelegatingMethodAccessorImpl.invoke(DelegatingMethodAccessorImpl.java:43)
	at java.lang.reflect.Method.invoke(Method.java:498)
	at org.junit.runners.model.FrameworkMethod$1.runReflectiveCall(FrameworkMethod.java:47)
	at org.junit.internal.runners.model.ReflectiveCallable.run(ReflectiveCallable.java:12)
	at org.junit.runners.model.FrameworkMethod.invokeExplosively(FrameworkMethod.java:44)
	at org.junit.internal.runners.statements.InvokeMethod.evaluate(InvokeMethod.java:17)
	at org.junit.internal.runners.statements.RunBefores.evaluate(RunBefores.java:26)
	at org.junit.runners.ParentRunner.runLeaf(ParentRunner.java:271)
	at org.junit.runners.BlockJUnit4ClassRunner.runChild(BlockJUnit4ClassRunner.java:70)
	at org.junit.runners.BlockJUnit4ClassRunner.runChild(BlockJUnit4ClassRunner.java:50)
	at org.junit.runners.ParentRunner$3.run(ParentRunner.java:238)
	at org.junit.runners.ParentRunner$1.schedule(ParentRunner.java:63)
	at org.junit.runners.ParentRunner.runChildren(ParentRunner.java:236)
	at org.junit.runners.ParentRunner.access$000(ParentRunner.java:53)
	at org.junit.runners.ParentRunner$2.evaluate(ParentRunner.java:229)
	at org.junit.runners.ParentRunner.run(ParentRunner.java:309)
	at org.junit.runners.Suite.runChild(Suite.java:127)
	at org.junit.runners.Suite.runChild(Suite.java:26)
	at org.junit.runners.ParentRunner$3.run(ParentRunner.java:238)
	at org.junit.runners.ParentRunner$1.schedule(ParentRunner.java:63)
	at org.junit.runners.ParentRunner.runChildren(ParentRunner.java:236)
	at org.junit.runners.ParentRunner.access$000(ParentRunner.java:53)
	at org.junit.runners.ParentRunner$2.evaluate(ParentRunner.java:229)
	at org.junit.runners.ParentRunner.run(ParentRunner.java:309)
	at org.apache.maven.surefire.junit4.JUnit4Provider.execute(JUnit4Provider.java:252)
	at org.apache.maven.surefire.junit4.JUnit4Provider.executeTestSet(JUnit4Provider.java:141)
	at org.apache.maven.surefire.junit4.JUnit4Provider.invoke(JUnit4Provider.java:112)
	at sun.reflect.NativeMethodAccessorImpl.invoke0(Native Method)
	at sun.reflect.NativeMethodAccessorImpl.invoke(NativeMethodAccessorImpl.java:62)
	at sun.reflect.DelegatingMethodAccessorImpl.invoke(DelegatingMethodAccessorImpl.java:43)
	at java.lang.reflect.Method.invoke(Method.java:498)
	at org.apache.maven.surefire.util.ReflectionUtils.invokeMethodWithArray(ReflectionUtils.java:189)
	at org.apache.maven.surefire.booter.ProviderFactory$ProviderProxy.invoke(ProviderFactory.java:165)
	at org.apache.maven.surefire.booter.ProviderFactory.invokeProvider(ProviderFactory.java:85)
	at org.apache.maven.surefire.booter.ForkedBooter.runSuitesInProcess(ForkedBooter.java:115)
	at org.apache.maven.surefire.booter.ForkedBooter.main(ForkedBooter.java:75)

simpleCalculationBasedOnInputTest(cz.cuni.mff.d3s.trupple.ReadTest)  Time elapsed: 0.005 sec  <<< ERROR!
java.util.NoSuchElementException: No line found
	at java.util.Scanner.nextLine(Scanner.java:1540)
	at cz.cuni.mff.d3s.trupple.language.nodes.builtin.io.ReadlnBuiltinNode.consumeNewLine(ReadlnBuiltinNode.java:22)
	at cz.cuni.mff.d3s.trupple.language.nodes.builtin.io.ReadlnBuiltinNode.read(ReadlnBuiltinNode.java:17)
	at cz.cuni.mff.d3s.trupple.language.nodes.builtin.io.ReadlnBuiltinNodeFactory$ReadlnBuiltinNodeGen.executeVoid(ReadlnBuiltinNodeFactory.java:84)
	at cz.cuni.mff.d3s.trupple.language.nodes.function.ProcedureWrapExpressionNode.executeGeneric(ProcedureWrapExpressionNode.java:20)
	at cz.cuni.mff.d3s.trupple.language.nodes.root.PascalRootNode.execute(PascalRootNode.java:27)
	at com.oracle.truffle.api.impl.DefaultCallTarget.call(DefaultCallTarget.java:77)
	at cz.cuni.mff.d3s.trupple.language.nodes.call.InvokeNode.invoke(InvokeNode.java:37)
	at cz.cuni.mff.d3s.trupple.language.nodes.call.InvokeNodeGen.executeGeneric(InvokeNodeGen.java:25)
	at cz.cuni.mff.d3s.trupple.language.nodes.call.InvokeNodeGen.executeVoid(InvokeNodeGen.java:30)
	at cz.cuni.mff.d3s.trupple.language.nodes.statement.BlockNode.executeVoid(BlockNode.java:27)
	at cz.cuni.mff.d3s.trupple.language.nodes.statement.ExtendedBlockNode.executeVoid(ExtendedBlockNode.java:68)
	at cz.cuni.mff.d3s.trupple.language.nodes.statement.BlockNode.executeVoid(BlockNode.java:27)
	at cz.cuni.mff.d3s.trupple.language.nodes.function.ProcedureBodyNode.executeVoid(ProcedureBodyNode.java:20)
	at cz.cuni.mff.d3s.trupple.language.nodes.function.ProcedureWrapExpressionNode.executeGeneric(ProcedureWrapExpressionNode.java:20)
	at cz.cuni.mff.d3s.trupple.language.nodes.root.PascalRootNode.execute(PascalRootNode.java:27)
	at com.oracle.truffle.api.impl.DefaultCallTarget.callDirectOrIndirect(DefaultCallTarget.java:63)
	at com.oracle.truffle.api.impl.DefaultDirectCallNode.call(DefaultDirectCallNode.java:44)
	at com.oracle.truffle.api.vm.PolyglotEngine$PolyglotEvalRootNode.executeImpl(PolyglotEngine.java:951)
	at com.oracle.truffle.api.vm.PolyglotEngine$PolyglotRootNode.execute(PolyglotEngine.java:913)
	at com.oracle.truffle.api.impl.DefaultCallTarget.call(DefaultCallTarget.java:77)
	at com.oracle.truffle.api.vm.PolyglotEngine.evalImpl(PolyglotEngine.java:606)
	at com.oracle.truffle.api.vm.PolyglotEngine.evalImpl(PolyglotEngine.java:586)
	at com.oracle.truffle.api.vm.PolyglotEngine.eval(PolyglotEngine.java:527)
	at cz.cuni.mff.d3s.trupple.JUnitTest.test(JUnitTest.java:83)
	at cz.cuni.mff.d3s.trupple.JUnitTest.test(JUnitTest.java:76)
	at cz.cuni.mff.d3s.trupple.JUnitTest.test(JUnitTest.java:71)
	at cz.cuni.mff.d3s.trupple.JUnitTest.test(JUnitTest.java:63)
	at cz.cuni.mff.d3s.trupple.JUnitTest.testWithInput(JUnitTest.java:55)
	at cz.cuni.mff.d3s.trupple.JUnitTest.testWithInput(JUnitTest.java:50)
	at cz.cuni.mff.d3s.trupple.ReadTest.simpleCalculationBasedOnInputTest(ReadTest.java:77)
	at sun.reflect.NativeMethodAccessorImpl.invoke0(Native Method)
	at sun.reflect.NativeMethodAccessorImpl.invoke(NativeMethodAccessorImpl.java:62)
	at sun.reflect.DelegatingMethodAccessorImpl.invoke(DelegatingMethodAccessorImpl.java:43)
	at java.lang.reflect.Method.invoke(Method.java:498)
	at org.junit.runners.model.FrameworkMethod$1.runReflectiveCall(FrameworkMethod.java:47)
	at org.junit.internal.runners.model.ReflectiveCallable.run(ReflectiveCallable.java:12)
	at org.junit.runners.model.FrameworkMethod.invokeExplosively(FrameworkMethod.java:44)
	at org.junit.internal.runners.statements.InvokeMethod.evaluate(InvokeMethod.java:17)
	at org.junit.internal.runners.statements.RunBefores.evaluate(RunBefores.java:26)
	at org.junit.runners.ParentRunner.runLeaf(ParentRunner.java:271)
	at org.junit.runners.BlockJUnit4ClassRunner.runChild(BlockJUnit4ClassRunner.java:70)
	at org.junit.runners.BlockJUnit4ClassRunner.runChild(BlockJUnit4ClassRunner.java:50)
	at org.junit.runners.ParentRunner$3.run(ParentRunner.java:238)
	at org.junit.runners.ParentRunner$1.schedule(ParentRunner.java:63)
	at org.junit.runners.ParentRunner.runChildren(ParentRunner.java:236)
	at org.junit.runners.ParentRunner.access$000(ParentRunner.java:53)
	at org.junit.runners.ParentRunner$2.evaluate(ParentRunner.java:229)
	at org.junit.runners.ParentRunner.run(ParentRunner.java:309)
	at org.junit.runners.Suite.runChild(Suite.java:127)
	at org.junit.runners.Suite.runChild(Suite.java:26)
	at org.junit.runners.ParentRunner$3.run(ParentRunner.java:238)
	at org.junit.runners.ParentRunner$1.schedule(ParentRunner.java:63)
	at org.junit.runners.ParentRunner.runChildren(ParentRunner.java:236)
	at org.junit.runners.ParentRunner.access$000(ParentRunner.java:53)
	at org.junit.runners.ParentRunner$2.evaluate(ParentRunner.java:229)
	at org.junit.runners.ParentRunner.run(ParentRunner.java:309)
	at org.apache.maven.surefire.junit4.JUnit4Provider.execute(JUnit4Provider.java:252)
	at org.apache.maven.surefire.junit4.JUnit4Provider.executeTestSet(JUnit4Provider.java:141)
	at org.apache.maven.surefire.junit4.JUnit4Provider.invoke(JUnit4Provider.java:112)
	at sun.reflect.NativeMethodAccessorImpl.invoke0(Native Method)
	at sun.reflect.NativeMethodAccessorImpl.invoke(NativeMethodAccessorImpl.java:62)
	at sun.reflect.DelegatingMethodAccessorImpl.invoke(DelegatingMethodAccessorImpl.java:43)
	at java.lang.reflect.Method.invoke(Method.java:498)
	at org.apache.maven.surefire.util.ReflectionUtils.invokeMethodWithArray(ReflectionUtils.java:189)
	at org.apache.maven.surefire.booter.ProviderFactory$ProviderProxy.invoke(ProviderFactory.java:165)
	at org.apache.maven.surefire.booter.ProviderFactory.invokeProvider(ProviderFactory.java:85)
	at org.apache.maven.surefire.booter.ForkedBooter.runSuitesInProcess(ForkedBooter.java:115)
	at org.apache.maven.surefire.booter.ForkedBooter.main(ForkedBooter.java:75)

multipleReadOnOneLineTest(cz.cuni.mff.d3s.trupple.ReadTest)  Time elapsed: 0.005 sec  <<< ERROR!
java.util.NoSuchElementException
	at java.util.Scanner.throwFor(Scanner.java:862)
	at java.util.Scanner.next(Scanner.java:1485)
	at java.util.Scanner.nextLong(Scanner.java:2222)
	at java.util.Scanner.nextLong(Scanner.java:2182)
	at cz.cuni.mff.d3s.trupple.language.nodes.builtin.io.ReadBuiltinNode.readLong(ReadBuiltinNode.java:132)
	at cz.cuni.mff.d3s.trupple.language.nodes.builtin.io.ReadBuiltinNode.readOneToReference(ReadBuiltinNode.java:85)
	at cz.cuni.mff.d3s.trupple.language.nodes.builtin.io.ReadBuiltinNode.read(ReadBuiltinNode.java:67)
	at cz.cuni.mff.d3s.trupple.language.nodes.builtin.io.ReadBuiltinNode.read(ReadBuiltinNode.java:39)
	at cz.cuni.mff.d3s.trupple.language.nodes.builtin.io.ReadBuiltinNodeFactory$ReadBuiltinNodeGen.executeVoid(ReadBuiltinNodeFactory.java:84)
	at cz.cuni.mff.d3s.trupple.language.nodes.function.ProcedureWrapExpressionNode.executeGeneric(ProcedureWrapExpressionNode.java:20)
	at cz.cuni.mff.d3s.trupple.language.nodes.root.PascalRootNode.execute(PascalRootNode.java:27)
	at com.oracle.truffle.api.impl.DefaultCallTarget.call(DefaultCallTarget.java:77)
	at cz.cuni.mff.d3s.trupple.language.nodes.call.InvokeNode.invoke(InvokeNode.java:37)
	at cz.cuni.mff.d3s.trupple.language.nodes.call.InvokeNodeGen.executeGeneric(InvokeNodeGen.java:25)
	at cz.cuni.mff.d3s.trupple.language.nodes.call.InvokeNodeGen.executeVoid(InvokeNodeGen.java:30)
	at cz.cuni.mff.d3s.trupple.language.nodes.statement.BlockNode.executeVoid(BlockNode.java:27)
	at cz.cuni.mff.d3s.trupple.language.nodes.statement.ExtendedBlockNode.executeVoid(ExtendedBlockNode.java:68)
	at cz.cuni.mff.d3s.trupple.language.nodes.statement.BlockNode.executeVoid(BlockNode.java:27)
	at cz.cuni.mff.d3s.trupple.language.nodes.function.ProcedureBodyNode.executeVoid(ProcedureBodyNode.java:20)
	at cz.cuni.mff.d3s.trupple.language.nodes.function.ProcedureWrapExpressionNode.executeGeneric(ProcedureWrapExpressionNode.java:20)
	at cz.cuni.mff.d3s.trupple.language.nodes.root.PascalRootNode.execute(PascalRootNode.java:27)
	at com.oracle.truffle.api.impl.DefaultCallTarget.callDirectOrIndirect(DefaultCallTarget.java:63)
	at com.oracle.truffle.api.impl.DefaultDirectCallNode.call(DefaultDirectCallNode.java:44)
	at com.oracle.truffle.api.vm.PolyglotEngine$PolyglotEvalRootNode.executeImpl(PolyglotEngine.java:951)
	at com.oracle.truffle.api.vm.PolyglotEngine$PolyglotRootNode.execute(PolyglotEngine.java:913)
	at com.oracle.truffle.api.impl.DefaultCallTarget.call(DefaultCallTarget.java:77)
	at com.oracle.truffle.api.vm.PolyglotEngine.evalImpl(PolyglotEngine.java:606)
	at com.oracle.truffle.api.vm.PolyglotEngine.evalImpl(PolyglotEngine.java:586)
	at com.oracle.truffle.api.vm.PolyglotEngine.eval(PolyglotEngine.java:527)
	at cz.cuni.mff.d3s.trupple.JUnitTest.test(JUnitTest.java:83)
	at cz.cuni.mff.d3s.trupple.JUnitTest.test(JUnitTest.java:76)
	at cz.cuni.mff.d3s.trupple.JUnitTest.test(JUnitTest.java:71)
	at cz.cuni.mff.d3s.trupple.JUnitTest.test(JUnitTest.java:63)
	at cz.cuni.mff.d3s.trupple.JUnitTest.testWithInput(JUnitTest.java:55)
	at cz.cuni.mff.d3s.trupple.JUnitTest.testWithInput(JUnitTest.java:50)
	at cz.cuni.mff.d3s.trupple.ReadTest.multipleReadOnOneLineTest(ReadTest.java:44)
	at sun.reflect.NativeMethodAccessorImpl.invoke0(Native Method)
	at sun.reflect.NativeMethodAccessorImpl.invoke(NativeMethodAccessorImpl.java:62)
	at sun.reflect.DelegatingMethodAccessorImpl.invoke(DelegatingMethodAccessorImpl.java:43)
	at java.lang.reflect.Method.invoke(Method.java:498)
	at org.junit.runners.model.FrameworkMethod$1.runReflectiveCall(FrameworkMethod.java:47)
	at org.junit.internal.runners.model.ReflectiveCallable.run(ReflectiveCallable.java:12)
	at org.junit.runners.model.FrameworkMethod.invokeExplosively(FrameworkMethod.java:44)
	at org.junit.internal.runners.statements.InvokeMethod.evaluate(InvokeMethod.java:17)
	at org.junit.internal.runners.statements.RunBefores.evaluate(RunBefores.java:26)
	at org.junit.runners.ParentRunner.runLeaf(ParentRunner.java:271)
	at org.junit.runners.BlockJUnit4ClassRunner.runChild(BlockJUnit4ClassRunner.java:70)
	at org.junit.runners.BlockJUnit4ClassRunner.runChild(BlockJUnit4ClassRunner.java:50)
	at org.junit.runners.ParentRunner$3.run(ParentRunner.java:238)
	at org.junit.runners.ParentRunner$1.schedule(ParentRunner.java:63)
	at org.junit.runners.ParentRunner.runChildren(ParentRunner.java:236)
	at org.junit.runners.ParentRunner.access$000(ParentRunner.java:53)
	at org.junit.runners.ParentRunner$2.evaluate(ParentRunner.java:229)
	at org.junit.runners.ParentRunner.run(ParentRunner.java:309)
	at org.junit.runners.Suite.runChild(Suite.java:127)
	at org.junit.runners.Suite.runChild(Suite.java:26)
	at org.junit.runners.ParentRunner$3.run(ParentRunner.java:238)
	at org.junit.runners.ParentRunner$1.schedule(ParentRunner.java:63)
	at org.junit.runners.ParentRunner.runChildren(ParentRunner.java:236)
	at org.junit.runners.ParentRunner.access$000(ParentRunner.java:53)
	at org.junit.runners.ParentRunner$2.evaluate(ParentRunner.java:229)
	at org.junit.runners.ParentRunner.run(ParentRunner.java:309)
	at org.apache.maven.surefire.junit4.JUnit4Provider.execute(JUnit4Provider.java:252)
	at org.apache.maven.surefire.junit4.JUnit4Provider.executeTestSet(JUnit4Provider.java:141)
	at org.apache.maven.surefire.junit4.JUnit4Provider.invoke(JUnit4Provider.java:112)
	at sun.reflect.NativeMethodAccessorImpl.invoke0(Native Method)
	at sun.reflect.NativeMethodAccessorImpl.invoke(NativeMethodAccessorImpl.java:62)
	at sun.reflect.DelegatingMethodAccessorImpl.invoke(DelegatingMethodAccessorImpl.java:43)
	at java.lang.reflect.Method.invoke(Method.java:498)
	at org.apache.maven.surefire.util.ReflectionUtils.invokeMethodWithArray(ReflectionUtils.java:189)
	at org.apache.maven.surefire.booter.ProviderFactory$ProviderProxy.invoke(ProviderFactory.java:165)
	at org.apache.maven.surefire.booter.ProviderFactory.invokeProvider(ProviderFactory.java:85)
	at org.apache.maven.surefire.booter.ForkedBooter.runSuitesInProcess(ForkedBooter.java:115)
	at org.apache.maven.surefire.booter.ForkedBooter.main(ForkedBooter.java:75)

multipleLineEndingTypeTest(cz.cuni.mff.d3s.trupple.ReadTest)  Time elapsed: 0.005 sec  <<< ERROR!
java.util.NoSuchElementException
	at java.util.Scanner.throwFor(Scanner.java:862)
	at java.util.Scanner.next(Scanner.java:1485)
	at java.util.Scanner.nextLong(Scanner.java:2222)
	at java.util.Scanner.nextLong(Scanner.java:2182)
	at cz.cuni.mff.d3s.trupple.language.nodes.builtin.io.ReadBuiltinNode.readLong(ReadBuiltinNode.java:132)
	at cz.cuni.mff.d3s.trupple.language.nodes.builtin.io.ReadBuiltinNode.readOneToReference(ReadBuiltinNode.java:85)
	at cz.cuni.mff.d3s.trupple.language.nodes.builtin.io.ReadBuiltinNode.read(ReadBuiltinNode.java:67)
	at cz.cuni.mff.d3s.trupple.language.nodes.builtin.io.ReadBuiltinNode.read(ReadBuiltinNode.java:39)
	at cz.cuni.mff.d3s.trupple.language.nodes.builtin.io.ReadlnBuiltinNode.read(ReadlnBuiltinNode.java:16)
	at cz.cuni.mff.d3s.trupple.language.nodes.builtin.io.ReadlnBuiltinNodeFactory$ReadlnBuiltinNodeGen.executeVoid(ReadlnBuiltinNodeFactory.java:84)
	at cz.cuni.mff.d3s.trupple.language.nodes.function.ProcedureWrapExpressionNode.executeGeneric(ProcedureWrapExpressionNode.java:20)
	at cz.cuni.mff.d3s.trupple.language.nodes.root.PascalRootNode.execute(PascalRootNode.java:27)
	at com.oracle.truffle.api.impl.DefaultCallTarget.call(DefaultCallTarget.java:77)
	at cz.cuni.mff.d3s.trupple.language.nodes.call.InvokeNode.invoke(InvokeNode.java:37)
	at cz.cuni.mff.d3s.trupple.language.nodes.call.InvokeNodeGen.executeGeneric(InvokeNodeGen.java:25)
	at cz.cuni.mff.d3s.trupple.language.nodes.call.InvokeNodeGen.executeVoid(InvokeNodeGen.java:30)
	at cz.cuni.mff.d3s.trupple.language.nodes.statement.BlockNode.executeVoid(BlockNode.java:27)
	at cz.cuni.mff.d3s.trupple.language.nodes.statement.ExtendedBlockNode.executeVoid(ExtendedBlockNode.java:68)
	at cz.cuni.mff.d3s.trupple.language.nodes.statement.BlockNode.executeVoid(BlockNode.java:27)
	at cz.cuni.mff.d3s.trupple.language.nodes.function.ProcedureBodyNode.executeVoid(ProcedureBodyNode.java:20)
	at cz.cuni.mff.d3s.trupple.language.nodes.function.ProcedureWrapExpressionNode.executeGeneric(ProcedureWrapExpressionNode.java:20)
	at cz.cuni.mff.d3s.trupple.language.nodes.root.PascalRootNode.execute(PascalRootNode.java:27)
	at com.oracle.truffle.api.impl.DefaultCallTarget.callDirectOrIndirect(DefaultCallTarget.java:63)
	at com.oracle.truffle.api.impl.DefaultDirectCallNode.call(DefaultDirectCallNode.java:44)
	at com.oracle.truffle.api.vm.PolyglotEngine$PolyglotEvalRootNode.executeImpl(PolyglotEngine.java:951)
	at com.oracle.truffle.api.vm.PolyglotEngine$PolyglotRootNode.execute(PolyglotEngine.java:913)
	at com.oracle.truffle.api.impl.DefaultCallTarget.call(DefaultCallTarget.java:77)
	at com.oracle.truffle.api.vm.PolyglotEngine.evalImpl(PolyglotEngine.java:606)
	at com.oracle.truffle.api.vm.PolyglotEngine.evalImpl(PolyglotEngine.java:586)
	at com.oracle.truffle.api.vm.PolyglotEngine.eval(PolyglotEngine.java:527)
	at cz.cuni.mff.d3s.trupple.JUnitTest.test(JUnitTest.java:83)
	at cz.cuni.mff.d3s.trupple.JUnitTest.test(JUnitTest.java:76)
	at cz.cuni.mff.d3s.trupple.JUnitTest.test(JUnitTest.java:71)
	at cz.cuni.mff.d3s.trupple.JUnitTest.test(JUnitTest.java:63)
	at cz.cuni.mff.d3s.trupple.JUnitTest.testWithInput(JUnitTest.java:55)
	at cz.cuni.mff.d3s.trupple.JUnitTest.testWithInput(JUnitTest.java:50)
	at cz.cuni.mff.d3s.trupple.ReadTest.multipleLineEndingTypeTest(ReadTest.java:95)
	at sun.reflect.NativeMethodAccessorImpl.invoke0(Native Method)
	at sun.reflect.NativeMethodAccessorImpl.invoke(NativeMethodAccessorImpl.java:62)
	at sun.reflect.DelegatingMethodAccessorImpl.invoke(DelegatingMethodAccessorImpl.java:43)
	at java.lang.reflect.Method.invoke(Method.java:498)
	at org.junit.runners.model.FrameworkMethod$1.runReflectiveCall(FrameworkMethod.java:47)
	at org.junit.internal.runners.model.ReflectiveCallable.run(ReflectiveCallable.java:12)
	at org.junit.runners.model.FrameworkMethod.invokeExplosively(FrameworkMethod.java:44)
	at org.junit.internal.runners.statements.InvokeMethod.evaluate(InvokeMethod.java:17)
	at org.junit.internal.runners.statements.RunBefores.evaluate(RunBefores.java:26)
	at org.junit.runners.ParentRunner.runLeaf(ParentRunner.java:271)
	at org.junit.runners.BlockJUnit4ClassRunner.runChild(BlockJUnit4ClassRunner.java:70)
	at org.junit.runners.BlockJUnit4ClassRunner.runChild(BlockJUnit4ClassRunner.java:50)
	at org.junit.runners.ParentRunner$3.run(ParentRunner.java:238)
	at org.junit.runners.ParentRunner$1.schedule(ParentRunner.java:63)
	at org.junit.runners.ParentRunner.runChildren(ParentRunner.java:236)
	at org.junit.runners.ParentRunner.access$000(ParentRunner.java:53)
	at org.junit.runners.ParentRunner$2.evaluate(ParentRunner.java:229)
	at org.junit.runners.ParentRunner.run(ParentRunner.java:309)
	at org.junit.runners.Suite.runChild(Suite.java:127)
	at org.junit.runners.Suite.runChild(Suite.java:26)
	at org.junit.runners.ParentRunner$3.run(ParentRunner.java:238)
	at org.junit.runners.ParentRunner$1.schedule(ParentRunner.java:63)
	at org.junit.runners.ParentRunner.runChildren(ParentRunner.java:236)
	at org.junit.runners.ParentRunner.access$000(ParentRunner.java:53)
	at org.junit.runners.ParentRunner$2.evaluate(ParentRunner.java:229)
	at org.junit.runners.ParentRunner.run(ParentRunner.java:309)
	at org.apache.maven.surefire.junit4.JUnit4Provider.execute(JUnit4Provider.java:252)
	at org.apache.maven.surefire.junit4.JUnit4Provider.executeTestSet(JUnit4Provider.java:141)
	at org.apache.maven.surefire.junit4.JUnit4Provider.invoke(JUnit4Provider.java:112)
	at sun.reflect.NativeMethodAccessorImpl.invoke0(Native Method)
	at sun.reflect.NativeMethodAccessorImpl.invoke(NativeMethodAccessorImpl.java:62)
	at sun.reflect.DelegatingMethodAccessorImpl.invoke(DelegatingMethodAccessorImpl.java:43)
	at java.lang.reflect.Method.invoke(Method.java:498)
	at org.apache.maven.surefire.util.ReflectionUtils.invokeMethodWithArray(ReflectionUtils.java:189)
	at org.apache.maven.surefire.booter.ProviderFactory$ProviderProxy.invoke(ProviderFactory.java:165)
	at org.apache.maven.surefire.booter.ProviderFactory.invokeProvider(ProviderFactory.java:85)
	at org.apache.maven.surefire.booter.ForkedBooter.runSuitesInProcess(ForkedBooter.java:115)
	at org.apache.maven.surefire.booter.ForkedBooter.main(ForkedBooter.java:75)

simpleTest(cz.cuni.mff.d3s.trupple.UnitTest)  Time elapsed: 0.004 sec  <<< ERROR!
java.lang.NullPointerException
	at cz.cuni.mff.d3s.trupple.parser.identifierstable.IdentifiersTable.registerNewIdentifier(IdentifiersTable.java:308)
	at cz.cuni.mff.d3s.trupple.parser.identifierstable.IdentifiersTable.addVariable(IdentifiersTable.java:202)
	at cz.cuni.mff.d3s.trupple.parser.LexicalScope.registerLocalVariable(LexicalScope.java:155)
	at cz.cuni.mff.d3s.trupple.parser.NodeFactory.registerVariables(NodeFactory.java:215)
	at cz.cuni.mff.d3s.trupple.parser.tp.Parser.VariableLineDeclaration(Parser.java:423)
	at cz.cuni.mff.d3s.trupple.parser.tp.Parser.VariableDeclarations(Parser.java:231)
	at cz.cuni.mff.d3s.trupple.parser.tp.Parser.Declaration(Parser.java:187)
	at cz.cuni.mff.d3s.trupple.parser.tp.Parser.Declarations(Parser.java:145)
	at cz.cuni.mff.d3s.trupple.parser.tp.Parser.Pascal(Parser.java:110)
	at cz.cuni.mff.d3s.trupple.parser.tp.Parser.Parse(Parser.java:1304)
	at cz.cuni.mff.d3s.trupple.language.PascalLanguage.parseSource(PascalLanguage.java:110)
	at cz.cuni.mff.d3s.trupple.language.PascalLanguage.parse(PascalLanguage.java:85)
	at com.oracle.truffle.api.TruffleLanguage$ParsingRequest.parse(TruffleLanguage.java:352)
	at com.oracle.truffle.api.TruffleLanguage$LanguageImpl.parseForLanguage(TruffleLanguage.java:875)
	at com.oracle.truffle.api.TruffleLanguage$LanguageImpl.parse(TruffleLanguage.java:862)
	at com.oracle.truffle.api.vm.PolyglotEngine$PolyglotEvalRootNode.initialize(PolyglotEngine.java:956)
	at com.oracle.truffle.api.vm.PolyglotEngine$PolyglotEvalRootNode.executeImpl(PolyglotEngine.java:948)
	at com.oracle.truffle.api.vm.PolyglotEngine$PolyglotRootNode.execute(PolyglotEngine.java:913)
	at com.oracle.truffle.api.impl.DefaultCallTarget.call(DefaultCallTarget.java:77)
	at com.oracle.truffle.api.vm.PolyglotEngine.evalImpl(PolyglotEngine.java:606)
	at com.oracle.truffle.api.vm.PolyglotEngine.evalImpl(PolyglotEngine.java:586)
	at com.oracle.truffle.api.vm.PolyglotEngine.eval(PolyglotEngine.java:527)
	at cz.cuni.mff.d3s.trupple.JUnitTest.test(JUnitTest.java:83)
	at cz.cuni.mff.d3s.trupple.JUnitTest.test(JUnitTest.java:76)
	at cz.cuni.mff.d3s.trupple.JUnitTest.test(JUnitTest.java:71)
	at cz.cuni.mff.d3s.trupple.UnitTest.simpleTest(UnitTest.java:90)
	at sun.reflect.NativeMethodAccessorImpl.invoke0(Native Method)
	at sun.reflect.NativeMethodAccessorImpl.invoke(NativeMethodAccessorImpl.java:62)
	at sun.reflect.DelegatingMethodAccessorImpl.invoke(DelegatingMethodAccessorImpl.java:43)
	at java.lang.reflect.Method.invoke(Method.java:498)
	at org.junit.runners.model.FrameworkMethod$1.runReflectiveCall(FrameworkMethod.java:47)
	at org.junit.internal.runners.model.ReflectiveCallable.run(ReflectiveCallable.java:12)
	at org.junit.runners.model.FrameworkMethod.invokeExplosively(FrameworkMethod.java:44)
	at org.junit.internal.runners.statements.InvokeMethod.evaluate(InvokeMethod.java:17)
	at org.junit.internal.runners.statements.RunBefores.evaluate(RunBefores.java:26)
	at org.junit.runners.ParentRunner.runLeaf(ParentRunner.java:271)
	at org.junit.runners.BlockJUnit4ClassRunner.runChild(BlockJUnit4ClassRunner.java:70)
	at org.junit.runners.BlockJUnit4ClassRunner.runChild(BlockJUnit4ClassRunner.java:50)
	at org.junit.runners.ParentRunner$3.run(ParentRunner.java:238)
	at org.junit.runners.ParentRunner$1.schedule(ParentRunner.java:63)
	at org.junit.runners.ParentRunner.runChildren(ParentRunner.java:236)
	at org.junit.runners.ParentRunner.access$000(ParentRunner.java:53)
	at org.junit.runners.ParentRunner$2.evaluate(ParentRunner.java:229)
	at org.junit.runners.ParentRunner.run(ParentRunner.java:309)
	at org.junit.runners.Suite.runChild(Suite.java:127)
	at org.junit.runners.Suite.runChild(Suite.java:26)
	at org.junit.runners.ParentRunner$3.run(ParentRunner.java:238)
	at org.junit.runners.ParentRunner$1.schedule(ParentRunner.java:63)
	at org.junit.runners.ParentRunner.runChildren(ParentRunner.java:236)
	at org.junit.runners.ParentRunner.access$000(ParentRunner.java:53)
	at org.junit.runners.ParentRunner$2.evaluate(ParentRunner.java:229)
	at org.junit.runners.ParentRunner.run(ParentRunner.java:309)
	at org.apache.maven.surefire.junit4.JUnit4Provider.execute(JUnit4Provider.java:252)
	at org.apache.maven.surefire.junit4.JUnit4Provider.executeTestSet(JUnit4Provider.java:141)
	at org.apache.maven.surefire.junit4.JUnit4Provider.invoke(JUnit4Provider.java:112)
	at sun.reflect.NativeMethodAccessorImpl.invoke0(Native Method)
	at sun.reflect.NativeMethodAccessorImpl.invoke(NativeMethodAccessorImpl.java:62)
	at sun.reflect.DelegatingMethodAccessorImpl.invoke(DelegatingMethodAccessorImpl.java:43)
	at java.lang.reflect.Method.invoke(Method.java:498)
	at org.apache.maven.surefire.util.ReflectionUtils.invokeMethodWithArray(ReflectionUtils.java:189)
	at org.apache.maven.surefire.booter.ProviderFactory$ProviderProxy.invoke(ProviderFactory.java:165)
	at org.apache.maven.surefire.booter.ProviderFactory.invokeProvider(ProviderFactory.java:85)
	at org.apache.maven.surefire.booter.ForkedBooter.runSuitesInProcess(ForkedBooter.java:115)
	at org.apache.maven.surefire.booter.ForkedBooter.main(ForkedBooter.java:75)

recursiveUnitWithRecordTest(cz.cuni.mff.d3s.trupple.UnitTest)  Time elapsed: 0.006 sec  <<< ERROR!
java.lang.NullPointerException
	at cz.cuni.mff.d3s.trupple.parser.identifierstable.IdentifiersTable.registerNewIdentifier(IdentifiersTable.java:308)
	at cz.cuni.mff.d3s.trupple.parser.identifierstable.IdentifiersTable.addVariable(IdentifiersTable.java:202)
	at cz.cuni.mff.d3s.trupple.parser.LexicalScope.registerLocalVariable(LexicalScope.java:155)
	at cz.cuni.mff.d3s.trupple.parser.NodeFactory.registerVariables(NodeFactory.java:215)
	at cz.cuni.mff.d3s.trupple.parser.tp.Parser.VariableLineDeclaration(Parser.java:423)
	at cz.cuni.mff.d3s.trupple.parser.tp.Parser.VariableDeclarations(Parser.java:228)
	at cz.cuni.mff.d3s.trupple.parser.tp.Parser.Declaration(Parser.java:187)
	at cz.cuni.mff.d3s.trupple.parser.tp.Parser.Declarations(Parser.java:145)
	at cz.cuni.mff.d3s.trupple.parser.tp.Parser.Pascal(Parser.java:110)
	at cz.cuni.mff.d3s.trupple.parser.tp.Parser.Parse(Parser.java:1304)
	at cz.cuni.mff.d3s.trupple.language.PascalLanguage.parseSource(PascalLanguage.java:110)
	at cz.cuni.mff.d3s.trupple.language.PascalLanguage.parse(PascalLanguage.java:85)
	at com.oracle.truffle.api.TruffleLanguage$ParsingRequest.parse(TruffleLanguage.java:352)
	at com.oracle.truffle.api.TruffleLanguage$LanguageImpl.parseForLanguage(TruffleLanguage.java:875)
	at com.oracle.truffle.api.TruffleLanguage$LanguageImpl.parse(TruffleLanguage.java:862)
	at com.oracle.truffle.api.vm.PolyglotEngine$PolyglotEvalRootNode.initialize(PolyglotEngine.java:956)
	at com.oracle.truffle.api.vm.PolyglotEngine$PolyglotEvalRootNode.executeImpl(PolyglotEngine.java:948)
	at com.oracle.truffle.api.vm.PolyglotEngine$PolyglotRootNode.execute(PolyglotEngine.java:913)
	at com.oracle.truffle.api.impl.DefaultCallTarget.call(DefaultCallTarget.java:77)
	at com.oracle.truffle.api.vm.PolyglotEngine.evalImpl(PolyglotEngine.java:606)
	at com.oracle.truffle.api.vm.PolyglotEngine.evalImpl(PolyglotEngine.java:586)
	at com.oracle.truffle.api.vm.PolyglotEngine.eval(PolyglotEngine.java:527)
	at cz.cuni.mff.d3s.trupple.JUnitTest.test(JUnitTest.java:83)
	at cz.cuni.mff.d3s.trupple.JUnitTest.test(JUnitTest.java:76)
	at cz.cuni.mff.d3s.trupple.JUnitTest.test(JUnitTest.java:71)
	at cz.cuni.mff.d3s.trupple.UnitTest.recursiveUnitWithRecordTest(UnitTest.java:108)
	at sun.reflect.NativeMethodAccessorImpl.invoke0(Native Method)
	at sun.reflect.NativeMethodAccessorImpl.invoke(NativeMethodAccessorImpl.java:62)
	at sun.reflect.DelegatingMethodAccessorImpl.invoke(DelegatingMethodAccessorImpl.java:43)
	at java.lang.reflect.Method.invoke(Method.java:498)
	at org.junit.runners.model.FrameworkMethod$1.runReflectiveCall(FrameworkMethod.java:47)
	at org.junit.internal.runners.model.ReflectiveCallable.run(ReflectiveCallable.java:12)
	at org.junit.runners.model.FrameworkMethod.invokeExplosively(FrameworkMethod.java:44)
	at org.junit.internal.runners.statements.InvokeMethod.evaluate(InvokeMethod.java:17)
	at org.junit.internal.runners.statements.RunBefores.evaluate(RunBefores.java:26)
	at org.junit.runners.ParentRunner.runLeaf(ParentRunner.java:271)
	at org.junit.runners.BlockJUnit4ClassRunner.runChild(BlockJUnit4ClassRunner.java:70)
	at org.junit.runners.BlockJUnit4ClassRunner.runChild(BlockJUnit4ClassRunner.java:50)
	at org.junit.runners.ParentRunner$3.run(ParentRunner.java:238)
	at org.junit.runners.ParentRunner$1.schedule(ParentRunner.java:63)
	at org.junit.runners.ParentRunner.runChildren(ParentRunner.java:236)
	at org.junit.runners.ParentRunner.access$000(ParentRunner.java:53)
	at org.junit.runners.ParentRunner$2.evaluate(ParentRunner.java:229)
	at org.junit.runners.ParentRunner.run(ParentRunner.java:309)
	at org.junit.runners.Suite.runChild(Suite.java:127)
	at org.junit.runners.Suite.runChild(Suite.java:26)
	at org.junit.runners.ParentRunner$3.run(ParentRunner.java:238)
	at org.junit.runners.ParentRunner$1.schedule(ParentRunner.java:63)
	at org.junit.runners.ParentRunner.runChildren(ParentRunner.java:236)
	at org.junit.runners.ParentRunner.access$000(ParentRunner.java:53)
	at org.junit.runners.ParentRunner$2.evaluate(ParentRunner.java:229)
	at org.junit.runners.ParentRunner.run(ParentRunner.java:309)
	at org.apache.maven.surefire.junit4.JUnit4Provider.execute(JUnit4Provider.java:252)
	at org.apache.maven.surefire.junit4.JUnit4Provider.executeTestSet(JUnit4Provider.java:141)
	at org.apache.maven.surefire.junit4.JUnit4Provider.invoke(JUnit4Provider.java:112)
	at sun.reflect.NativeMethodAccessorImpl.invoke0(Native Method)
	at sun.reflect.NativeMethodAccessorImpl.invoke(NativeMethodAccessorImpl.java:62)
	at sun.reflect.DelegatingMethodAccessorImpl.invoke(DelegatingMethodAccessorImpl.java:43)
	at java.lang.reflect.Method.invoke(Method.java:498)
	at org.apache.maven.surefire.util.ReflectionUtils.invokeMethodWithArray(ReflectionUtils.java:189)
	at org.apache.maven.surefire.booter.ProviderFactory$ProviderProxy.invoke(ProviderFactory.java:165)
	at org.apache.maven.surefire.booter.ProviderFactory.invokeProvider(ProviderFactory.java:85)
	at org.apache.maven.surefire.booter.ForkedBooter.runSuitesInProcess(ForkedBooter.java:115)
	at org.apache.maven.surefire.booter.ForkedBooter.main(ForkedBooter.java:75)

eofInStdInputTest(cz.cuni.mff.d3s.trupple.BuiltinTest)  Time elapsed: 0.025 sec  <<< ERROR!
java.lang.NullPointerException
	at cz.cuni.mff.d3s.trupple.language.nodes.builtin.file.EofBuiltinNode.eof(EofBuiltinNode.java:22)
	at cz.cuni.mff.d3s.trupple.language.nodes.builtin.file.EofBuiltinNode.isEof(EofBuiltinNode.java:18)
	at cz.cuni.mff.d3s.trupple.language.nodes.builtin.file.EofBuiltinNodeGen.executeBoolean(EofBuiltinNodeGen.java:48)
	at cz.cuni.mff.d3s.trupple.language.nodes.builtin.file.EofBuiltinNodeGen.executeGeneric(EofBuiltinNodeGen.java:31)
	at cz.cuni.mff.d3s.trupple.language.nodes.root.PascalRootNode.execute(PascalRootNode.java:27)
	at com.oracle.truffle.api.impl.DefaultCallTarget.call(DefaultCallTarget.java:77)
	at cz.cuni.mff.d3s.trupple.language.nodes.call.InvokeNode.invoke(InvokeNode.java:37)
	at cz.cuni.mff.d3s.trupple.language.nodes.call.InvokeNodeGen.executeGeneric(InvokeNodeGen.java:25)
	at cz.cuni.mff.d3s.trupple.language.nodes.ExpressionNode.executeBoolean(ExpressionNode.java:33)
	at cz.cuni.mff.d3s.trupple.language.nodes.logic.NotNodeGen.executeBoolean(NotNodeGen.java:43)
	at cz.cuni.mff.d3s.trupple.language.nodes.control.WhileNode.executeVoid(WhileNode.java:27)
	at cz.cuni.mff.d3s.trupple.language.nodes.statement.BlockNode.executeVoid(BlockNode.java:27)
	at cz.cuni.mff.d3s.trupple.language.nodes.statement.ExtendedBlockNode.executeVoid(ExtendedBlockNode.java:68)
	at cz.cuni.mff.d3s.trupple.language.nodes.statement.BlockNode.executeVoid(BlockNode.java:27)
	at cz.cuni.mff.d3s.trupple.language.nodes.function.ProcedureBodyNode.executeVoid(ProcedureBodyNode.java:20)
	at cz.cuni.mff.d3s.trupple.language.nodes.function.ProcedureWrapExpressionNode.executeGeneric(ProcedureWrapExpressionNode.java:20)
	at cz.cuni.mff.d3s.trupple.language.nodes.root.PascalRootNode.execute(PascalRootNode.java:27)
	at com.oracle.truffle.api.impl.DefaultCallTarget.callDirectOrIndirect(DefaultCallTarget.java:63)
	at com.oracle.truffle.api.impl.DefaultDirectCallNode.call(DefaultDirectCallNode.java:44)
	at com.oracle.truffle.api.vm.PolyglotEngine$PolyglotEvalRootNode.executeImpl(PolyglotEngine.java:951)
	at com.oracle.truffle.api.vm.PolyglotEngine$PolyglotRootNode.execute(PolyglotEngine.java:913)
	at com.oracle.truffle.api.impl.DefaultCallTarget.call(DefaultCallTarget.java:77)
	at com.oracle.truffle.api.vm.PolyglotEngine.evalImpl(PolyglotEngine.java:606)
	at com.oracle.truffle.api.vm.PolyglotEngine.evalImpl(PolyglotEngine.java:586)
	at com.oracle.truffle.api.vm.PolyglotEngine.eval(PolyglotEngine.java:527)
	at cz.cuni.mff.d3s.trupple.JUnitTest.test(JUnitTest.java:83)
	at cz.cuni.mff.d3s.trupple.JUnitTest.test(JUnitTest.java:76)
	at cz.cuni.mff.d3s.trupple.JUnitTest.test(JUnitTest.java:71)
	at cz.cuni.mff.d3s.trupple.JUnitTest.test(JUnitTest.java:63)
	at cz.cuni.mff.d3s.trupple.JUnitTest.testWithInput(JUnitTest.java:55)
	at cz.cuni.mff.d3s.trupple.JUnitTest.testWithInput(JUnitTest.java:50)
	at cz.cuni.mff.d3s.trupple.BuiltinTest.eofInStdInputTest(BuiltinTest.java:125)
	at sun.reflect.NativeMethodAccessorImpl.invoke0(Native Method)
	at sun.reflect.NativeMethodAccessorImpl.invoke(NativeMethodAccessorImpl.java:62)
	at sun.reflect.DelegatingMethodAccessorImpl.invoke(DelegatingMethodAccessorImpl.java:43)
	at java.lang.reflect.Method.invoke(Method.java:498)
	at org.junit.runners.model.FrameworkMethod$1.runReflectiveCall(FrameworkMethod.java:47)
	at org.junit.internal.runners.model.ReflectiveCallable.run(ReflectiveCallable.java:12)
	at org.junit.runners.model.FrameworkMethod.invokeExplosively(FrameworkMethod.java:44)
	at org.junit.internal.runners.statements.InvokeMethod.evaluate(InvokeMethod.java:17)
	at org.junit.internal.runners.statements.RunBefores.evaluate(RunBefores.java:26)
	at org.junit.runners.ParentRunner.runLeaf(ParentRunner.java:271)
	at org.junit.runners.BlockJUnit4ClassRunner.runChild(BlockJUnit4ClassRunner.java:70)
	at org.junit.runners.BlockJUnit4ClassRunner.runChild(BlockJUnit4ClassRunner.java:50)
	at org.junit.runners.ParentRunner$3.run(ParentRunner.java:238)
	at org.junit.runners.ParentRunner$1.schedule(ParentRunner.java:63)
	at org.junit.runners.ParentRunner.runChildren(ParentRunner.java:236)
	at org.junit.runners.ParentRunner.access$000(ParentRunner.java:53)
	at org.junit.runners.ParentRunner$2.evaluate(ParentRunner.java:229)
	at org.junit.runners.ParentRunner.run(ParentRunner.java:309)
	at org.junit.runners.Suite.runChild(Suite.java:127)
	at org.junit.runners.Suite.runChild(Suite.java:26)
	at org.junit.runners.ParentRunner$3.run(ParentRunner.java:238)
	at org.junit.runners.ParentRunner$1.schedule(ParentRunner.java:63)
	at org.junit.runners.ParentRunner.runChildren(ParentRunner.java:236)
	at org.junit.runners.ParentRunner.access$000(ParentRunner.java:53)
	at org.junit.runners.ParentRunner$2.evaluate(ParentRunner.java:229)
	at org.junit.runners.ParentRunner.run(ParentRunner.java:309)
	at org.apache.maven.surefire.junit4.JUnit4Provider.execute(JUnit4Provider.java:252)
	at org.apache.maven.surefire.junit4.JUnit4Provider.executeTestSet(JUnit4Provider.java:141)
	at org.apache.maven.surefire.junit4.JUnit4Provider.invoke(JUnit4Provider.java:112)
	at sun.reflect.NativeMethodAccessorImpl.invoke0(Native Method)
	at sun.reflect.NativeMethodAccessorImpl.invoke(NativeMethodAccessorImpl.java:62)
	at sun.reflect.DelegatingMethodAccessorImpl.invoke(DelegatingMethodAccessorImpl.java:43)
	at java.lang.reflect.Method.invoke(Method.java:498)
	at org.apache.maven.surefire.util.ReflectionUtils.invokeMethodWithArray(ReflectionUtils.java:189)
	at org.apache.maven.surefire.booter.ProviderFactory$ProviderProxy.invoke(ProviderFactory.java:165)
	at org.apache.maven.surefire.booter.ProviderFactory.invokeProvider(ProviderFactory.java:85)
	at org.apache.maven.surefire.booter.ForkedBooter.runSuitesInProcess(ForkedBooter.java:115)
	at org.apache.maven.surefire.booter.ForkedBooter.main(ForkedBooter.java:75)

linkedListWithReverseOutputTest(cz.cuni.mff.d3s.trupple.PointersTest)  Time elapsed: 0.005 sec  <<< ERROR!
java.util.NoSuchElementException
	at java.util.Scanner.throwFor(Scanner.java:862)
	at java.util.Scanner.next(Scanner.java:1371)
	at cz.cuni.mff.d3s.trupple.language.nodes.builtin.io.ReadBuiltinNode.readChar(ReadBuiltinNode.java:104)
	at cz.cuni.mff.d3s.trupple.language.nodes.builtin.io.ReadBuiltinNode.readOneToReference(ReadBuiltinNode.java:77)
	at cz.cuni.mff.d3s.trupple.language.nodes.builtin.io.ReadBuiltinNode.read(ReadBuiltinNode.java:67)
	at cz.cuni.mff.d3s.trupple.language.nodes.builtin.io.ReadBuiltinNode.read(ReadBuiltinNode.java:39)
	at cz.cuni.mff.d3s.trupple.language.nodes.builtin.io.ReadBuiltinNodeFactory$ReadBuiltinNodeGen.executeVoid(ReadBuiltinNodeFactory.java:84)
	at cz.cuni.mff.d3s.trupple.language.nodes.function.ProcedureWrapExpressionNode.executeGeneric(ProcedureWrapExpressionNode.java:20)
	at cz.cuni.mff.d3s.trupple.language.nodes.root.PascalRootNode.execute(PascalRootNode.java:27)
	at com.oracle.truffle.api.impl.DefaultCallTarget.call(DefaultCallTarget.java:77)
	at cz.cuni.mff.d3s.trupple.language.nodes.call.InvokeNode.invoke(InvokeNode.java:37)
	at cz.cuni.mff.d3s.trupple.language.nodes.call.InvokeNodeGen.executeGeneric(InvokeNodeGen.java:25)
	at cz.cuni.mff.d3s.trupple.language.nodes.call.InvokeNodeGen.executeVoid(InvokeNodeGen.java:30)
	at cz.cuni.mff.d3s.trupple.language.nodes.statement.BlockNode.executeVoid(BlockNode.java:27)
	at cz.cuni.mff.d3s.trupple.language.nodes.statement.ExtendedBlockNode.executeVoid(ExtendedBlockNode.java:68)
	at cz.cuni.mff.d3s.trupple.language.nodes.control.ForNode.execute(ForNode.java:83)
	at cz.cuni.mff.d3s.trupple.language.nodes.control.ForNode.executeVoid(ForNode.java:73)
	at cz.cuni.mff.d3s.trupple.language.nodes.statement.BlockNode.executeVoid(BlockNode.java:27)
	at cz.cuni.mff.d3s.trupple.language.nodes.statement.ExtendedBlockNode.executeVoid(ExtendedBlockNode.java:68)
	at cz.cuni.mff.d3s.trupple.language.nodes.statement.BlockNode.executeVoid(BlockNode.java:27)
	at cz.cuni.mff.d3s.trupple.language.nodes.function.ProcedureBodyNode.executeVoid(ProcedureBodyNode.java:20)
	at cz.cuni.mff.d3s.trupple.language.nodes.function.ProcedureWrapExpressionNode.executeGeneric(ProcedureWrapExpressionNode.java:20)
	at cz.cuni.mff.d3s.trupple.language.nodes.root.PascalRootNode.execute(PascalRootNode.java:27)
	at com.oracle.truffle.api.impl.DefaultCallTarget.callDirectOrIndirect(DefaultCallTarget.java:63)
	at com.oracle.truffle.api.impl.DefaultDirectCallNode.call(DefaultDirectCallNode.java:44)
	at com.oracle.truffle.api.vm.PolyglotEngine$PolyglotEvalRootNode.executeImpl(PolyglotEngine.java:951)
	at com.oracle.truffle.api.vm.PolyglotEngine$PolyglotRootNode.execute(PolyglotEngine.java:913)
	at com.oracle.truffle.api.impl.DefaultCallTarget.call(DefaultCallTarget.java:77)
	at com.oracle.truffle.api.vm.PolyglotEngine.evalImpl(PolyglotEngine.java:606)
	at com.oracle.truffle.api.vm.PolyglotEngine.evalImpl(PolyglotEngine.java:586)
	at com.oracle.truffle.api.vm.PolyglotEngine.eval(PolyglotEngine.java:527)
	at cz.cuni.mff.d3s.trupple.JUnitTest.test(JUnitTest.java:83)
	at cz.cuni.mff.d3s.trupple.JUnitTest.test(JUnitTest.java:76)
	at cz.cuni.mff.d3s.trupple.JUnitTest.test(JUnitTest.java:71)
	at cz.cuni.mff.d3s.trupple.JUnitTest.test(JUnitTest.java:63)
	at cz.cuni.mff.d3s.trupple.JUnitTest.testWithInput(JUnitTest.java:55)
	at cz.cuni.mff.d3s.trupple.PointersTest.linkedListWithReverseOutputTest(PointersTest.java:155)
	at sun.reflect.NativeMethodAccessorImpl.invoke0(Native Method)
	at sun.reflect.NativeMethodAccessorImpl.invoke(NativeMethodAccessorImpl.java:62)
	at sun.reflect.DelegatingMethodAccessorImpl.invoke(DelegatingMethodAccessorImpl.java:43)
	at java.lang.reflect.Method.invoke(Method.java:498)
	at org.junit.runners.model.FrameworkMethod$1.runReflectiveCall(FrameworkMethod.java:47)
	at org.junit.internal.runners.model.ReflectiveCallable.run(ReflectiveCallable.java:12)
	at org.junit.runners.model.FrameworkMethod.invokeExplosively(FrameworkMethod.java:44)
	at org.junit.internal.runners.statements.InvokeMethod.evaluate(InvokeMethod.java:17)
	at org.junit.internal.runners.statements.RunBefores.evaluate(RunBefores.java:26)
	at org.junit.runners.ParentRunner.runLeaf(ParentRunner.java:271)
	at org.junit.runners.BlockJUnit4ClassRunner.runChild(BlockJUnit4ClassRunner.java:70)
	at org.junit.runners.BlockJUnit4ClassRunner.runChild(BlockJUnit4ClassRunner.java:50)
	at org.junit.runners.ParentRunner$3.run(ParentRunner.java:238)
	at org.junit.runners.ParentRunner$1.schedule(ParentRunner.java:63)
	at org.junit.runners.ParentRunner.runChildren(ParentRunner.java:236)
	at org.junit.runners.ParentRunner.access$000(ParentRunner.java:53)
	at org.junit.runners.ParentRunner$2.evaluate(ParentRunner.java:229)
	at org.junit.runners.ParentRunner.run(ParentRunner.java:309)
	at org.junit.runners.Suite.runChild(Suite.java:127)
	at org.junit.runners.Suite.runChild(Suite.java:26)
	at org.junit.runners.ParentRunner$3.run(ParentRunner.java:238)
	at org.junit.runners.ParentRunner$1.schedule(ParentRunner.java:63)
	at org.junit.runners.ParentRunner.runChildren(ParentRunner.java:236)
	at org.junit.runners.ParentRunner.access$000(ParentRunner.java:53)
	at org.junit.runners.ParentRunner$2.evaluate(ParentRunner.java:229)
	at org.junit.runners.ParentRunner.run(ParentRunner.java:309)
	at org.apache.maven.surefire.junit4.JUnit4Provider.execute(JUnit4Provider.java:252)
	at org.apache.maven.surefire.junit4.JUnit4Provider.executeTestSet(JUnit4Provider.java:141)
	at org.apache.maven.surefire.junit4.JUnit4Provider.invoke(JUnit4Provider.java:112)
	at sun.reflect.NativeMethodAccessorImpl.invoke0(Native Method)
	at sun.reflect.NativeMethodAccessorImpl.invoke(NativeMethodAccessorImpl.java:62)
	at sun.reflect.DelegatingMethodAccessorImpl.invoke(DelegatingMethodAccessorImpl.java:43)
	at java.lang.reflect.Method.invoke(Method.java:498)
	at org.apache.maven.surefire.util.ReflectionUtils.invokeMethodWithArray(ReflectionUtils.java:189)
	at org.apache.maven.surefire.booter.ProviderFactory$ProviderProxy.invoke(ProviderFactory.java:165)
	at org.apache.maven.surefire.booter.ProviderFactory.invokeProvider(ProviderFactory.java:85)
	at org.apache.maven.surefire.booter.ForkedBooter.runSuitesInProcess(ForkedBooter.java:115)
	at org.apache.maven.surefire.booter.ForkedBooter.main(ForkedBooter.java:75)

strallocStrCompStrupperTest(cz.cuni.mff.d3s.trupple.StringsUnitTest)  Time elapsed: 0.005 sec  <<< ERROR!
java.lang.NullPointerException
	at cz.cuni.mff.d3s.trupple.language.nodes.call.InvokeNode.getMySubroutine(InvokeNode.java:47)
	at cz.cuni.mff.d3s.trupple.language.nodes.call.InvokeNode.invoke(InvokeNode.java:34)
	at cz.cuni.mff.d3s.trupple.language.nodes.call.InvokeNodeGen.executeGeneric(InvokeNodeGen.java:25)
	at cz.cuni.mff.d3s.trupple.language.nodes.variables.AssignmentNodeWithRouteNodeGen$BaseNode_.executeValueNode_(AssignmentNodeWithRouteNodeGen.java:172)
	at cz.cuni.mff.d3s.trupple.language.nodes.variables.AssignmentNodeWithRouteNodeGen$BaseNode_.executeVoid(AssignmentNodeWithRouteNodeGen.java:101)
	at cz.cuni.mff.d3s.trupple.language.nodes.variables.AssignmentNodeWithRouteNodeGen.executeVoid(AssignmentNodeWithRouteNodeGen.java:54)
	at cz.cuni.mff.d3s.trupple.language.nodes.statement.BlockNode.executeVoid(BlockNode.java:27)
	at cz.cuni.mff.d3s.trupple.language.nodes.statement.ExtendedBlockNode.executeVoid(ExtendedBlockNode.java:68)
	at cz.cuni.mff.d3s.trupple.language.nodes.statement.BlockNode.executeVoid(BlockNode.java:27)
	at cz.cuni.mff.d3s.trupple.language.nodes.function.ProcedureBodyNode.executeVoid(ProcedureBodyNode.java:20)
	at cz.cuni.mff.d3s.trupple.language.nodes.function.ProcedureWrapExpressionNode.executeGeneric(ProcedureWrapExpressionNode.java:20)
	at cz.cuni.mff.d3s.trupple.language.nodes.root.PascalRootNode.execute(PascalRootNode.java:27)
	at com.oracle.truffle.api.impl.DefaultCallTarget.callDirectOrIndirect(DefaultCallTarget.java:63)
	at com.oracle.truffle.api.impl.DefaultDirectCallNode.call(DefaultDirectCallNode.java:44)
	at com.oracle.truffle.api.vm.PolyglotEngine$PolyglotEvalRootNode.executeImpl(PolyglotEngine.java:951)
	at com.oracle.truffle.api.vm.PolyglotEngine$PolyglotRootNode.execute(PolyglotEngine.java:913)
	at com.oracle.truffle.api.impl.DefaultCallTarget.call(DefaultCallTarget.java:77)
	at com.oracle.truffle.api.vm.PolyglotEngine.evalImpl(PolyglotEngine.java:606)
	at com.oracle.truffle.api.vm.PolyglotEngine.evalImpl(PolyglotEngine.java:586)
	at com.oracle.truffle.api.vm.PolyglotEngine.eval(PolyglotEngine.java:527)
	at cz.cuni.mff.d3s.trupple.JUnitTest.test(JUnitTest.java:83)
	at cz.cuni.mff.d3s.trupple.JUnitTest.test(JUnitTest.java:76)
	at cz.cuni.mff.d3s.trupple.JUnitTest.test(JUnitTest.java:71)
	at cz.cuni.mff.d3s.trupple.JUnitTest.test(JUnitTest.java:63)
	at cz.cuni.mff.d3s.trupple.StringsUnitTest.strallocStrCompStrupperTest(StringsUnitTest.java:26)
	at sun.reflect.NativeMethodAccessorImpl.invoke0(Native Method)
	at sun.reflect.NativeMethodAccessorImpl.invoke(NativeMethodAccessorImpl.java:62)
	at sun.reflect.DelegatingMethodAccessorImpl.invoke(DelegatingMethodAccessorImpl.java:43)
	at java.lang.reflect.Method.invoke(Method.java:498)
	at org.junit.runners.model.FrameworkMethod$1.runReflectiveCall(FrameworkMethod.java:47)
	at org.junit.internal.runners.model.ReflectiveCallable.run(ReflectiveCallable.java:12)
	at org.junit.runners.model.FrameworkMethod.invokeExplosively(FrameworkMethod.java:44)
	at org.junit.internal.runners.statements.InvokeMethod.evaluate(InvokeMethod.java:17)
	at org.junit.internal.runners.statements.RunBefores.evaluate(RunBefores.java:26)
	at org.junit.runners.ParentRunner.runLeaf(ParentRunner.java:271)
	at org.junit.runners.BlockJUnit4ClassRunner.runChild(BlockJUnit4ClassRunner.java:70)
	at org.junit.runners.BlockJUnit4ClassRunner.runChild(BlockJUnit4ClassRunner.java:50)
	at org.junit.runners.ParentRunner$3.run(ParentRunner.java:238)
	at org.junit.runners.ParentRunner$1.schedule(ParentRunner.java:63)
	at org.junit.runners.ParentRunner.runChildren(ParentRunner.java:236)
	at org.junit.runners.ParentRunner.access$000(ParentRunner.java:53)
	at org.junit.runners.ParentRunner$2.evaluate(ParentRunner.java:229)
	at org.junit.runners.ParentRunner.run(ParentRunner.java:309)
	at org.junit.runners.Suite.runChild(Suite.java:127)
	at org.junit.runners.Suite.runChild(Suite.java:26)
	at org.junit.runners.ParentRunner$3.run(ParentRunner.java:238)
	at org.junit.runners.ParentRunner$1.schedule(ParentRunner.java:63)
	at org.junit.runners.ParentRunner.runChildren(ParentRunner.java:236)
	at org.junit.runners.ParentRunner.access$000(ParentRunner.java:53)
	at org.junit.runners.ParentRunner$2.evaluate(ParentRunner.java:229)
	at org.junit.runners.ParentRunner.run(ParentRunner.java:309)
	at org.apache.maven.surefire.junit4.JUnit4Provider.execute(JUnit4Provider.java:252)
	at org.apache.maven.surefire.junit4.JUnit4Provider.executeTestSet(JUnit4Provider.java:141)
	at org.apache.maven.surefire.junit4.JUnit4Provider.invoke(JUnit4Provider.java:112)
	at sun.reflect.NativeMethodAccessorImpl.invoke0(Native Method)
	at sun.reflect.NativeMethodAccessorImpl.invoke(NativeMethodAccessorImpl.java:62)
	at sun.reflect.DelegatingMethodAccessorImpl.invoke(DelegatingMethodAccessorImpl.java:43)
	at java.lang.reflect.Method.invoke(Method.java:498)
	at org.apache.maven.surefire.util.ReflectionUtils.invokeMethodWithArray(ReflectionUtils.java:189)
	at org.apache.maven.surefire.booter.ProviderFactory$ProviderProxy.invoke(ProviderFactory.java:165)
	at org.apache.maven.surefire.booter.ProviderFactory.invokeProvider(ProviderFactory.java:85)
	at org.apache.maven.surefire.booter.ForkedBooter.runSuitesInProcess(ForkedBooter.java:115)
	at org.apache.maven.surefire.booter.ForkedBooter.main(ForkedBooter.java:75)

stringProgramArgumentsTest(cz.cuni.mff.d3s.trupple.ProgramArgumentsTest)  Time elapsed: 0.004 sec  <<< ERROR!
cz.cuni.mff.d3s.trupple.language.runtime.exceptions.PascalRuntimeException: Too many arguments supplied to the program.
	at cz.cuni.mff.d3s.trupple.language.nodes.function.ProgramArgumentAssignmentNode.executeVoid(ProgramArgumentAssignmentNode.java:43)
	at cz.cuni.mff.d3s.trupple.language.nodes.statement.BlockNode.executeVoid(BlockNode.java:27)
	at cz.cuni.mff.d3s.trupple.language.nodes.statement.BlockNode.executeVoid(BlockNode.java:27)
	at cz.cuni.mff.d3s.trupple.language.nodes.function.ProcedureBodyNode.executeVoid(ProcedureBodyNode.java:20)
	at cz.cuni.mff.d3s.trupple.language.nodes.function.ProcedureWrapExpressionNode.executeGeneric(ProcedureWrapExpressionNode.java:20)
	at cz.cuni.mff.d3s.trupple.language.nodes.root.PascalRootNode.execute(PascalRootNode.java:27)
	at com.oracle.truffle.api.impl.DefaultCallTarget.callDirectOrIndirect(DefaultCallTarget.java:63)
	at com.oracle.truffle.api.impl.DefaultDirectCallNode.call(DefaultDirectCallNode.java:44)
	at com.oracle.truffle.api.vm.PolyglotEngine$PolyglotEvalRootNode.executeImpl(PolyglotEngine.java:951)
	at com.oracle.truffle.api.vm.PolyglotEngine$PolyglotRootNode.execute(PolyglotEngine.java:913)
	at com.oracle.truffle.api.impl.DefaultCallTarget.call(DefaultCallTarget.java:77)
	at com.oracle.truffle.api.vm.PolyglotEngine.evalImpl(PolyglotEngine.java:606)
	at com.oracle.truffle.api.vm.PolyglotEngine.evalImpl(PolyglotEngine.java:586)
	at com.oracle.truffle.api.vm.PolyglotEngine.eval(PolyglotEngine.java:527)
	at cz.cuni.mff.d3s.trupple.JUnitTest.test(JUnitTest.java:83)
	at cz.cuni.mff.d3s.trupple.ProgramArgumentsTest.stringProgramArgumentsTest(ProgramArgumentsTest.java:75)
	at sun.reflect.NativeMethodAccessorImpl.invoke0(Native Method)
	at sun.reflect.NativeMethodAccessorImpl.invoke(NativeMethodAccessorImpl.java:62)
	at sun.reflect.DelegatingMethodAccessorImpl.invoke(DelegatingMethodAccessorImpl.java:43)
	at java.lang.reflect.Method.invoke(Method.java:498)
	at org.junit.runners.model.FrameworkMethod$1.runReflectiveCall(FrameworkMethod.java:47)
	at org.junit.internal.runners.model.ReflectiveCallable.run(ReflectiveCallable.java:12)
	at org.junit.runners.model.FrameworkMethod.invokeExplosively(FrameworkMethod.java:44)
	at org.junit.internal.runners.statements.InvokeMethod.evaluate(InvokeMethod.java:17)
	at org.junit.internal.runners.statements.RunBefores.evaluate(RunBefores.java:26)
	at org.junit.runners.ParentRunner.runLeaf(ParentRunner.java:271)
	at org.junit.runners.BlockJUnit4ClassRunner.runChild(BlockJUnit4ClassRunner.java:70)
	at org.junit.runners.BlockJUnit4ClassRunner.runChild(BlockJUnit4ClassRunner.java:50)
	at org.junit.runners.ParentRunner$3.run(ParentRunner.java:238)
	at org.junit.runners.ParentRunner$1.schedule(ParentRunner.java:63)
	at org.junit.runners.ParentRunner.runChildren(ParentRunner.java:236)
	at org.junit.runners.ParentRunner.access$000(ParentRunner.java:53)
	at org.junit.runners.ParentRunner$2.evaluate(ParentRunner.java:229)
	at org.junit.runners.ParentRunner.run(ParentRunner.java:309)
	at org.junit.runners.Suite.runChild(Suite.java:127)
	at org.junit.runners.Suite.runChild(Suite.java:26)
	at org.junit.runners.ParentRunner$3.run(ParentRunner.java:238)
	at org.junit.runners.ParentRunner$1.schedule(ParentRunner.java:63)
	at org.junit.runners.ParentRunner.runChildren(ParentRunner.java:236)
	at org.junit.runners.ParentRunner.access$000(ParentRunner.java:53)
	at org.junit.runners.ParentRunner$2.evaluate(ParentRunner.java:229)
	at org.junit.runners.ParentRunner.run(ParentRunner.java:309)
	at org.apache.maven.surefire.junit4.JUnit4Provider.execute(JUnit4Provider.java:252)
	at org.apache.maven.surefire.junit4.JUnit4Provider.executeTestSet(JUnit4Provider.java:141)
	at org.apache.maven.surefire.junit4.JUnit4Provider.invoke(JUnit4Provider.java:112)
	at sun.reflect.NativeMethodAccessorImpl.invoke0(Native Method)
	at sun.reflect.NativeMethodAccessorImpl.invoke(NativeMethodAccessorImpl.java:62)
	at sun.reflect.DelegatingMethodAccessorImpl.invoke(DelegatingMethodAccessorImpl.java:43)
	at java.lang.reflect.Method.invoke(Method.java:498)
	at org.apache.maven.surefire.util.ReflectionUtils.invokeMethodWithArray(ReflectionUtils.java:189)
	at org.apache.maven.surefire.booter.ProviderFactory$ProviderProxy.invoke(ProviderFactory.java:165)
	at org.apache.maven.surefire.booter.ProviderFactory.invokeProvider(ProviderFactory.java:85)
	at org.apache.maven.surefire.booter.ForkedBooter.runSuitesInProcess(ForkedBooter.java:115)
	at org.apache.maven.surefire.booter.ForkedBooter.main(ForkedBooter.java:75)

copyFileFromProgramArgumentsTest(cz.cuni.mff.d3s.trupple.ProgramArgumentsTest)  Time elapsed: 0.005 sec  <<< ERROR!
cz.cuni.mff.d3s.trupple.language.runtime.exceptions.PascalRuntimeException: Too many arguments supplied to the program.
	at cz.cuni.mff.d3s.trupple.language.nodes.function.ProgramArgumentAssignmentNode.executeVoid(ProgramArgumentAssignmentNode.java:43)
	at cz.cuni.mff.d3s.trupple.language.nodes.statement.BlockNode.executeVoid(BlockNode.java:27)
	at cz.cuni.mff.d3s.trupple.language.nodes.statement.BlockNode.executeVoid(BlockNode.java:27)
	at cz.cuni.mff.d3s.trupple.language.nodes.function.ProcedureBodyNode.executeVoid(ProcedureBodyNode.java:20)
	at cz.cuni.mff.d3s.trupple.language.nodes.function.ProcedureWrapExpressionNode.executeGeneric(ProcedureWrapExpressionNode.java:20)
	at cz.cuni.mff.d3s.trupple.language.nodes.root.PascalRootNode.execute(PascalRootNode.java:27)
	at com.oracle.truffle.api.impl.DefaultCallTarget.callDirectOrIndirect(DefaultCallTarget.java:63)
	at com.oracle.truffle.api.impl.DefaultDirectCallNode.call(DefaultDirectCallNode.java:44)
	at com.oracle.truffle.api.vm.PolyglotEngine$PolyglotEvalRootNode.executeImpl(PolyglotEngine.java:951)
	at com.oracle.truffle.api.vm.PolyglotEngine$PolyglotRootNode.execute(PolyglotEngine.java:913)
	at com.oracle.truffle.api.impl.DefaultCallTarget.call(DefaultCallTarget.java:77)
	at com.oracle.truffle.api.vm.PolyglotEngine.evalImpl(PolyglotEngine.java:606)
	at com.oracle.truffle.api.vm.PolyglotEngine.evalImpl(PolyglotEngine.java:586)
	at com.oracle.truffle.api.vm.PolyglotEngine.eval(PolyglotEngine.java:527)
	at cz.cuni.mff.d3s.trupple.JUnitTest.test(JUnitTest.java:83)
	at cz.cuni.mff.d3s.trupple.ProgramArgumentsTest.copyFileFromProgramArgumentsTest(ProgramArgumentsTest.java:44)
	at sun.reflect.NativeMethodAccessorImpl.invoke0(Native Method)
	at sun.reflect.NativeMethodAccessorImpl.invoke(NativeMethodAccessorImpl.java:62)
	at sun.reflect.DelegatingMethodAccessorImpl.invoke(DelegatingMethodAccessorImpl.java:43)
	at java.lang.reflect.Method.invoke(Method.java:498)
	at org.junit.runners.model.FrameworkMethod$1.runReflectiveCall(FrameworkMethod.java:47)
	at org.junit.internal.runners.model.ReflectiveCallable.run(ReflectiveCallable.java:12)
	at org.junit.runners.model.FrameworkMethod.invokeExplosively(FrameworkMethod.java:44)
	at org.junit.internal.runners.statements.InvokeMethod.evaluate(InvokeMethod.java:17)
	at org.junit.internal.runners.statements.RunBefores.evaluate(RunBefores.java:26)
	at org.junit.runners.ParentRunner.runLeaf(ParentRunner.java:271)
	at org.junit.runners.BlockJUnit4ClassRunner.runChild(BlockJUnit4ClassRunner.java:70)
	at org.junit.runners.BlockJUnit4ClassRunner.runChild(BlockJUnit4ClassRunner.java:50)
	at org.junit.runners.ParentRunner$3.run(ParentRunner.java:238)
	at org.junit.runners.ParentRunner$1.schedule(ParentRunner.java:63)
	at org.junit.runners.ParentRunner.runChildren(ParentRunner.java:236)
	at org.junit.runners.ParentRunner.access$000(ParentRunner.java:53)
	at org.junit.runners.ParentRunner$2.evaluate(ParentRunner.java:229)
	at org.junit.runners.ParentRunner.run(ParentRunner.java:309)
	at org.junit.runners.Suite.runChild(Suite.java:127)
	at org.junit.runners.Suite.runChild(Suite.java:26)
	at org.junit.runners.ParentRunner$3.run(ParentRunner.java:238)
	at org.junit.runners.ParentRunner$1.schedule(ParentRunner.java:63)
	at org.junit.runners.ParentRunner.runChildren(ParentRunner.java:236)
	at org.junit.runners.ParentRunner.access$000(ParentRunner.java:53)
	at org.junit.runners.ParentRunner$2.evaluate(ParentRunner.java:229)
	at org.junit.runners.ParentRunner.run(ParentRunner.java:309)
	at org.apache.maven.surefire.junit4.JUnit4Provider.execute(JUnit4Provider.java:252)
	at org.apache.maven.surefire.junit4.JUnit4Provider.executeTestSet(JUnit4Provider.java:141)
	at org.apache.maven.surefire.junit4.JUnit4Provider.invoke(JUnit4Provider.java:112)
	at sun.reflect.NativeMethodAccessorImpl.invoke0(Native Method)
	at sun.reflect.NativeMethodAccessorImpl.invoke(NativeMethodAccessorImpl.java:62)
	at sun.reflect.DelegatingMethodAccessorImpl.invoke(DelegatingMethodAccessorImpl.java:43)
	at java.lang.reflect.Method.invoke(Method.java:498)
	at org.apache.maven.surefire.util.ReflectionUtils.invokeMethodWithArray(ReflectionUtils.java:189)
	at org.apache.maven.surefire.booter.ProviderFactory$ProviderProxy.invoke(ProviderFactory.java:165)
	at org.apache.maven.surefire.booter.ProviderFactory.invokeProvider(ProviderFactory.java:85)
	at org.apache.maven.surefire.booter.ForkedBooter.runSuitesInProcess(ForkedBooter.java:115)
	at org.apache.maven.surefire.booter.ForkedBooter.main(ForkedBooter.java:75)

simpleTest(cz.cuni.mff.d3s.trupple.SubroutineAsArgumentTest)  Time elapsed: 0.005 sec  <<< ERROR!
java.lang.ArrayIndexOutOfBoundsException: 0
	at cz.cuni.mff.d3s.trupple.language.nodes.statement.ExtendedBlockNode.createNewBodyNodes(ExtendedBlockNode.java:30)
	at cz.cuni.mff.d3s.trupple.language.nodes.statement.ExtendedBlockNode.<init>(ExtendedBlockNode.java:22)
	at cz.cuni.mff.d3s.trupple.parser.NodeFactory.createBlockNode(NodeFactory.java:810)
	at cz.cuni.mff.d3s.trupple.parser.tp.Parser.Block(Parser.java:603)
	at cz.cuni.mff.d3s.trupple.parser.tp.Parser.MainFunction(Parser.java:150)
	at cz.cuni.mff.d3s.trupple.parser.tp.Parser.Pascal(Parser.java:111)
	at cz.cuni.mff.d3s.trupple.parser.tp.Parser.Parse(Parser.java:1304)
	at cz.cuni.mff.d3s.trupple.language.PascalLanguage.parseSource(PascalLanguage.java:110)
	at cz.cuni.mff.d3s.trupple.language.PascalLanguage.parse(PascalLanguage.java:85)
	at com.oracle.truffle.api.TruffleLanguage$ParsingRequest.parse(TruffleLanguage.java:352)
	at com.oracle.truffle.api.TruffleLanguage$LanguageImpl.parseForLanguage(TruffleLanguage.java:875)
	at com.oracle.truffle.api.TruffleLanguage$LanguageImpl.parse(TruffleLanguage.java:862)
	at com.oracle.truffle.api.vm.PolyglotEngine$PolyglotEvalRootNode.initialize(PolyglotEngine.java:956)
	at com.oracle.truffle.api.vm.PolyglotEngine$PolyglotEvalRootNode.executeImpl(PolyglotEngine.java:948)
	at com.oracle.truffle.api.vm.PolyglotEngine$PolyglotRootNode.execute(PolyglotEngine.java:913)
	at com.oracle.truffle.api.impl.DefaultCallTarget.call(DefaultCallTarget.java:77)
	at com.oracle.truffle.api.vm.PolyglotEngine.evalImpl(PolyglotEngine.java:606)
	at com.oracle.truffle.api.vm.PolyglotEngine.evalImpl(PolyglotEngine.java:586)
	at com.oracle.truffle.api.vm.PolyglotEngine.eval(PolyglotEngine.java:527)
	at cz.cuni.mff.d3s.trupple.JUnitTest.test(JUnitTest.java:83)
	at cz.cuni.mff.d3s.trupple.JUnitTest.test(JUnitTest.java:76)
	at cz.cuni.mff.d3s.trupple.JUnitTest.test(JUnitTest.java:71)
	at cz.cuni.mff.d3s.trupple.JUnitTest.test(JUnitTest.java:63)
	at cz.cuni.mff.d3s.trupple.JUnitTest.test(JUnitTest.java:59)
	at cz.cuni.mff.d3s.trupple.SubroutineAsArgumentTest.simpleTest(SubroutineAsArgumentTest.java:27)
	at sun.reflect.NativeMethodAccessorImpl.invoke0(Native Method)
	at sun.reflect.NativeMethodAccessorImpl.invoke(NativeMethodAccessorImpl.java:62)
	at sun.reflect.DelegatingMethodAccessorImpl.invoke(DelegatingMethodAccessorImpl.java:43)
	at java.lang.reflect.Method.invoke(Method.java:498)
	at org.junit.runners.model.FrameworkMethod$1.runReflectiveCall(FrameworkMethod.java:47)
	at org.junit.internal.runners.model.ReflectiveCallable.run(ReflectiveCallable.java:12)
	at org.junit.runners.model.FrameworkMethod.invokeExplosively(FrameworkMethod.java:44)
	at org.junit.internal.runners.statements.InvokeMethod.evaluate(InvokeMethod.java:17)
	at org.junit.internal.runners.statements.RunBefores.evaluate(RunBefores.java:26)
	at org.junit.runners.ParentRunner.runLeaf(ParentRunner.java:271)
	at org.junit.runners.BlockJUnit4ClassRunner.runChild(BlockJUnit4ClassRunner.java:70)
	at org.junit.runners.BlockJUnit4ClassRunner.runChild(BlockJUnit4ClassRunner.java:50)
	at org.junit.runners.ParentRunner$3.run(ParentRunner.java:238)
	at org.junit.runners.ParentRunner$1.schedule(ParentRunner.java:63)
	at org.junit.runners.ParentRunner.runChildren(ParentRunner.java:236)
	at org.junit.runners.ParentRunner.access$000(ParentRunner.java:53)
	at org.junit.runners.ParentRunner$2.evaluate(ParentRunner.java:229)
	at org.junit.runners.ParentRunner.run(ParentRunner.java:309)
	at org.junit.runners.Suite.runChild(Suite.java:127)
	at org.junit.runners.Suite.runChild(Suite.java:26)
	at org.junit.runners.ParentRunner$3.run(ParentRunner.java:238)
	at org.junit.runners.ParentRunner$1.schedule(ParentRunner.java:63)
	at org.junit.runners.ParentRunner.runChildren(ParentRunner.java:236)
	at org.junit.runners.ParentRunner.access$000(ParentRunner.java:53)
	at org.junit.runners.ParentRunner$2.evaluate(ParentRunner.java:229)
	at org.junit.runners.ParentRunner.run(ParentRunner.java:309)
	at org.apache.maven.surefire.junit4.JUnit4Provider.execute(JUnit4Provider.java:252)
	at org.apache.maven.surefire.junit4.JUnit4Provider.executeTestSet(JUnit4Provider.java:141)
	at org.apache.maven.surefire.junit4.JUnit4Provider.invoke(JUnit4Provider.java:112)
	at sun.reflect.NativeMethodAccessorImpl.invoke0(Native Method)
	at sun.reflect.NativeMethodAccessorImpl.invoke(NativeMethodAccessorImpl.java:62)
	at sun.reflect.DelegatingMethodAccessorImpl.invoke(DelegatingMethodAccessorImpl.java:43)
	at java.lang.reflect.Method.invoke(Method.java:498)
	at org.apache.maven.surefire.util.ReflectionUtils.invokeMethodWithArray(ReflectionUtils.java:189)
	at org.apache.maven.surefire.booter.ProviderFactory$ProviderProxy.invoke(ProviderFactory.java:165)
	at org.apache.maven.surefire.booter.ProviderFactory.invokeProvider(ProviderFactory.java:85)
	at org.apache.maven.surefire.booter.ForkedBooter.runSuitesInProcess(ForkedBooter.java:115)
	at org.apache.maven.surefire.booter.ForkedBooter.main(ForkedBooter.java:75)

