-------------------------------------------------------------------------------
Test set: cz.cuni.mff.d3s.trupple.PointersTest
-------------------------------------------------------------------------------
Tests run: 6, Failures: 0, Errors: 1, Skipped: 0, Time elapsed: 0.094 sec <<< FAILURE!
linkedListWithReverseOutputTest(cz.cuni.mff.d3s.trupple.PointersTest)  Time elapsed: 0.015 sec  <<< ERROR!
java.util.NoSuchElementException
	at java.util.Scanner.throwFor(Scanner.java:862)
	at java.util.Scanner.next(Scanner.java:1371)
	at cz.cuni.mff.d3s.trupple.language.nodes.builtin.io.ReadBuiltinNode.readChar(ReadBuiltinNode.java:104)
	at cz.cuni.mff.d3s.trupple.language.nodes.builtin.io.ReadBuiltinNode.readOneToReference(ReadBuiltinNode.java:77)
	at cz.cuni.mff.d3s.trupple.language.nodes.builtin.io.ReadBuiltinNode.read(ReadBuiltinNode.java:67)
	at cz.cuni.mff.d3s.trupple.language.nodes.builtin.io.ReadBuiltinNode.read(ReadBuiltinNode.java:39)
	at cz.cuni.mff.d3s.trupple.language.nodes.builtin.io.ReadBuiltinNodeFactory$ReadBuiltinNodeGen.executeVoid(ReadBuiltinNodeFactory.java:84)
	at cz.cuni.mff.d3s.trupple.language.nodes.function.ProcedureWrapExpressionNode.executeGeneric(ProcedureWrapExpressionNode.java:20)
	at cz.cuni.mff.d3s.trupple.language.nodes.root.PascalRootNode.execute(PascalRootNode.java:27)
	at com.oracle.truffle.api.impl.DefaultCallTarget.call(DefaultCallTarget.java:77)
	at cz.cuni.mff.d3s.trupple.language.nodes.call.InvokeNode.invoke(InvokeNode.java:37)
	at cz.cuni.mff.d3s.trupple.language.nodes.call.InvokeNodeGen.executeGeneric(InvokeNodeGen.java:25)
	at cz.cuni.mff.d3s.trupple.language.nodes.call.InvokeNodeGen.executeVoid(InvokeNodeGen.java:30)
	at cz.cuni.mff.d3s.trupple.language.nodes.statement.BlockNode.executeVoid(BlockNode.java:27)
	at cz.cuni.mff.d3s.trupple.language.nodes.statement.ExtendedBlockNode.executeVoid(ExtendedBlockNode.java:68)
	at cz.cuni.mff.d3s.trupple.language.nodes.control.ForNode.execute(ForNode.java:83)
	at cz.cuni.mff.d3s.trupple.language.nodes.control.ForNode.executeVoid(ForNode.java:73)
	at cz.cuni.mff.d3s.trupple.language.nodes.statement.BlockNode.executeVoid(BlockNode.java:27)
	at cz.cuni.mff.d3s.trupple.language.nodes.statement.ExtendedBlockNode.executeVoid(ExtendedBlockNode.java:68)
	at cz.cuni.mff.d3s.trupple.language.nodes.statement.BlockNode.executeVoid(BlockNode.java:27)
	at cz.cuni.mff.d3s.trupple.language.nodes.function.ProcedureBodyNode.executeVoid(ProcedureBodyNode.java:20)
	at cz.cuni.mff.d3s.trupple.language.nodes.function.ProcedureWrapExpressionNode.executeGeneric(ProcedureWrapExpressionNode.java:20)
	at cz.cuni.mff.d3s.trupple.language.nodes.root.PascalRootNode.execute(PascalRootNode.java:27)
	at com.oracle.truffle.api.impl.DefaultCallTarget.callDirectOrIndirect(DefaultCallTarget.java:63)
	at com.oracle.truffle.api.impl.DefaultDirectCallNode.call(DefaultDirectCallNode.java:44)
	at com.oracle.truffle.api.vm.PolyglotEngine$PolyglotEvalRootNode.executeImpl(PolyglotEngine.java:951)
	at com.oracle.truffle.api.vm.PolyglotEngine$PolyglotRootNode.execute(PolyglotEngine.java:913)
	at com.oracle.truffle.api.impl.DefaultCallTarget.call(DefaultCallTarget.java:77)
	at com.oracle.truffle.api.vm.PolyglotEngine.evalImpl(PolyglotEngine.java:606)
	at com.oracle.truffle.api.vm.PolyglotEngine.evalImpl(PolyglotEngine.java:586)
	at com.oracle.truffle.api.vm.PolyglotEngine.eval(PolyglotEngine.java:527)
	at cz.cuni.mff.d3s.trupple.JUnitTest.test(JUnitTest.java:83)
	at cz.cuni.mff.d3s.trupple.JUnitTest.test(JUnitTest.java:76)
	at cz.cuni.mff.d3s.trupple.JUnitTest.test(JUnitTest.java:71)
	at cz.cuni.mff.d3s.trupple.JUnitTest.test(JUnitTest.java:63)
	at cz.cuni.mff.d3s.trupple.JUnitTest.testWithInput(JUnitTest.java:55)
	at cz.cuni.mff.d3s.trupple.PointersTest.linkedListWithReverseOutputTest(PointersTest.java:155)
	at sun.reflect.NativeMethodAccessorImpl.invoke0(Native Method)
	at sun.reflect.NativeMethodAccessorImpl.invoke(NativeMethodAccessorImpl.java:62)
	at sun.reflect.DelegatingMethodAccessorImpl.invoke(DelegatingMethodAccessorImpl.java:43)
	at java.lang.reflect.Method.invoke(Method.java:498)
	at org.junit.runners.model.FrameworkMethod$1.runReflectiveCall(FrameworkMethod.java:47)
	at org.junit.internal.runners.model.ReflectiveCallable.run(ReflectiveCallable.java:12)
	at org.junit.runners.model.FrameworkMethod.invokeExplosively(FrameworkMethod.java:44)
	at org.junit.internal.runners.statements.InvokeMethod.evaluate(InvokeMethod.java:17)
	at org.junit.internal.runners.statements.RunBefores.evaluate(RunBefores.java:26)
	at org.junit.runners.ParentRunner.runLeaf(ParentRunner.java:271)
	at org.junit.runners.BlockJUnit4ClassRunner.runChild(BlockJUnit4ClassRunner.java:70)
	at org.junit.runners.BlockJUnit4ClassRunner.runChild(BlockJUnit4ClassRunner.java:50)
	at org.junit.runners.ParentRunner$3.run(ParentRunner.java:238)
	at org.junit.runners.ParentRunner$1.schedule(ParentRunner.java:63)
	at org.junit.runners.ParentRunner.runChildren(ParentRunner.java:236)
	at org.junit.runners.ParentRunner.access$000(ParentRunner.java:53)
	at org.junit.runners.ParentRunner$2.evaluate(ParentRunner.java:229)
	at org.junit.runners.ParentRunner.run(ParentRunner.java:309)
	at org.apache.maven.surefire.junit4.JUnit4Provider.execute(JUnit4Provider.java:252)
	at org.apache.maven.surefire.junit4.JUnit4Provider.executeTestSet(JUnit4Provider.java:141)
	at org.apache.maven.surefire.junit4.JUnit4Provider.invoke(JUnit4Provider.java:112)
	at sun.reflect.NativeMethodAccessorImpl.invoke0(Native Method)
	at sun.reflect.NativeMethodAccessorImpl.invoke(NativeMethodAccessorImpl.java:62)
	at sun.reflect.DelegatingMethodAccessorImpl.invoke(DelegatingMethodAccessorImpl.java:43)
	at java.lang.reflect.Method.invoke(Method.java:498)
	at org.apache.maven.surefire.util.ReflectionUtils.invokeMethodWithArray(ReflectionUtils.java:189)
	at org.apache.maven.surefire.booter.ProviderFactory$ProviderProxy.invoke(ProviderFactory.java:165)
	at org.apache.maven.surefire.booter.ProviderFactory.invokeProvider(ProviderFactory.java:85)
	at org.apache.maven.surefire.booter.ForkedBooter.runSuitesInProcess(ForkedBooter.java:115)
	at org.apache.maven.surefire.booter.ForkedBooter.main(ForkedBooter.java:75)

