<?xml version="1.0" encoding="UTF-8" ?>
<testsuite tests="142" failures="0" name="cz.cuni.mff.d3s.trupple.TestAll" time="0.771" errors="13" skipped="0">
  <properties>
    <property name="idea.version" value="2016.3.6"/>
    <property name="java.runtime.name" value="Java(TM) SE Runtime Environment"/>
    <property name="sun.boot.library.path" value="/usr/lib/jvm/jdk1.8.0_111/jre/lib/amd64"/>
    <property name="java.vm.version" value="25.111-b14"/>
    <property name="java.vm.vendor" value="Oracle Corporation"/>
    <property name="maven.multiModuleProjectDirectory" value="/home/julius/Documents/MySources/School/Trupple/TrufflePascal"/>
    <property name="java.vendor.url" value="http://java.oracle.com/"/>
    <property name="path.separator" value=":"/>
    <property name="guice.disable.misplaced.annotation.check" value="true"/>
    <property name="java.vm.name" value="Java HotSpot(TM) 64-Bit Server VM"/>
    <property name="file.encoding.pkg" value="sun.io"/>
    <property name="idea.launcher.port" value="7532"/>
    <property name="user.country" value="US"/>
    <property name="sun.java.launcher" value="SUN_STANDARD"/>
    <property name="sun.os.patch.level" value="unknown"/>
    <property name="java.vm.specification.name" value="Java Virtual Machine Specification"/>
    <property name="user.dir" value="/home/julius/Documents/MySources/School/Trupple/TrufflePascal"/>
    <property name="java.runtime.version" value="1.8.0_111-b14"/>
    <property name="java.awt.graphicsenv" value="sun.awt.X11GraphicsEnvironment"/>
    <property name="java.endorsed.dirs" value="/usr/lib/jvm/jdk1.8.0_111/jre/lib/endorsed"/>
    <property name="os.arch" value="amd64"/>
    <property name="java.io.tmpdir" value="/tmp"/>
    <property name="line.separator" value="
"/>
    <property name="java.vm.specification.vendor" value="Oracle Corporation"/>
    <property name="os.name" value="Linux"/>
    <property name="classworlds.conf" value="/home/julius/Applications/IntelliJ/plugins/maven/lib/maven3/bin/m2.conf"/>
    <property name="sun.jnu.encoding" value="UTF-8"/>
    <property name="java.library.path" value="/home/julius/Applications/IntelliJ/bin::/usr/java/packages/lib/amd64:/usr/lib64:/lib64:/lib:/usr/lib"/>
    <property name="java.specification.name" value="Java Platform API Specification"/>
    <property name="java.class.version" value="52.0"/>
    <property name="sun.management.compiler" value="HotSpot 64-Bit Tiered Compilers"/>
    <property name="os.version" value="4.4.0-53-generic"/>
    <property name="user.home" value="/home/julius"/>
    <property name="user.timezone" value="Europe/Prague"/>
    <property name="java.awt.printerjob" value="sun.print.PSPrinterJob"/>
    <property name="java.specification.version" value="1.8"/>
    <property name="idea.launcher.bin.path" value="/home/julius/Applications/IntelliJ/bin"/>
    <property name="file.encoding" value="UTF-8"/>
    <property name="user.name" value="julius"/>
    <property name="java.class.path" value="/home/julius/Applications/IntelliJ/plugins/maven/lib/maven3/boot/plexus-classworlds-2.5.2.jar:/home/julius/Applications/IntelliJ/lib/idea_rt.jar"/>
    <property name="java.vm.specification.version" value="1.8"/>
    <property name="sun.arch.data.model" value="64"/>
    <property name="java.home" value="/usr/lib/jvm/jdk1.8.0_111/jre"/>
    <property name="sun.java.command" value="com.intellij.rt.execution.application.AppMain org.codehaus.classworlds.Launcher -Didea.version=2016.3.6 install"/>
    <property name="java.specification.vendor" value="Oracle Corporation"/>
    <property name="user.language" value="en"/>
    <property name="awt.toolkit" value="sun.awt.X11.XToolkit"/>
    <property name="java.vm.info" value="mixed mode"/>
    <property name="java.version" value="1.8.0_111"/>
    <property name="java.ext.dirs" value="/usr/lib/jvm/jdk1.8.0_111/jre/lib/ext:/usr/java/packages/lib/ext"/>
    <property name="securerandom.source" value="file:/dev/./urandom"/>
    <property name="sun.boot.class.path" value="/usr/lib/jvm/jdk1.8.0_111/jre/lib/resources.jar:/usr/lib/jvm/jdk1.8.0_111/jre/lib/rt.jar:/usr/lib/jvm/jdk1.8.0_111/jre/lib/sunrsasign.jar:/usr/lib/jvm/jdk1.8.0_111/jre/lib/jsse.jar:/usr/lib/jvm/jdk1.8.0_111/jre/lib/jce.jar:/usr/lib/jvm/jdk1.8.0_111/jre/lib/charsets.jar:/usr/lib/jvm/jdk1.8.0_111/jre/lib/jfr.jar:/usr/lib/jvm/jdk1.8.0_111/jre/classes"/>
    <property name="java.vendor" value="Oracle Corporation"/>
    <property name="maven.home" value="/home/julius/Applications/IntelliJ/plugins/maven/lib/maven3"/>
    <property name="file.separator" value="/"/>
    <property name="java.vendor.url.bug" value="http://bugreport.sun.com/bugreport/"/>
    <property name="sun.cpu.endian" value="little"/>
    <property name="sun.io.unicode.encoding" value="UnicodeLittle"/>
    <property name="sun.desktop" value="gnome"/>
    <property name="sun.cpu.isalist" value=""/>
  </properties>
  <testcase classname="cz.cuni.mff.d3s.trupple.WriteTest" name="simpleTest" time="0.014"/>
  <testcase classname="cz.cuni.mff.d3s.trupple.WriteTest" name="integerVariableTest" time="0.008"/>
  <testcase classname="cz.cuni.mff.d3s.trupple.WriteTest" name="multipleArgumentsTest" time="0.009"/>
  <testcase classname="cz.cuni.mff.d3s.trupple.WriteTest" name="charVariableTest" time="0.007"/>
  <testcase classname="cz.cuni.mff.d3s.trupple.WriteTest" name="writelnTest" time="0.006"/>
  <testcase classname="cz.cuni.mff.d3s.trupple.ArithmeticTest" name="unaryPlusTest2" time="0.004"/>
  <testcase classname="cz.cuni.mff.d3s.trupple.ArithmeticTest" name="unaryPlusTest3" time="0.006"/>
  <testcase classname="cz.cuni.mff.d3s.trupple.ArithmeticTest" name="plusTest" time="0.007"/>
  <testcase classname="cz.cuni.mff.d3s.trupple.ArithmeticTest" name="divisionTest" time="0.003"/>
  <testcase classname="cz.cuni.mff.d3s.trupple.ArithmeticTest" name="moduloTest" time="0.01"/>
  <testcase classname="cz.cuni.mff.d3s.trupple.ArithmeticTest" name="divisionFloatTest" time="0.003"/>
  <testcase classname="cz.cuni.mff.d3s.trupple.ArithmeticTest" name="plusStringTest" time="0.01"/>
  <testcase classname="cz.cuni.mff.d3s.trupple.ArithmeticTest" name="multiplyTest" time="0.005"/>
  <testcase classname="cz.cuni.mff.d3s.trupple.ArithmeticTest" name="minusFloatTest" time="0.004"/>
  <testcase classname="cz.cuni.mff.d3s.trupple.ArithmeticTest" name="unaryMinusTest" time="0.006"/>
  <testcase classname="cz.cuni.mff.d3s.trupple.ArithmeticTest" name="unaryPlusTest" time="0.004"/>
  <testcase classname="cz.cuni.mff.d3s.trupple.ArithmeticTest" name="unaryMinusTest2" time="0.004"/>
  <testcase classname="cz.cuni.mff.d3s.trupple.ArithmeticTest" name="unaryMinusTest3" time="0.004"/>
  <testcase classname="cz.cuni.mff.d3s.trupple.ArithmeticTest" name="minusTest" time="0.004"/>
  <testcase classname="cz.cuni.mff.d3s.trupple.ArithmeticTest" name="plusFloatTest" time="0.004"/>
  <testcase classname="cz.cuni.mff.d3s.trupple.IfTest" name="ifTrueBlockTest" time="0.004"/>
  <testcase classname="cz.cuni.mff.d3s.trupple.IfTest" name="ifTrueTest" time="0.003"/>
  <testcase classname="cz.cuni.mff.d3s.trupple.IfTest" name="elseTest" time="0.004"/>
  <testcase classname="cz.cuni.mff.d3s.trupple.IfTest" name="elseBlockTest" time="0.004"/>
  <testcase classname="cz.cuni.mff.d3s.trupple.IfTest" name="ifFalseTest" time="0.003"/>
  <testcase classname="cz.cuni.mff.d3s.trupple.CaseTest" name="defaultTestNoSemicolon" time="0.004"/>
  <testcase classname="cz.cuni.mff.d3s.trupple.CaseTest" name="simpleTest" time="0.003"/>
  <testcase classname="cz.cuni.mff.d3s.trupple.CaseTest" name="defaultTest" time="0.003"/>
  <testcase classname="cz.cuni.mff.d3s.trupple.CaseTest" name="simpleTestNoSemicolon" time="0.003"/>
  <testcase classname="cz.cuni.mff.d3s.trupple.LoopsTest" name="whileTest" time="0.003"/>
  <testcase classname="cz.cuni.mff.d3s.trupple.LoopsTest" name="forDowntoTest" time="0.003"/>
  <testcase classname="cz.cuni.mff.d3s.trupple.LoopsTest" name="forEnumTest" time="0.004"/>
  <testcase classname="cz.cuni.mff.d3s.trupple.LoopsTest" name="forToTest" time="0.003"/>
  <testcase classname="cz.cuni.mff.d3s.trupple.LoopsTest" name="repeatTest" time="0.005"/>
  <testcase classname="cz.cuni.mff.d3s.trupple.LoopsTest" name="whileBreakTestTP" time="0.005"/>
  <testcase classname="cz.cuni.mff.d3s.trupple.SubroutinesTest" name="functionCallNoParentheses" time="0.004"/>
  <testcase classname="cz.cuni.mff.d3s.trupple.SubroutinesTest" name="procedureCallNoParentheses" time="0.004"/>
  <testcase classname="cz.cuni.mff.d3s.trupple.SubroutinesTest" name="simpleProcedureTest" time="0.006"/>
  <testcase classname="cz.cuni.mff.d3s.trupple.SubroutinesTest" name="simpleFunctionTest" time="0.004"/>
  <testcase classname="cz.cuni.mff.d3s.trupple.SubroutinesTest" name="factorialTest" time="0.005"/>
  <testcase classname="cz.cuni.mff.d3s.trupple.SubroutinesTest" name="simpleArgumentsTest" time="0.004"/>
  <testcase classname="cz.cuni.mff.d3s.trupple.SubroutinesTest" name="forwardTest" time="0.004"/>
  <testcase classname="cz.cuni.mff.d3s.trupple.LogicOperatorsTest" name="orTest" time="0.012"/>
  <testcase classname="cz.cuni.mff.d3s.trupple.LogicOperatorsTest" name="andTest" time="0.008"/>
  <testcase classname="cz.cuni.mff.d3s.trupple.LogicOperatorsTest" name="greaterThanTest" time="0.01"/>
  <testcase classname="cz.cuni.mff.d3s.trupple.LogicOperatorsTest" name="lesserThanTest" time="0.011"/>
  <testcase classname="cz.cuni.mff.d3s.trupple.LogicOperatorsTest" name="greaterEqualsThanTest" time="0.01"/>
  <testcase classname="cz.cuni.mff.d3s.trupple.LogicOperatorsTest" name="lesserEqualsThanTest" time="0.01"/>
  <testcase classname="cz.cuni.mff.d3s.trupple.EnumTest" name="simpleEnum" time="0.004"/>
  <testcase classname="cz.cuni.mff.d3s.trupple.EnumTest" name="ifEnumTest" time="0.003"/>
  <testcase classname="cz.cuni.mff.d3s.trupple.EnumTest" name="switchEnum" time="0.004"/>
  <testcase classname="cz.cuni.mff.d3s.trupple.EnumTest" name="assignEnum" time="0.004"/>
  <testcase classname="cz.cuni.mff.d3s.trupple.LogicNegationTest" name="simple" time="0.01"/>
  <testcase classname="cz.cuni.mff.d3s.trupple.LogicNegationTest" name="withFunction" time="0.005"/>
  <testcase classname="cz.cuni.mff.d3s.trupple.LogicNegationTest" name="withVariables" time="0.011"/>
  <testcase classname="cz.cuni.mff.d3s.trupple.LogicNegationTest" name="simple2" time="0.007"/>
  <testcase classname="cz.cuni.mff.d3s.trupple.LogicNegationTest" name="simple3" time="0.007"/>
  <testcase classname="cz.cuni.mff.d3s.trupple.ArrayTest" name="simpleBoolean" time="0.004"/>
  <testcase classname="cz.cuni.mff.d3s.trupple.ArrayTest" name="simpleReturnBoolean" time="0.004"/>
  <testcase classname="cz.cuni.mff.d3s.trupple.ArrayTest" name="differentMultidimensionalArrayDefinitionsTest" time="0.005"/>
  <testcase classname="cz.cuni.mff.d3s.trupple.ArrayTest" name="simpleEnumAccess" time="0.003"/>
  <testcase classname="cz.cuni.mff.d3s.trupple.ArrayTest" name="lessSimpleMultidimensionalTest" time="0.006"/>
  <testcase classname="cz.cuni.mff.d3s.trupple.ArrayTest" name="simple" time="0.004"/>
  <testcase classname="cz.cuni.mff.d3s.trupple.ArrayTest" name="verySimple" time="0.003"/>
  <testcase classname="cz.cuni.mff.d3s.trupple.ArrayTest" name="assignmentEnumTest" time="0.004"/>
  <testcase classname="cz.cuni.mff.d3s.trupple.ArrayTest" name="verySimpleMultidimensionalTest" time="0.003"/>
  <testcase classname="cz.cuni.mff.d3s.trupple.ArrayTest" name="simpleMultidimensionalTest" time="0.008"/>
  <testcase classname="cz.cuni.mff.d3s.trupple.NestedSubroutinesTest" name="simpleTest" time="0.004"/>
  <testcase classname="cz.cuni.mff.d3s.trupple.NestedSubroutinesTest" name="usingGlobalVariableTest" time="0.005"/>
  <testcase classname="cz.cuni.mff.d3s.trupple.NestedSubroutinesTest" name="simpleNestedFunctionsTest" time="0.004"/>
  <testcase classname="cz.cuni.mff.d3s.trupple.GlobalVariablesTest" name="simple" time="0.003"/>
  <testcase classname="cz.cuni.mff.d3s.trupple.GlobalVariablesTest" name="nestedWithLocalHidesGlobal" time="0.005"/>
  <testcase classname="cz.cuni.mff.d3s.trupple.GlobalVariablesTest" name="nestedFunctions" time="0.003"/>
  <testcase classname="cz.cuni.mff.d3s.trupple.GlobalVariablesTest" name="changeGlobalVariableInProcedure" time="0.004"/>
  <testcase classname="cz.cuni.mff.d3s.trupple.GlobalVariablesTest" name="localHidesGlobal" time="0.004"/>
  <testcase classname="cz.cuni.mff.d3s.trupple.ReadTest" name="correctReadBehaviourTest" time="0.04">
    <error type="java.util.NoSuchElementException">java.util.NoSuchElementException
	at java.util.Scanner.throwFor(Scanner.java:862)
	at java.util.Scanner.next(Scanner.java:1371)
	at cz.cuni.mff.d3s.trupple.language.nodes.builtin.io.ReadBuiltinNode.readChar(ReadBuiltinNode.java:104)
	at cz.cuni.mff.d3s.trupple.language.nodes.builtin.io.ReadBuiltinNode.readOneToReference(ReadBuiltinNode.java:77)
	at cz.cuni.mff.d3s.trupple.language.nodes.builtin.io.ReadBuiltinNode.read(ReadBuiltinNode.java:67)
	at cz.cuni.mff.d3s.trupple.language.nodes.builtin.io.ReadBuiltinNode.read(ReadBuiltinNode.java:39)
	at cz.cuni.mff.d3s.trupple.language.nodes.builtin.io.ReadBuiltinNodeFactory$ReadBuiltinNodeGen.executeVoid(ReadBuiltinNodeFactory.java:84)
	at cz.cuni.mff.d3s.trupple.language.nodes.function.ProcedureWrapExpressionNode.executeGeneric(ProcedureWrapExpressionNode.java:20)
	at cz.cuni.mff.d3s.trupple.language.nodes.root.PascalRootNode.execute(PascalRootNode.java:27)
	at com.oracle.truffle.api.impl.DefaultCallTarget.call(DefaultCallTarget.java:77)
	at cz.cuni.mff.d3s.trupple.language.nodes.call.InvokeNode.invoke(InvokeNode.java:37)
	at cz.cuni.mff.d3s.trupple.language.nodes.call.InvokeNodeGen.executeGeneric(InvokeNodeGen.java:25)
	at cz.cuni.mff.d3s.trupple.language.nodes.call.InvokeNodeGen.executeVoid(InvokeNodeGen.java:30)
	at cz.cuni.mff.d3s.trupple.language.nodes.statement.BlockNode.executeVoid(BlockNode.java:27)
	at cz.cuni.mff.d3s.trupple.language.nodes.statement.ExtendedBlockNode.executeVoid(ExtendedBlockNode.java:68)
	at cz.cuni.mff.d3s.trupple.language.nodes.statement.BlockNode.executeVoid(BlockNode.java:27)
	at cz.cuni.mff.d3s.trupple.language.nodes.function.ProcedureBodyNode.executeVoid(ProcedureBodyNode.java:20)
	at cz.cuni.mff.d3s.trupple.language.nodes.function.ProcedureWrapExpressionNode.executeGeneric(ProcedureWrapExpressionNode.java:20)
	at cz.cuni.mff.d3s.trupple.language.nodes.root.PascalRootNode.execute(PascalRootNode.java:27)
	at com.oracle.truffle.api.impl.DefaultCallTarget.callDirectOrIndirect(DefaultCallTarget.java:63)
	at com.oracle.truffle.api.impl.DefaultDirectCallNode.call(DefaultDirectCallNode.java:44)
	at com.oracle.truffle.api.vm.PolyglotEngine$PolyglotEvalRootNode.executeImpl(PolyglotEngine.java:951)
	at com.oracle.truffle.api.vm.PolyglotEngine$PolyglotRootNode.execute(PolyglotEngine.java:913)
	at com.oracle.truffle.api.impl.DefaultCallTarget.call(DefaultCallTarget.java:77)
	at com.oracle.truffle.api.vm.PolyglotEngine.evalImpl(PolyglotEngine.java:606)
	at com.oracle.truffle.api.vm.PolyglotEngine.evalImpl(PolyglotEngine.java:586)
	at com.oracle.truffle.api.vm.PolyglotEngine.eval(PolyglotEngine.java:527)
	at cz.cuni.mff.d3s.trupple.JUnitTest.test(JUnitTest.java:83)
	at cz.cuni.mff.d3s.trupple.JUnitTest.test(JUnitTest.java:76)
	at cz.cuni.mff.d3s.trupple.JUnitTest.test(JUnitTest.java:71)
	at cz.cuni.mff.d3s.trupple.JUnitTest.test(JUnitTest.java:63)
	at cz.cuni.mff.d3s.trupple.JUnitTest.testWithInput(JUnitTest.java:55)
	at cz.cuni.mff.d3s.trupple.JUnitTest.testWithInput(JUnitTest.java:50)
	at cz.cuni.mff.d3s.trupple.ReadTest.correctReadBehaviourTest(ReadTest.java:31)
	at sun.reflect.NativeMethodAccessorImpl.invoke0(Native Method)
	at sun.reflect.NativeMethodAccessorImpl.invoke(NativeMethodAccessorImpl.java:62)
	at sun.reflect.DelegatingMethodAccessorImpl.invoke(DelegatingMethodAccessorImpl.java:43)
	at java.lang.reflect.Method.invoke(Method.java:498)
	at org.junit.runners.model.FrameworkMethod$1.runReflectiveCall(FrameworkMethod.java:47)
	at org.junit.internal.runners.model.ReflectiveCallable.run(ReflectiveCallable.java:12)
	at org.junit.runners.model.FrameworkMethod.invokeExplosively(FrameworkMethod.java:44)
	at org.junit.internal.runners.statements.InvokeMethod.evaluate(InvokeMethod.java:17)
	at org.junit.internal.runners.statements.RunBefores.evaluate(RunBefores.java:26)
	at org.junit.runners.ParentRunner.runLeaf(ParentRunner.java:271)
	at org.junit.runners.BlockJUnit4ClassRunner.runChild(BlockJUnit4ClassRunner.java:70)
	at org.junit.runners.BlockJUnit4ClassRunner.runChild(BlockJUnit4ClassRunner.java:50)
	at org.junit.runners.ParentRunner$3.run(ParentRunner.java:238)
	at org.junit.runners.ParentRunner$1.schedule(ParentRunner.java:63)
	at org.junit.runners.ParentRunner.runChildren(ParentRunner.java:236)
	at org.junit.runners.ParentRunner.access$000(ParentRunner.java:53)
	at org.junit.runners.ParentRunner$2.evaluate(ParentRunner.java:229)
	at org.junit.runners.ParentRunner.run(ParentRunner.java:309)
	at org.junit.runners.Suite.runChild(Suite.java:127)
	at org.junit.runners.Suite.runChild(Suite.java:26)
	at org.junit.runners.ParentRunner$3.run(ParentRunner.java:238)
	at org.junit.runners.ParentRunner$1.schedule(ParentRunner.java:63)
	at org.junit.runners.ParentRunner.runChildren(ParentRunner.java:236)
	at org.junit.runners.ParentRunner.access$000(ParentRunner.java:53)
	at org.junit.runners.ParentRunner$2.evaluate(ParentRunner.java:229)
	at org.junit.runners.ParentRunner.run(ParentRunner.java:309)
	at org.apache.maven.surefire.junit4.JUnit4Provider.execute(JUnit4Provider.java:252)
	at org.apache.maven.surefire.junit4.JUnit4Provider.executeTestSet(JUnit4Provider.java:141)
	at org.apache.maven.surefire.junit4.JUnit4Provider.invoke(JUnit4Provider.java:112)
	at sun.reflect.NativeMethodAccessorImpl.invoke0(Native Method)
	at sun.reflect.NativeMethodAccessorImpl.invoke(NativeMethodAccessorImpl.java:62)
	at sun.reflect.DelegatingMethodAccessorImpl.invoke(DelegatingMethodAccessorImpl.java:43)
	at java.lang.reflect.Method.invoke(Method.java:498)
	at org.apache.maven.surefire.util.ReflectionUtils.invokeMethodWithArray(ReflectionUtils.java:189)
	at org.apache.maven.surefire.booter.ProviderFactory$ProviderProxy.invoke(ProviderFactory.java:165)
	at org.apache.maven.surefire.booter.ProviderFactory.invokeProvider(ProviderFactory.java:85)
	at org.apache.maven.surefire.booter.ForkedBooter.runSuitesInProcess(ForkedBooter.java:115)
	at org.apache.maven.surefire.booter.ForkedBooter.main(ForkedBooter.java:75)
</error>
  </testcase>
  <testcase classname="cz.cuni.mff.d3s.trupple.ReadTest" name="mutipleReadLnOnMultipleLinesTest" time="0.01">
    <error type="java.util.NoSuchElementException">java.util.NoSuchElementException
	at java.util.Scanner.throwFor(Scanner.java:862)
	at java.util.Scanner.next(Scanner.java:1485)
	at java.util.Scanner.nextLong(Scanner.java:2222)
	at java.util.Scanner.nextLong(Scanner.java:2182)
	at cz.cuni.mff.d3s.trupple.language.nodes.builtin.io.ReadBuiltinNode.readLong(ReadBuiltinNode.java:132)
	at cz.cuni.mff.d3s.trupple.language.nodes.builtin.io.ReadBuiltinNode.readOneToReference(ReadBuiltinNode.java:85)
	at cz.cuni.mff.d3s.trupple.language.nodes.builtin.io.ReadBuiltinNode.read(ReadBuiltinNode.java:67)
	at cz.cuni.mff.d3s.trupple.language.nodes.builtin.io.ReadBuiltinNode.read(ReadBuiltinNode.java:39)
	at cz.cuni.mff.d3s.trupple.language.nodes.builtin.io.ReadlnBuiltinNode.read(ReadlnBuiltinNode.java:16)
	at cz.cuni.mff.d3s.trupple.language.nodes.builtin.io.ReadlnBuiltinNodeFactory$ReadlnBuiltinNodeGen.executeVoid(ReadlnBuiltinNodeFactory.java:84)
	at cz.cuni.mff.d3s.trupple.language.nodes.function.ProcedureWrapExpressionNode.executeGeneric(ProcedureWrapExpressionNode.java:20)
	at cz.cuni.mff.d3s.trupple.language.nodes.root.PascalRootNode.execute(PascalRootNode.java:27)
	at com.oracle.truffle.api.impl.DefaultCallTarget.call(DefaultCallTarget.java:77)
	at cz.cuni.mff.d3s.trupple.language.nodes.call.InvokeNode.invoke(InvokeNode.java:37)
	at cz.cuni.mff.d3s.trupple.language.nodes.call.InvokeNodeGen.executeGeneric(InvokeNodeGen.java:25)
	at cz.cuni.mff.d3s.trupple.language.nodes.call.InvokeNodeGen.executeVoid(InvokeNodeGen.java:30)
	at cz.cuni.mff.d3s.trupple.language.nodes.statement.BlockNode.executeVoid(BlockNode.java:27)
	at cz.cuni.mff.d3s.trupple.language.nodes.statement.ExtendedBlockNode.executeVoid(ExtendedBlockNode.java:68)
	at cz.cuni.mff.d3s.trupple.language.nodes.statement.BlockNode.executeVoid(BlockNode.java:27)
	at cz.cuni.mff.d3s.trupple.language.nodes.function.ProcedureBodyNode.executeVoid(ProcedureBodyNode.java:20)
	at cz.cuni.mff.d3s.trupple.language.nodes.function.ProcedureWrapExpressionNode.executeGeneric(ProcedureWrapExpressionNode.java:20)
	at cz.cuni.mff.d3s.trupple.language.nodes.root.PascalRootNode.execute(PascalRootNode.java:27)
	at com.oracle.truffle.api.impl.DefaultCallTarget.callDirectOrIndirect(DefaultCallTarget.java:63)
	at com.oracle.truffle.api.impl.DefaultDirectCallNode.call(DefaultDirectCallNode.java:44)
	at com.oracle.truffle.api.vm.PolyglotEngine$PolyglotEvalRootNode.executeImpl(PolyglotEngine.java:951)
	at com.oracle.truffle.api.vm.PolyglotEngine$PolyglotRootNode.execute(PolyglotEngine.java:913)
	at com.oracle.truffle.api.impl.DefaultCallTarget.call(DefaultCallTarget.java:77)
	at com.oracle.truffle.api.vm.PolyglotEngine.evalImpl(PolyglotEngine.java:606)
	at com.oracle.truffle.api.vm.PolyglotEngine.evalImpl(PolyglotEngine.java:586)
	at com.oracle.truffle.api.vm.PolyglotEngine.eval(PolyglotEngine.java:527)
	at cz.cuni.mff.d3s.trupple.JUnitTest.test(JUnitTest.java:83)
	at cz.cuni.mff.d3s.trupple.JUnitTest.test(JUnitTest.java:76)
	at cz.cuni.mff.d3s.trupple.JUnitTest.test(JUnitTest.java:71)
	at cz.cuni.mff.d3s.trupple.JUnitTest.test(JUnitTest.java:63)
	at cz.cuni.mff.d3s.trupple.JUnitTest.testWithInput(JUnitTest.java:55)
	at cz.cuni.mff.d3s.trupple.JUnitTest.testWithInput(JUnitTest.java:50)
	at cz.cuni.mff.d3s.trupple.ReadTest.mutipleReadLnOnMultipleLinesTest(ReadTest.java:60)
	at sun.reflect.NativeMethodAccessorImpl.invoke0(Native Method)
	at sun.reflect.NativeMethodAccessorImpl.invoke(NativeMethodAccessorImpl.java:62)
	at sun.reflect.DelegatingMethodAccessorImpl.invoke(DelegatingMethodAccessorImpl.java:43)
	at java.lang.reflect.Method.invoke(Method.java:498)
	at org.junit.runners.model.FrameworkMethod$1.runReflectiveCall(FrameworkMethod.java:47)
	at org.junit.internal.runners.model.ReflectiveCallable.run(ReflectiveCallable.java:12)
	at org.junit.runners.model.FrameworkMethod.invokeExplosively(FrameworkMethod.java:44)
	at org.junit.internal.runners.statements.InvokeMethod.evaluate(InvokeMethod.java:17)
	at org.junit.internal.runners.statements.RunBefores.evaluate(RunBefores.java:26)
	at org.junit.runners.ParentRunner.runLeaf(ParentRunner.java:271)
	at org.junit.runners.BlockJUnit4ClassRunner.runChild(BlockJUnit4ClassRunner.java:70)
	at org.junit.runners.BlockJUnit4ClassRunner.runChild(BlockJUnit4ClassRunner.java:50)
	at org.junit.runners.ParentRunner$3.run(ParentRunner.java:238)
	at org.junit.runners.ParentRunner$1.schedule(ParentRunner.java:63)
	at org.junit.runners.ParentRunner.runChildren(ParentRunner.java:236)
	at org.junit.runners.ParentRunner.access$000(ParentRunner.java:53)
	at org.junit.runners.ParentRunner$2.evaluate(ParentRunner.java:229)
	at org.junit.runners.ParentRunner.run(ParentRunner.java:309)
	at org.junit.runners.Suite.runChild(Suite.java:127)
	at org.junit.runners.Suite.runChild(Suite.java:26)
	at org.junit.runners.ParentRunner$3.run(ParentRunner.java:238)
	at org.junit.runners.ParentRunner$1.schedule(ParentRunner.java:63)
	at org.junit.runners.ParentRunner.runChildren(ParentRunner.java:236)
	at org.junit.runners.ParentRunner.access$000(ParentRunner.java:53)
	at org.junit.runners.ParentRunner$2.evaluate(ParentRunner.java:229)
	at org.junit.runners.ParentRunner.run(ParentRunner.java:309)
	at org.apache.maven.surefire.junit4.JUnit4Provider.execute(JUnit4Provider.java:252)
	at org.apache.maven.surefire.junit4.JUnit4Provider.executeTestSet(JUnit4Provider.java:141)
	at org.apache.maven.surefire.junit4.JUnit4Provider.invoke(JUnit4Provider.java:112)
	at sun.reflect.NativeMethodAccessorImpl.invoke0(Native Method)
	at sun.reflect.NativeMethodAccessorImpl.invoke(NativeMethodAccessorImpl.java:62)
	at sun.reflect.DelegatingMethodAccessorImpl.invoke(DelegatingMethodAccessorImpl.java:43)
	at java.lang.reflect.Method.invoke(Method.java:498)
	at org.apache.maven.surefire.util.ReflectionUtils.invokeMethodWithArray(ReflectionUtils.java:189)
	at org.apache.maven.surefire.booter.ProviderFactory$ProviderProxy.invoke(ProviderFactory.java:165)
	at org.apache.maven.surefire.booter.ProviderFactory.invokeProvider(ProviderFactory.java:85)
	at org.apache.maven.surefire.booter.ForkedBooter.runSuitesInProcess(ForkedBooter.java:115)
	at org.apache.maven.surefire.booter.ForkedBooter.main(ForkedBooter.java:75)
</error>
  </testcase>
  <testcase classname="cz.cuni.mff.d3s.trupple.ReadTest" name="simpleReadIntegerTest" time="0.004"/>
  <testcase classname="cz.cuni.mff.d3s.trupple.ReadTest" name="simpleCalculationBasedOnInputTest" time="0.005">
    <error message="No line found" type="java.util.NoSuchElementException">java.util.NoSuchElementException: No line found
	at java.util.Scanner.nextLine(Scanner.java:1540)
	at cz.cuni.mff.d3s.trupple.language.nodes.builtin.io.ReadlnBuiltinNode.consumeNewLine(ReadlnBuiltinNode.java:22)
	at cz.cuni.mff.d3s.trupple.language.nodes.builtin.io.ReadlnBuiltinNode.read(ReadlnBuiltinNode.java:17)
	at cz.cuni.mff.d3s.trupple.language.nodes.builtin.io.ReadlnBuiltinNodeFactory$ReadlnBuiltinNodeGen.executeVoid(ReadlnBuiltinNodeFactory.java:84)
	at cz.cuni.mff.d3s.trupple.language.nodes.function.ProcedureWrapExpressionNode.executeGeneric(ProcedureWrapExpressionNode.java:20)
	at cz.cuni.mff.d3s.trupple.language.nodes.root.PascalRootNode.execute(PascalRootNode.java:27)
	at com.oracle.truffle.api.impl.DefaultCallTarget.call(DefaultCallTarget.java:77)
	at cz.cuni.mff.d3s.trupple.language.nodes.call.InvokeNode.invoke(InvokeNode.java:37)
	at cz.cuni.mff.d3s.trupple.language.nodes.call.InvokeNodeGen.executeGeneric(InvokeNodeGen.java:25)
	at cz.cuni.mff.d3s.trupple.language.nodes.call.InvokeNodeGen.executeVoid(InvokeNodeGen.java:30)
	at cz.cuni.mff.d3s.trupple.language.nodes.statement.BlockNode.executeVoid(BlockNode.java:27)
	at cz.cuni.mff.d3s.trupple.language.nodes.statement.ExtendedBlockNode.executeVoid(ExtendedBlockNode.java:68)
	at cz.cuni.mff.d3s.trupple.language.nodes.statement.BlockNode.executeVoid(BlockNode.java:27)
	at cz.cuni.mff.d3s.trupple.language.nodes.function.ProcedureBodyNode.executeVoid(ProcedureBodyNode.java:20)
	at cz.cuni.mff.d3s.trupple.language.nodes.function.ProcedureWrapExpressionNode.executeGeneric(ProcedureWrapExpressionNode.java:20)
	at cz.cuni.mff.d3s.trupple.language.nodes.root.PascalRootNode.execute(PascalRootNode.java:27)
	at com.oracle.truffle.api.impl.DefaultCallTarget.callDirectOrIndirect(DefaultCallTarget.java:63)
	at com.oracle.truffle.api.impl.DefaultDirectCallNode.call(DefaultDirectCallNode.java:44)
	at com.oracle.truffle.api.vm.PolyglotEngine$PolyglotEvalRootNode.executeImpl(PolyglotEngine.java:951)
	at com.oracle.truffle.api.vm.PolyglotEngine$PolyglotRootNode.execute(PolyglotEngine.java:913)
	at com.oracle.truffle.api.impl.DefaultCallTarget.call(DefaultCallTarget.java:77)
	at com.oracle.truffle.api.vm.PolyglotEngine.evalImpl(PolyglotEngine.java:606)
	at com.oracle.truffle.api.vm.PolyglotEngine.evalImpl(PolyglotEngine.java:586)
	at com.oracle.truffle.api.vm.PolyglotEngine.eval(PolyglotEngine.java:527)
	at cz.cuni.mff.d3s.trupple.JUnitTest.test(JUnitTest.java:83)
	at cz.cuni.mff.d3s.trupple.JUnitTest.test(JUnitTest.java:76)
	at cz.cuni.mff.d3s.trupple.JUnitTest.test(JUnitTest.java:71)
	at cz.cuni.mff.d3s.trupple.JUnitTest.test(JUnitTest.java:63)
	at cz.cuni.mff.d3s.trupple.JUnitTest.testWithInput(JUnitTest.java:55)
	at cz.cuni.mff.d3s.trupple.JUnitTest.testWithInput(JUnitTest.java:50)
	at cz.cuni.mff.d3s.trupple.ReadTest.simpleCalculationBasedOnInputTest(ReadTest.java:77)
	at sun.reflect.NativeMethodAccessorImpl.invoke0(Native Method)
	at sun.reflect.NativeMethodAccessorImpl.invoke(NativeMethodAccessorImpl.java:62)
	at sun.reflect.DelegatingMethodAccessorImpl.invoke(DelegatingMethodAccessorImpl.java:43)
	at java.lang.reflect.Method.invoke(Method.java:498)
	at org.junit.runners.model.FrameworkMethod$1.runReflectiveCall(FrameworkMethod.java:47)
	at org.junit.internal.runners.model.ReflectiveCallable.run(ReflectiveCallable.java:12)
	at org.junit.runners.model.FrameworkMethod.invokeExplosively(FrameworkMethod.java:44)
	at org.junit.internal.runners.statements.InvokeMethod.evaluate(InvokeMethod.java:17)
	at org.junit.internal.runners.statements.RunBefores.evaluate(RunBefores.java:26)
	at org.junit.runners.ParentRunner.runLeaf(ParentRunner.java:271)
	at org.junit.runners.BlockJUnit4ClassRunner.runChild(BlockJUnit4ClassRunner.java:70)
	at org.junit.runners.BlockJUnit4ClassRunner.runChild(BlockJUnit4ClassRunner.java:50)
	at org.junit.runners.ParentRunner$3.run(ParentRunner.java:238)
	at org.junit.runners.ParentRunner$1.schedule(ParentRunner.java:63)
	at org.junit.runners.ParentRunner.runChildren(ParentRunner.java:236)
	at org.junit.runners.ParentRunner.access$000(ParentRunner.java:53)
	at org.junit.runners.ParentRunner$2.evaluate(ParentRunner.java:229)
	at org.junit.runners.ParentRunner.run(ParentRunner.java:309)
	at org.junit.runners.Suite.runChild(Suite.java:127)
	at org.junit.runners.Suite.runChild(Suite.java:26)
	at org.junit.runners.ParentRunner$3.run(ParentRunner.java:238)
	at org.junit.runners.ParentRunner$1.schedule(ParentRunner.java:63)
	at org.junit.runners.ParentRunner.runChildren(ParentRunner.java:236)
	at org.junit.runners.ParentRunner.access$000(ParentRunner.java:53)
	at org.junit.runners.ParentRunner$2.evaluate(ParentRunner.java:229)
	at org.junit.runners.ParentRunner.run(ParentRunner.java:309)
	at org.apache.maven.surefire.junit4.JUnit4Provider.execute(JUnit4Provider.java:252)
	at org.apache.maven.surefire.junit4.JUnit4Provider.executeTestSet(JUnit4Provider.java:141)
	at org.apache.maven.surefire.junit4.JUnit4Provider.invoke(JUnit4Provider.java:112)
	at sun.reflect.NativeMethodAccessorImpl.invoke0(Native Method)
	at sun.reflect.NativeMethodAccessorImpl.invoke(NativeMethodAccessorImpl.java:62)
	at sun.reflect.DelegatingMethodAccessorImpl.invoke(DelegatingMethodAccessorImpl.java:43)
	at java.lang.reflect.Method.invoke(Method.java:498)
	at org.apache.maven.surefire.util.ReflectionUtils.invokeMethodWithArray(ReflectionUtils.java:189)
	at org.apache.maven.surefire.booter.ProviderFactory$ProviderProxy.invoke(ProviderFactory.java:165)
	at org.apache.maven.surefire.booter.ProviderFactory.invokeProvider(ProviderFactory.java:85)
	at org.apache.maven.surefire.booter.ForkedBooter.runSuitesInProcess(ForkedBooter.java:115)
	at org.apache.maven.surefire.booter.ForkedBooter.main(ForkedBooter.java:75)
</error>
  </testcase>
  <testcase classname="cz.cuni.mff.d3s.trupple.ReadTest" name="multipleReadOnOneLineTest" time="0.005">
    <error type="java.util.NoSuchElementException">java.util.NoSuchElementException
	at java.util.Scanner.throwFor(Scanner.java:862)
	at java.util.Scanner.next(Scanner.java:1485)
	at java.util.Scanner.nextLong(Scanner.java:2222)
	at java.util.Scanner.nextLong(Scanner.java:2182)
	at cz.cuni.mff.d3s.trupple.language.nodes.builtin.io.ReadBuiltinNode.readLong(ReadBuiltinNode.java:132)
	at cz.cuni.mff.d3s.trupple.language.nodes.builtin.io.ReadBuiltinNode.readOneToReference(ReadBuiltinNode.java:85)
	at cz.cuni.mff.d3s.trupple.language.nodes.builtin.io.ReadBuiltinNode.read(ReadBuiltinNode.java:67)
	at cz.cuni.mff.d3s.trupple.language.nodes.builtin.io.ReadBuiltinNode.read(ReadBuiltinNode.java:39)
	at cz.cuni.mff.d3s.trupple.language.nodes.builtin.io.ReadBuiltinNodeFactory$ReadBuiltinNodeGen.executeVoid(ReadBuiltinNodeFactory.java:84)
	at cz.cuni.mff.d3s.trupple.language.nodes.function.ProcedureWrapExpressionNode.executeGeneric(ProcedureWrapExpressionNode.java:20)
	at cz.cuni.mff.d3s.trupple.language.nodes.root.PascalRootNode.execute(PascalRootNode.java:27)
	at com.oracle.truffle.api.impl.DefaultCallTarget.call(DefaultCallTarget.java:77)
	at cz.cuni.mff.d3s.trupple.language.nodes.call.InvokeNode.invoke(InvokeNode.java:37)
	at cz.cuni.mff.d3s.trupple.language.nodes.call.InvokeNodeGen.executeGeneric(InvokeNodeGen.java:25)
	at cz.cuni.mff.d3s.trupple.language.nodes.call.InvokeNodeGen.executeVoid(InvokeNodeGen.java:30)
	at cz.cuni.mff.d3s.trupple.language.nodes.statement.BlockNode.executeVoid(BlockNode.java:27)
	at cz.cuni.mff.d3s.trupple.language.nodes.statement.ExtendedBlockNode.executeVoid(ExtendedBlockNode.java:68)
	at cz.cuni.mff.d3s.trupple.language.nodes.statement.BlockNode.executeVoid(BlockNode.java:27)
	at cz.cuni.mff.d3s.trupple.language.nodes.function.ProcedureBodyNode.executeVoid(ProcedureBodyNode.java:20)
	at cz.cuni.mff.d3s.trupple.language.nodes.function.ProcedureWrapExpressionNode.executeGeneric(ProcedureWrapExpressionNode.java:20)
	at cz.cuni.mff.d3s.trupple.language.nodes.root.PascalRootNode.execute(PascalRootNode.java:27)
	at com.oracle.truffle.api.impl.DefaultCallTarget.callDirectOrIndirect(DefaultCallTarget.java:63)
	at com.oracle.truffle.api.impl.DefaultDirectCallNode.call(DefaultDirectCallNode.java:44)
	at com.oracle.truffle.api.vm.PolyglotEngine$PolyglotEvalRootNode.executeImpl(PolyglotEngine.java:951)
	at com.oracle.truffle.api.vm.PolyglotEngine$PolyglotRootNode.execute(PolyglotEngine.java:913)
	at com.oracle.truffle.api.impl.DefaultCallTarget.call(DefaultCallTarget.java:77)
	at com.oracle.truffle.api.vm.PolyglotEngine.evalImpl(PolyglotEngine.java:606)
	at com.oracle.truffle.api.vm.PolyglotEngine.evalImpl(PolyglotEngine.java:586)
	at com.oracle.truffle.api.vm.PolyglotEngine.eval(PolyglotEngine.java:527)
	at cz.cuni.mff.d3s.trupple.JUnitTest.test(JUnitTest.java:83)
	at cz.cuni.mff.d3s.trupple.JUnitTest.test(JUnitTest.java:76)
	at cz.cuni.mff.d3s.trupple.JUnitTest.test(JUnitTest.java:71)
	at cz.cuni.mff.d3s.trupple.JUnitTest.test(JUnitTest.java:63)
	at cz.cuni.mff.d3s.trupple.JUnitTest.testWithInput(JUnitTest.java:55)
	at cz.cuni.mff.d3s.trupple.JUnitTest.testWithInput(JUnitTest.java:50)
	at cz.cuni.mff.d3s.trupple.ReadTest.multipleReadOnOneLineTest(ReadTest.java:44)
	at sun.reflect.NativeMethodAccessorImpl.invoke0(Native Method)
	at sun.reflect.NativeMethodAccessorImpl.invoke(NativeMethodAccessorImpl.java:62)
	at sun.reflect.DelegatingMethodAccessorImpl.invoke(DelegatingMethodAccessorImpl.java:43)
	at java.lang.reflect.Method.invoke(Method.java:498)
	at org.junit.runners.model.FrameworkMethod$1.runReflectiveCall(FrameworkMethod.java:47)
	at org.junit.internal.runners.model.ReflectiveCallable.run(ReflectiveCallable.java:12)
	at org.junit.runners.model.FrameworkMethod.invokeExplosively(FrameworkMethod.java:44)
	at org.junit.internal.runners.statements.InvokeMethod.evaluate(InvokeMethod.java:17)
	at org.junit.internal.runners.statements.RunBefores.evaluate(RunBefores.java:26)
	at org.junit.runners.ParentRunner.runLeaf(ParentRunner.java:271)
	at org.junit.runners.BlockJUnit4ClassRunner.runChild(BlockJUnit4ClassRunner.java:70)
	at org.junit.runners.BlockJUnit4ClassRunner.runChild(BlockJUnit4ClassRunner.java:50)
	at org.junit.runners.ParentRunner$3.run(ParentRunner.java:238)
	at org.junit.runners.ParentRunner$1.schedule(ParentRunner.java:63)
	at org.junit.runners.ParentRunner.runChildren(ParentRunner.java:236)
	at org.junit.runners.ParentRunner.access$000(ParentRunner.java:53)
	at org.junit.runners.ParentRunner$2.evaluate(ParentRunner.java:229)
	at org.junit.runners.ParentRunner.run(ParentRunner.java:309)
	at org.junit.runners.Suite.runChild(Suite.java:127)
	at org.junit.runners.Suite.runChild(Suite.java:26)
	at org.junit.runners.ParentRunner$3.run(ParentRunner.java:238)
	at org.junit.runners.ParentRunner$1.schedule(ParentRunner.java:63)
	at org.junit.runners.ParentRunner.runChildren(ParentRunner.java:236)
	at org.junit.runners.ParentRunner.access$000(ParentRunner.java:53)
	at org.junit.runners.ParentRunner$2.evaluate(ParentRunner.java:229)
	at org.junit.runners.ParentRunner.run(ParentRunner.java:309)
	at org.apache.maven.surefire.junit4.JUnit4Provider.execute(JUnit4Provider.java:252)
	at org.apache.maven.surefire.junit4.JUnit4Provider.executeTestSet(JUnit4Provider.java:141)
	at org.apache.maven.surefire.junit4.JUnit4Provider.invoke(JUnit4Provider.java:112)
	at sun.reflect.NativeMethodAccessorImpl.invoke0(Native Method)
	at sun.reflect.NativeMethodAccessorImpl.invoke(NativeMethodAccessorImpl.java:62)
	at sun.reflect.DelegatingMethodAccessorImpl.invoke(DelegatingMethodAccessorImpl.java:43)
	at java.lang.reflect.Method.invoke(Method.java:498)
	at org.apache.maven.surefire.util.ReflectionUtils.invokeMethodWithArray(ReflectionUtils.java:189)
	at org.apache.maven.surefire.booter.ProviderFactory$ProviderProxy.invoke(ProviderFactory.java:165)
	at org.apache.maven.surefire.booter.ProviderFactory.invokeProvider(ProviderFactory.java:85)
	at org.apache.maven.surefire.booter.ForkedBooter.runSuitesInProcess(ForkedBooter.java:115)
	at org.apache.maven.surefire.booter.ForkedBooter.main(ForkedBooter.java:75)
</error>
  </testcase>
  <testcase classname="cz.cuni.mff.d3s.trupple.ReadTest" name="multipleLineEndingTypeTest" time="0.005">
    <error type="java.util.NoSuchElementException">java.util.NoSuchElementException
	at java.util.Scanner.throwFor(Scanner.java:862)
	at java.util.Scanner.next(Scanner.java:1485)
	at java.util.Scanner.nextLong(Scanner.java:2222)
	at java.util.Scanner.nextLong(Scanner.java:2182)
	at cz.cuni.mff.d3s.trupple.language.nodes.builtin.io.ReadBuiltinNode.readLong(ReadBuiltinNode.java:132)
	at cz.cuni.mff.d3s.trupple.language.nodes.builtin.io.ReadBuiltinNode.readOneToReference(ReadBuiltinNode.java:85)
	at cz.cuni.mff.d3s.trupple.language.nodes.builtin.io.ReadBuiltinNode.read(ReadBuiltinNode.java:67)
	at cz.cuni.mff.d3s.trupple.language.nodes.builtin.io.ReadBuiltinNode.read(ReadBuiltinNode.java:39)
	at cz.cuni.mff.d3s.trupple.language.nodes.builtin.io.ReadlnBuiltinNode.read(ReadlnBuiltinNode.java:16)
	at cz.cuni.mff.d3s.trupple.language.nodes.builtin.io.ReadlnBuiltinNodeFactory$ReadlnBuiltinNodeGen.executeVoid(ReadlnBuiltinNodeFactory.java:84)
	at cz.cuni.mff.d3s.trupple.language.nodes.function.ProcedureWrapExpressionNode.executeGeneric(ProcedureWrapExpressionNode.java:20)
	at cz.cuni.mff.d3s.trupple.language.nodes.root.PascalRootNode.execute(PascalRootNode.java:27)
	at com.oracle.truffle.api.impl.DefaultCallTarget.call(DefaultCallTarget.java:77)
	at cz.cuni.mff.d3s.trupple.language.nodes.call.InvokeNode.invoke(InvokeNode.java:37)
	at cz.cuni.mff.d3s.trupple.language.nodes.call.InvokeNodeGen.executeGeneric(InvokeNodeGen.java:25)
	at cz.cuni.mff.d3s.trupple.language.nodes.call.InvokeNodeGen.executeVoid(InvokeNodeGen.java:30)
	at cz.cuni.mff.d3s.trupple.language.nodes.statement.BlockNode.executeVoid(BlockNode.java:27)
	at cz.cuni.mff.d3s.trupple.language.nodes.statement.ExtendedBlockNode.executeVoid(ExtendedBlockNode.java:68)
	at cz.cuni.mff.d3s.trupple.language.nodes.statement.BlockNode.executeVoid(BlockNode.java:27)
	at cz.cuni.mff.d3s.trupple.language.nodes.function.ProcedureBodyNode.executeVoid(ProcedureBodyNode.java:20)
	at cz.cuni.mff.d3s.trupple.language.nodes.function.ProcedureWrapExpressionNode.executeGeneric(ProcedureWrapExpressionNode.java:20)
	at cz.cuni.mff.d3s.trupple.language.nodes.root.PascalRootNode.execute(PascalRootNode.java:27)
	at com.oracle.truffle.api.impl.DefaultCallTarget.callDirectOrIndirect(DefaultCallTarget.java:63)
	at com.oracle.truffle.api.impl.DefaultDirectCallNode.call(DefaultDirectCallNode.java:44)
	at com.oracle.truffle.api.vm.PolyglotEngine$PolyglotEvalRootNode.executeImpl(PolyglotEngine.java:951)
	at com.oracle.truffle.api.vm.PolyglotEngine$PolyglotRootNode.execute(PolyglotEngine.java:913)
	at com.oracle.truffle.api.impl.DefaultCallTarget.call(DefaultCallTarget.java:77)
	at com.oracle.truffle.api.vm.PolyglotEngine.evalImpl(PolyglotEngine.java:606)
	at com.oracle.truffle.api.vm.PolyglotEngine.evalImpl(PolyglotEngine.java:586)
	at com.oracle.truffle.api.vm.PolyglotEngine.eval(PolyglotEngine.java:527)
	at cz.cuni.mff.d3s.trupple.JUnitTest.test(JUnitTest.java:83)
	at cz.cuni.mff.d3s.trupple.JUnitTest.test(JUnitTest.java:76)
	at cz.cuni.mff.d3s.trupple.JUnitTest.test(JUnitTest.java:71)
	at cz.cuni.mff.d3s.trupple.JUnitTest.test(JUnitTest.java:63)
	at cz.cuni.mff.d3s.trupple.JUnitTest.testWithInput(JUnitTest.java:55)
	at cz.cuni.mff.d3s.trupple.JUnitTest.testWithInput(JUnitTest.java:50)
	at cz.cuni.mff.d3s.trupple.ReadTest.multipleLineEndingTypeTest(ReadTest.java:95)
	at sun.reflect.NativeMethodAccessorImpl.invoke0(Native Method)
	at sun.reflect.NativeMethodAccessorImpl.invoke(NativeMethodAccessorImpl.java:62)
	at sun.reflect.DelegatingMethodAccessorImpl.invoke(DelegatingMethodAccessorImpl.java:43)
	at java.lang.reflect.Method.invoke(Method.java:498)
	at org.junit.runners.model.FrameworkMethod$1.runReflectiveCall(FrameworkMethod.java:47)
	at org.junit.internal.runners.model.ReflectiveCallable.run(ReflectiveCallable.java:12)
	at org.junit.runners.model.FrameworkMethod.invokeExplosively(FrameworkMethod.java:44)
	at org.junit.internal.runners.statements.InvokeMethod.evaluate(InvokeMethod.java:17)
	at org.junit.internal.runners.statements.RunBefores.evaluate(RunBefores.java:26)
	at org.junit.runners.ParentRunner.runLeaf(ParentRunner.java:271)
	at org.junit.runners.BlockJUnit4ClassRunner.runChild(BlockJUnit4ClassRunner.java:70)
	at org.junit.runners.BlockJUnit4ClassRunner.runChild(BlockJUnit4ClassRunner.java:50)
	at org.junit.runners.ParentRunner$3.run(ParentRunner.java:238)
	at org.junit.runners.ParentRunner$1.schedule(ParentRunner.java:63)
	at org.junit.runners.ParentRunner.runChildren(ParentRunner.java:236)
	at org.junit.runners.ParentRunner.access$000(ParentRunner.java:53)
	at org.junit.runners.ParentRunner$2.evaluate(ParentRunner.java:229)
	at org.junit.runners.ParentRunner.run(ParentRunner.java:309)
	at org.junit.runners.Suite.runChild(Suite.java:127)
	at org.junit.runners.Suite.runChild(Suite.java:26)
	at org.junit.runners.ParentRunner$3.run(ParentRunner.java:238)
	at org.junit.runners.ParentRunner$1.schedule(ParentRunner.java:63)
	at org.junit.runners.ParentRunner.runChildren(ParentRunner.java:236)
	at org.junit.runners.ParentRunner.access$000(ParentRunner.java:53)
	at org.junit.runners.ParentRunner$2.evaluate(ParentRunner.java:229)
	at org.junit.runners.ParentRunner.run(ParentRunner.java:309)
	at org.apache.maven.surefire.junit4.JUnit4Provider.execute(JUnit4Provider.java:252)
	at org.apache.maven.surefire.junit4.JUnit4Provider.executeTestSet(JUnit4Provider.java:141)
	at org.apache.maven.surefire.junit4.JUnit4Provider.invoke(JUnit4Provider.java:112)
	at sun.reflect.NativeMethodAccessorImpl.invoke0(Native Method)
	at sun.reflect.NativeMethodAccessorImpl.invoke(NativeMethodAccessorImpl.java:62)
	at sun.reflect.DelegatingMethodAccessorImpl.invoke(DelegatingMethodAccessorImpl.java:43)
	at java.lang.reflect.Method.invoke(Method.java:498)
	at org.apache.maven.surefire.util.ReflectionUtils.invokeMethodWithArray(ReflectionUtils.java:189)
	at org.apache.maven.surefire.booter.ProviderFactory$ProviderProxy.invoke(ProviderFactory.java:165)
	at org.apache.maven.surefire.booter.ProviderFactory.invokeProvider(ProviderFactory.java:85)
	at org.apache.maven.surefire.booter.ForkedBooter.runSuitesInProcess(ForkedBooter.java:115)
	at org.apache.maven.surefire.booter.ForkedBooter.main(ForkedBooter.java:75)
</error>
  </testcase>
  <testcase classname="cz.cuni.mff.d3s.trupple.ConstantsTest" name="simple" time="0.005"/>
  <testcase classname="cz.cuni.mff.d3s.trupple.StringTest" name="stringDoubleQuotes2Test" time="0.003"/>
  <testcase classname="cz.cuni.mff.d3s.trupple.StringTest" name="stringDoubleQuotes3Test" time="0.004"/>
  <testcase classname="cz.cuni.mff.d3s.trupple.StringTest" name="stringDoubleQuotes4Test" time="0.003"/>
  <testcase classname="cz.cuni.mff.d3s.trupple.StringTest" name="stringDoubleQuotesTest" time="0.003"/>
  <testcase classname="cz.cuni.mff.d3s.trupple.StringTest" name="stringSimpleTest" time="0.004"/>
  <testcase classname="cz.cuni.mff.d3s.trupple.StringTest" name="stringIndexingTest" time="0.004"/>
  <testcase classname="cz.cuni.mff.d3s.trupple.UnitTest" name="simpleTest" time="0.004">
    <error type="java.lang.NullPointerException">java.lang.NullPointerException
	at cz.cuni.mff.d3s.trupple.parser.identifierstable.IdentifiersTable.registerNewIdentifier(IdentifiersTable.java:308)
	at cz.cuni.mff.d3s.trupple.parser.identifierstable.IdentifiersTable.addVariable(IdentifiersTable.java:202)
	at cz.cuni.mff.d3s.trupple.parser.LexicalScope.registerLocalVariable(LexicalScope.java:155)
	at cz.cuni.mff.d3s.trupple.parser.NodeFactory.registerVariables(NodeFactory.java:215)
	at cz.cuni.mff.d3s.trupple.parser.tp.Parser.VariableLineDeclaration(Parser.java:423)
	at cz.cuni.mff.d3s.trupple.parser.tp.Parser.VariableDeclarations(Parser.java:231)
	at cz.cuni.mff.d3s.trupple.parser.tp.Parser.Declaration(Parser.java:187)
	at cz.cuni.mff.d3s.trupple.parser.tp.Parser.Declarations(Parser.java:145)
	at cz.cuni.mff.d3s.trupple.parser.tp.Parser.Pascal(Parser.java:110)
	at cz.cuni.mff.d3s.trupple.parser.tp.Parser.Parse(Parser.java:1304)
	at cz.cuni.mff.d3s.trupple.language.PascalLanguage.parseSource(PascalLanguage.java:110)
	at cz.cuni.mff.d3s.trupple.language.PascalLanguage.parse(PascalLanguage.java:85)
	at com.oracle.truffle.api.TruffleLanguage$ParsingRequest.parse(TruffleLanguage.java:352)
	at com.oracle.truffle.api.TruffleLanguage$LanguageImpl.parseForLanguage(TruffleLanguage.java:875)
	at com.oracle.truffle.api.TruffleLanguage$LanguageImpl.parse(TruffleLanguage.java:862)
	at com.oracle.truffle.api.vm.PolyglotEngine$PolyglotEvalRootNode.initialize(PolyglotEngine.java:956)
	at com.oracle.truffle.api.vm.PolyglotEngine$PolyglotEvalRootNode.executeImpl(PolyglotEngine.java:948)
	at com.oracle.truffle.api.vm.PolyglotEngine$PolyglotRootNode.execute(PolyglotEngine.java:913)
	at com.oracle.truffle.api.impl.DefaultCallTarget.call(DefaultCallTarget.java:77)
	at com.oracle.truffle.api.vm.PolyglotEngine.evalImpl(PolyglotEngine.java:606)
	at com.oracle.truffle.api.vm.PolyglotEngine.evalImpl(PolyglotEngine.java:586)
	at com.oracle.truffle.api.vm.PolyglotEngine.eval(PolyglotEngine.java:527)
	at cz.cuni.mff.d3s.trupple.JUnitTest.test(JUnitTest.java:83)
	at cz.cuni.mff.d3s.trupple.JUnitTest.test(JUnitTest.java:76)
	at cz.cuni.mff.d3s.trupple.JUnitTest.test(JUnitTest.java:71)
	at cz.cuni.mff.d3s.trupple.UnitTest.simpleTest(UnitTest.java:90)
	at sun.reflect.NativeMethodAccessorImpl.invoke0(Native Method)
	at sun.reflect.NativeMethodAccessorImpl.invoke(NativeMethodAccessorImpl.java:62)
	at sun.reflect.DelegatingMethodAccessorImpl.invoke(DelegatingMethodAccessorImpl.java:43)
	at java.lang.reflect.Method.invoke(Method.java:498)
	at org.junit.runners.model.FrameworkMethod$1.runReflectiveCall(FrameworkMethod.java:47)
	at org.junit.internal.runners.model.ReflectiveCallable.run(ReflectiveCallable.java:12)
	at org.junit.runners.model.FrameworkMethod.invokeExplosively(FrameworkMethod.java:44)
	at org.junit.internal.runners.statements.InvokeMethod.evaluate(InvokeMethod.java:17)
	at org.junit.internal.runners.statements.RunBefores.evaluate(RunBefores.java:26)
	at org.junit.runners.ParentRunner.runLeaf(ParentRunner.java:271)
	at org.junit.runners.BlockJUnit4ClassRunner.runChild(BlockJUnit4ClassRunner.java:70)
	at org.junit.runners.BlockJUnit4ClassRunner.runChild(BlockJUnit4ClassRunner.java:50)
	at org.junit.runners.ParentRunner$3.run(ParentRunner.java:238)
	at org.junit.runners.ParentRunner$1.schedule(ParentRunner.java:63)
	at org.junit.runners.ParentRunner.runChildren(ParentRunner.java:236)
	at org.junit.runners.ParentRunner.access$000(ParentRunner.java:53)
	at org.junit.runners.ParentRunner$2.evaluate(ParentRunner.java:229)
	at org.junit.runners.ParentRunner.run(ParentRunner.java:309)
	at org.junit.runners.Suite.runChild(Suite.java:127)
	at org.junit.runners.Suite.runChild(Suite.java:26)
	at org.junit.runners.ParentRunner$3.run(ParentRunner.java:238)
	at org.junit.runners.ParentRunner$1.schedule(ParentRunner.java:63)
	at org.junit.runners.ParentRunner.runChildren(ParentRunner.java:236)
	at org.junit.runners.ParentRunner.access$000(ParentRunner.java:53)
	at org.junit.runners.ParentRunner$2.evaluate(ParentRunner.java:229)
	at org.junit.runners.ParentRunner.run(ParentRunner.java:309)
	at org.apache.maven.surefire.junit4.JUnit4Provider.execute(JUnit4Provider.java:252)
	at org.apache.maven.surefire.junit4.JUnit4Provider.executeTestSet(JUnit4Provider.java:141)
	at org.apache.maven.surefire.junit4.JUnit4Provider.invoke(JUnit4Provider.java:112)
	at sun.reflect.NativeMethodAccessorImpl.invoke0(Native Method)
	at sun.reflect.NativeMethodAccessorImpl.invoke(NativeMethodAccessorImpl.java:62)
	at sun.reflect.DelegatingMethodAccessorImpl.invoke(DelegatingMethodAccessorImpl.java:43)
	at java.lang.reflect.Method.invoke(Method.java:498)
	at org.apache.maven.surefire.util.ReflectionUtils.invokeMethodWithArray(ReflectionUtils.java:189)
	at org.apache.maven.surefire.booter.ProviderFactory$ProviderProxy.invoke(ProviderFactory.java:165)
	at org.apache.maven.surefire.booter.ProviderFactory.invokeProvider(ProviderFactory.java:85)
	at org.apache.maven.surefire.booter.ForkedBooter.runSuitesInProcess(ForkedBooter.java:115)
	at org.apache.maven.surefire.booter.ForkedBooter.main(ForkedBooter.java:75)
</error>
  </testcase>
  <testcase classname="cz.cuni.mff.d3s.trupple.UnitTest" name="recursiveUnitWithRecordTest" time="0.006">
    <error type="java.lang.NullPointerException">java.lang.NullPointerException
	at cz.cuni.mff.d3s.trupple.parser.identifierstable.IdentifiersTable.registerNewIdentifier(IdentifiersTable.java:308)
	at cz.cuni.mff.d3s.trupple.parser.identifierstable.IdentifiersTable.addVariable(IdentifiersTable.java:202)
	at cz.cuni.mff.d3s.trupple.parser.LexicalScope.registerLocalVariable(LexicalScope.java:155)
	at cz.cuni.mff.d3s.trupple.parser.NodeFactory.registerVariables(NodeFactory.java:215)
	at cz.cuni.mff.d3s.trupple.parser.tp.Parser.VariableLineDeclaration(Parser.java:423)
	at cz.cuni.mff.d3s.trupple.parser.tp.Parser.VariableDeclarations(Parser.java:228)
	at cz.cuni.mff.d3s.trupple.parser.tp.Parser.Declaration(Parser.java:187)
	at cz.cuni.mff.d3s.trupple.parser.tp.Parser.Declarations(Parser.java:145)
	at cz.cuni.mff.d3s.trupple.parser.tp.Parser.Pascal(Parser.java:110)
	at cz.cuni.mff.d3s.trupple.parser.tp.Parser.Parse(Parser.java:1304)
	at cz.cuni.mff.d3s.trupple.language.PascalLanguage.parseSource(PascalLanguage.java:110)
	at cz.cuni.mff.d3s.trupple.language.PascalLanguage.parse(PascalLanguage.java:85)
	at com.oracle.truffle.api.TruffleLanguage$ParsingRequest.parse(TruffleLanguage.java:352)
	at com.oracle.truffle.api.TruffleLanguage$LanguageImpl.parseForLanguage(TruffleLanguage.java:875)
	at com.oracle.truffle.api.TruffleLanguage$LanguageImpl.parse(TruffleLanguage.java:862)
	at com.oracle.truffle.api.vm.PolyglotEngine$PolyglotEvalRootNode.initialize(PolyglotEngine.java:956)
	at com.oracle.truffle.api.vm.PolyglotEngine$PolyglotEvalRootNode.executeImpl(PolyglotEngine.java:948)
	at com.oracle.truffle.api.vm.PolyglotEngine$PolyglotRootNode.execute(PolyglotEngine.java:913)
	at com.oracle.truffle.api.impl.DefaultCallTarget.call(DefaultCallTarget.java:77)
	at com.oracle.truffle.api.vm.PolyglotEngine.evalImpl(PolyglotEngine.java:606)
	at com.oracle.truffle.api.vm.PolyglotEngine.evalImpl(PolyglotEngine.java:586)
	at com.oracle.truffle.api.vm.PolyglotEngine.eval(PolyglotEngine.java:527)
	at cz.cuni.mff.d3s.trupple.JUnitTest.test(JUnitTest.java:83)
	at cz.cuni.mff.d3s.trupple.JUnitTest.test(JUnitTest.java:76)
	at cz.cuni.mff.d3s.trupple.JUnitTest.test(JUnitTest.java:71)
	at cz.cuni.mff.d3s.trupple.UnitTest.recursiveUnitWithRecordTest(UnitTest.java:108)
	at sun.reflect.NativeMethodAccessorImpl.invoke0(Native Method)
	at sun.reflect.NativeMethodAccessorImpl.invoke(NativeMethodAccessorImpl.java:62)
	at sun.reflect.DelegatingMethodAccessorImpl.invoke(DelegatingMethodAccessorImpl.java:43)
	at java.lang.reflect.Method.invoke(Method.java:498)
	at org.junit.runners.model.FrameworkMethod$1.runReflectiveCall(FrameworkMethod.java:47)
	at org.junit.internal.runners.model.ReflectiveCallable.run(ReflectiveCallable.java:12)
	at org.junit.runners.model.FrameworkMethod.invokeExplosively(FrameworkMethod.java:44)
	at org.junit.internal.runners.statements.InvokeMethod.evaluate(InvokeMethod.java:17)
	at org.junit.internal.runners.statements.RunBefores.evaluate(RunBefores.java:26)
	at org.junit.runners.ParentRunner.runLeaf(ParentRunner.java:271)
	at org.junit.runners.BlockJUnit4ClassRunner.runChild(BlockJUnit4ClassRunner.java:70)
	at org.junit.runners.BlockJUnit4ClassRunner.runChild(BlockJUnit4ClassRunner.java:50)
	at org.junit.runners.ParentRunner$3.run(ParentRunner.java:238)
	at org.junit.runners.ParentRunner$1.schedule(ParentRunner.java:63)
	at org.junit.runners.ParentRunner.runChildren(ParentRunner.java:236)
	at org.junit.runners.ParentRunner.access$000(ParentRunner.java:53)
	at org.junit.runners.ParentRunner$2.evaluate(ParentRunner.java:229)
	at org.junit.runners.ParentRunner.run(ParentRunner.java:309)
	at org.junit.runners.Suite.runChild(Suite.java:127)
	at org.junit.runners.Suite.runChild(Suite.java:26)
	at org.junit.runners.ParentRunner$3.run(ParentRunner.java:238)
	at org.junit.runners.ParentRunner$1.schedule(ParentRunner.java:63)
	at org.junit.runners.ParentRunner.runChildren(ParentRunner.java:236)
	at org.junit.runners.ParentRunner.access$000(ParentRunner.java:53)
	at org.junit.runners.ParentRunner$2.evaluate(ParentRunner.java:229)
	at org.junit.runners.ParentRunner.run(ParentRunner.java:309)
	at org.apache.maven.surefire.junit4.JUnit4Provider.execute(JUnit4Provider.java:252)
	at org.apache.maven.surefire.junit4.JUnit4Provider.executeTestSet(JUnit4Provider.java:141)
	at org.apache.maven.surefire.junit4.JUnit4Provider.invoke(JUnit4Provider.java:112)
	at sun.reflect.NativeMethodAccessorImpl.invoke0(Native Method)
	at sun.reflect.NativeMethodAccessorImpl.invoke(NativeMethodAccessorImpl.java:62)
	at sun.reflect.DelegatingMethodAccessorImpl.invoke(DelegatingMethodAccessorImpl.java:43)
	at java.lang.reflect.Method.invoke(Method.java:498)
	at org.apache.maven.surefire.util.ReflectionUtils.invokeMethodWithArray(ReflectionUtils.java:189)
	at org.apache.maven.surefire.booter.ProviderFactory$ProviderProxy.invoke(ProviderFactory.java:165)
	at org.apache.maven.surefire.booter.ProviderFactory.invokeProvider(ProviderFactory.java:85)
	at org.apache.maven.surefire.booter.ForkedBooter.runSuitesInProcess(ForkedBooter.java:115)
	at org.apache.maven.surefire.booter.ForkedBooter.main(ForkedBooter.java:75)
</error>
  </testcase>
  <testcase classname="cz.cuni.mff.d3s.trupple.TypeTest" name="simpleTestEnum" time="0.004"/>
  <testcase classname="cz.cuni.mff.d3s.trupple.TypeTest" name="simpleTypeToTypeAssignment" time="0.003"/>
  <testcase classname="cz.cuni.mff.d3s.trupple.TypeTest" name="simpleTestArray" time="0.004"/>
  <testcase classname="cz.cuni.mff.d3s.trupple.ReferencePassingTest" name="passSameVariableAsMultipleReferences" time="0.004"/>
  <testcase classname="cz.cuni.mff.d3s.trupple.ReferencePassingTest" name="onlyReadReferenceVariableTest" time="0.004"/>
  <testcase classname="cz.cuni.mff.d3s.trupple.ReferencePassingTest" name="onlyPassTest" time="0.005"/>
  <testcase classname="cz.cuni.mff.d3s.trupple.ReferencePassingTest" name="passReferencesAndNonReferences" time="0.005"/>
  <testcase classname="cz.cuni.mff.d3s.trupple.ReferencePassingTest" name="passIntegerReference" time="0.006"/>
  <testcase classname="cz.cuni.mff.d3s.trupple.SetTypeTest" name="setTypeDefinitionsTest" time="0.008"/>
  <testcase classname="cz.cuni.mff.d3s.trupple.SetTypeTest" name="setConstructorAndAssignmentTest" time="0.004"/>
  <testcase classname="cz.cuni.mff.d3s.trupple.SetTypeTest" name="setTypeVariableDeclarationsTest" time="0.004"/>
  <testcase classname="cz.cuni.mff.d3s.trupple.SetTypeTest" name="setVariablesAsssignment" time="0.002"/>
  <testcase classname="cz.cuni.mff.d3s.trupple.SetOperationsTest" name="lessThanTest" time="0.003"/>
  <testcase classname="cz.cuni.mff.d3s.trupple.SetOperationsTest" name="enumInTest" time="0.004"/>
  <testcase classname="cz.cuni.mff.d3s.trupple.SetOperationsTest" name="integerInTest" time="0.004"/>
  <testcase classname="cz.cuni.mff.d3s.trupple.SetOperationsTest" name="notEqualsTest" time="0.004"/>
  <testcase classname="cz.cuni.mff.d3s.trupple.SetOperationsTest" name="unionTest" time="0.004"/>
  <testcase classname="cz.cuni.mff.d3s.trupple.SetOperationsTest" name="equalsTest" time="0.003"/>
  <testcase classname="cz.cuni.mff.d3s.trupple.SetOperationsTest" name="intersectionTest" time="0.003"/>
  <testcase classname="cz.cuni.mff.d3s.trupple.SetOperationsTest" name="lessThanOrEqualTest" time="0.004"/>
  <testcase classname="cz.cuni.mff.d3s.trupple.SetOperationsTest" name="differenceTest" time="0.003"/>
  <testcase classname="cz.cuni.mff.d3s.trupple.SetOperationsTest" name="symmetricDifferenceTest" time="0.003"/>
  <testcase classname="cz.cuni.mff.d3s.trupple.LongerProgramsTest" name="setOperations" time="0.004"/>
  <testcase classname="cz.cuni.mff.d3s.trupple.RecordTest" name="recordWithInnerRecordAndArrayTest" time="0.004"/>
  <testcase classname="cz.cuni.mff.d3s.trupple.RecordTest" name="withStatementTest" time="0.003"/>
  <testcase classname="cz.cuni.mff.d3s.trupple.RecordTest" name="withStatementWithIdentifiersListTest" time="0.003"/>
  <testcase classname="cz.cuni.mff.d3s.trupple.RecordTest" name="innerWithStatementTest" time="0.003"/>
  <testcase classname="cz.cuni.mff.d3s.trupple.BuiltinTest" name="transferTest" time="0.006"/>
  <testcase classname="cz.cuni.mff.d3s.trupple.BuiltinTest" name="eofInStdInputTest" time="0.025">
    <error type="java.lang.NullPointerException">java.lang.NullPointerException
	at cz.cuni.mff.d3s.trupple.language.nodes.builtin.file.EofBuiltinNode.eof(EofBuiltinNode.java:22)
	at cz.cuni.mff.d3s.trupple.language.nodes.builtin.file.EofBuiltinNode.isEof(EofBuiltinNode.java:18)
	at cz.cuni.mff.d3s.trupple.language.nodes.builtin.file.EofBuiltinNodeGen.executeBoolean(EofBuiltinNodeGen.java:48)
	at cz.cuni.mff.d3s.trupple.language.nodes.builtin.file.EofBuiltinNodeGen.executeGeneric(EofBuiltinNodeGen.java:31)
	at cz.cuni.mff.d3s.trupple.language.nodes.root.PascalRootNode.execute(PascalRootNode.java:27)
	at com.oracle.truffle.api.impl.DefaultCallTarget.call(DefaultCallTarget.java:77)
	at cz.cuni.mff.d3s.trupple.language.nodes.call.InvokeNode.invoke(InvokeNode.java:37)
	at cz.cuni.mff.d3s.trupple.language.nodes.call.InvokeNodeGen.executeGeneric(InvokeNodeGen.java:25)
	at cz.cuni.mff.d3s.trupple.language.nodes.ExpressionNode.executeBoolean(ExpressionNode.java:33)
	at cz.cuni.mff.d3s.trupple.language.nodes.logic.NotNodeGen.executeBoolean(NotNodeGen.java:43)
	at cz.cuni.mff.d3s.trupple.language.nodes.control.WhileNode.executeVoid(WhileNode.java:27)
	at cz.cuni.mff.d3s.trupple.language.nodes.statement.BlockNode.executeVoid(BlockNode.java:27)
	at cz.cuni.mff.d3s.trupple.language.nodes.statement.ExtendedBlockNode.executeVoid(ExtendedBlockNode.java:68)
	at cz.cuni.mff.d3s.trupple.language.nodes.statement.BlockNode.executeVoid(BlockNode.java:27)
	at cz.cuni.mff.d3s.trupple.language.nodes.function.ProcedureBodyNode.executeVoid(ProcedureBodyNode.java:20)
	at cz.cuni.mff.d3s.trupple.language.nodes.function.ProcedureWrapExpressionNode.executeGeneric(ProcedureWrapExpressionNode.java:20)
	at cz.cuni.mff.d3s.trupple.language.nodes.root.PascalRootNode.execute(PascalRootNode.java:27)
	at com.oracle.truffle.api.impl.DefaultCallTarget.callDirectOrIndirect(DefaultCallTarget.java:63)
	at com.oracle.truffle.api.impl.DefaultDirectCallNode.call(DefaultDirectCallNode.java:44)
	at com.oracle.truffle.api.vm.PolyglotEngine$PolyglotEvalRootNode.executeImpl(PolyglotEngine.java:951)
	at com.oracle.truffle.api.vm.PolyglotEngine$PolyglotRootNode.execute(PolyglotEngine.java:913)
	at com.oracle.truffle.api.impl.DefaultCallTarget.call(DefaultCallTarget.java:77)
	at com.oracle.truffle.api.vm.PolyglotEngine.evalImpl(PolyglotEngine.java:606)
	at com.oracle.truffle.api.vm.PolyglotEngine.evalImpl(PolyglotEngine.java:586)
	at com.oracle.truffle.api.vm.PolyglotEngine.eval(PolyglotEngine.java:527)
	at cz.cuni.mff.d3s.trupple.JUnitTest.test(JUnitTest.java:83)
	at cz.cuni.mff.d3s.trupple.JUnitTest.test(JUnitTest.java:76)
	at cz.cuni.mff.d3s.trupple.JUnitTest.test(JUnitTest.java:71)
	at cz.cuni.mff.d3s.trupple.JUnitTest.test(JUnitTest.java:63)
	at cz.cuni.mff.d3s.trupple.JUnitTest.testWithInput(JUnitTest.java:55)
	at cz.cuni.mff.d3s.trupple.JUnitTest.testWithInput(JUnitTest.java:50)
	at cz.cuni.mff.d3s.trupple.BuiltinTest.eofInStdInputTest(BuiltinTest.java:125)
	at sun.reflect.NativeMethodAccessorImpl.invoke0(Native Method)
	at sun.reflect.NativeMethodAccessorImpl.invoke(NativeMethodAccessorImpl.java:62)
	at sun.reflect.DelegatingMethodAccessorImpl.invoke(DelegatingMethodAccessorImpl.java:43)
	at java.lang.reflect.Method.invoke(Method.java:498)
	at org.junit.runners.model.FrameworkMethod$1.runReflectiveCall(FrameworkMethod.java:47)
	at org.junit.internal.runners.model.ReflectiveCallable.run(ReflectiveCallable.java:12)
	at org.junit.runners.model.FrameworkMethod.invokeExplosively(FrameworkMethod.java:44)
	at org.junit.internal.runners.statements.InvokeMethod.evaluate(InvokeMethod.java:17)
	at org.junit.internal.runners.statements.RunBefores.evaluate(RunBefores.java:26)
	at org.junit.runners.ParentRunner.runLeaf(ParentRunner.java:271)
	at org.junit.runners.BlockJUnit4ClassRunner.runChild(BlockJUnit4ClassRunner.java:70)
	at org.junit.runners.BlockJUnit4ClassRunner.runChild(BlockJUnit4ClassRunner.java:50)
	at org.junit.runners.ParentRunner$3.run(ParentRunner.java:238)
	at org.junit.runners.ParentRunner$1.schedule(ParentRunner.java:63)
	at org.junit.runners.ParentRunner.runChildren(ParentRunner.java:236)
	at org.junit.runners.ParentRunner.access$000(ParentRunner.java:53)
	at org.junit.runners.ParentRunner$2.evaluate(ParentRunner.java:229)
	at org.junit.runners.ParentRunner.run(ParentRunner.java:309)
	at org.junit.runners.Suite.runChild(Suite.java:127)
	at org.junit.runners.Suite.runChild(Suite.java:26)
	at org.junit.runners.ParentRunner$3.run(ParentRunner.java:238)
	at org.junit.runners.ParentRunner$1.schedule(ParentRunner.java:63)
	at org.junit.runners.ParentRunner.runChildren(ParentRunner.java:236)
	at org.junit.runners.ParentRunner.access$000(ParentRunner.java:53)
	at org.junit.runners.ParentRunner$2.evaluate(ParentRunner.java:229)
	at org.junit.runners.ParentRunner.run(ParentRunner.java:309)
	at org.apache.maven.surefire.junit4.JUnit4Provider.execute(JUnit4Provider.java:252)
	at org.apache.maven.surefire.junit4.JUnit4Provider.executeTestSet(JUnit4Provider.java:141)
	at org.apache.maven.surefire.junit4.JUnit4Provider.invoke(JUnit4Provider.java:112)
	at sun.reflect.NativeMethodAccessorImpl.invoke0(Native Method)
	at sun.reflect.NativeMethodAccessorImpl.invoke(NativeMethodAccessorImpl.java:62)
	at sun.reflect.DelegatingMethodAccessorImpl.invoke(DelegatingMethodAccessorImpl.java:43)
	at java.lang.reflect.Method.invoke(Method.java:498)
	at org.apache.maven.surefire.util.ReflectionUtils.invokeMethodWithArray(ReflectionUtils.java:189)
	at org.apache.maven.surefire.booter.ProviderFactory$ProviderProxy.invoke(ProviderFactory.java:165)
	at org.apache.maven.surefire.booter.ProviderFactory.invokeProvider(ProviderFactory.java:85)
	at org.apache.maven.surefire.booter.ForkedBooter.runSuitesInProcess(ForkedBooter.java:115)
	at org.apache.maven.surefire.booter.ForkedBooter.main(ForkedBooter.java:75)
</error>
  </testcase>
  <testcase classname="cz.cuni.mff.d3s.trupple.BuiltinTest" name="oddTest" time="0.004"/>
  <testcase classname="cz.cuni.mff.d3s.trupple.BuiltinTest" name="arithmeticOperationsTest" time="0.014"/>
  <testcase classname="cz.cuni.mff.d3s.trupple.BuiltinTest" name="predecessorTest" time="0.007"/>
  <testcase classname="cz.cuni.mff.d3s.trupple.BuiltinTest" name="chrOrdTest" time="0.006"/>
  <testcase classname="cz.cuni.mff.d3s.trupple.BuiltinTest" name="successorTest" time="0.007"/>
  <testcase classname="cz.cuni.mff.d3s.trupple.PointersTest" name="MultipleDereferenceTest" time="0.004"/>
  <testcase classname="cz.cuni.mff.d3s.trupple.PointersTest" name="PointerAssignmentInSubroutineTest" time="0.003"/>
  <testcase classname="cz.cuni.mff.d3s.trupple.PointersTest" name="linkedListWithReverseOutputTest" time="0.005">
    <error type="java.util.NoSuchElementException">java.util.NoSuchElementException
	at java.util.Scanner.throwFor(Scanner.java:862)
	at java.util.Scanner.next(Scanner.java:1371)
	at cz.cuni.mff.d3s.trupple.language.nodes.builtin.io.ReadBuiltinNode.readChar(ReadBuiltinNode.java:104)
	at cz.cuni.mff.d3s.trupple.language.nodes.builtin.io.ReadBuiltinNode.readOneToReference(ReadBuiltinNode.java:77)
	at cz.cuni.mff.d3s.trupple.language.nodes.builtin.io.ReadBuiltinNode.read(ReadBuiltinNode.java:67)
	at cz.cuni.mff.d3s.trupple.language.nodes.builtin.io.ReadBuiltinNode.read(ReadBuiltinNode.java:39)
	at cz.cuni.mff.d3s.trupple.language.nodes.builtin.io.ReadBuiltinNodeFactory$ReadBuiltinNodeGen.executeVoid(ReadBuiltinNodeFactory.java:84)
	at cz.cuni.mff.d3s.trupple.language.nodes.function.ProcedureWrapExpressionNode.executeGeneric(ProcedureWrapExpressionNode.java:20)
	at cz.cuni.mff.d3s.trupple.language.nodes.root.PascalRootNode.execute(PascalRootNode.java:27)
	at com.oracle.truffle.api.impl.DefaultCallTarget.call(DefaultCallTarget.java:77)
	at cz.cuni.mff.d3s.trupple.language.nodes.call.InvokeNode.invoke(InvokeNode.java:37)
	at cz.cuni.mff.d3s.trupple.language.nodes.call.InvokeNodeGen.executeGeneric(InvokeNodeGen.java:25)
	at cz.cuni.mff.d3s.trupple.language.nodes.call.InvokeNodeGen.executeVoid(InvokeNodeGen.java:30)
	at cz.cuni.mff.d3s.trupple.language.nodes.statement.BlockNode.executeVoid(BlockNode.java:27)
	at cz.cuni.mff.d3s.trupple.language.nodes.statement.ExtendedBlockNode.executeVoid(ExtendedBlockNode.java:68)
	at cz.cuni.mff.d3s.trupple.language.nodes.control.ForNode.execute(ForNode.java:83)
	at cz.cuni.mff.d3s.trupple.language.nodes.control.ForNode.executeVoid(ForNode.java:73)
	at cz.cuni.mff.d3s.trupple.language.nodes.statement.BlockNode.executeVoid(BlockNode.java:27)
	at cz.cuni.mff.d3s.trupple.language.nodes.statement.ExtendedBlockNode.executeVoid(ExtendedBlockNode.java:68)
	at cz.cuni.mff.d3s.trupple.language.nodes.statement.BlockNode.executeVoid(BlockNode.java:27)
	at cz.cuni.mff.d3s.trupple.language.nodes.function.ProcedureBodyNode.executeVoid(ProcedureBodyNode.java:20)
	at cz.cuni.mff.d3s.trupple.language.nodes.function.ProcedureWrapExpressionNode.executeGeneric(ProcedureWrapExpressionNode.java:20)
	at cz.cuni.mff.d3s.trupple.language.nodes.root.PascalRootNode.execute(PascalRootNode.java:27)
	at com.oracle.truffle.api.impl.DefaultCallTarget.callDirectOrIndirect(DefaultCallTarget.java:63)
	at com.oracle.truffle.api.impl.DefaultDirectCallNode.call(DefaultDirectCallNode.java:44)
	at com.oracle.truffle.api.vm.PolyglotEngine$PolyglotEvalRootNode.executeImpl(PolyglotEngine.java:951)
	at com.oracle.truffle.api.vm.PolyglotEngine$PolyglotRootNode.execute(PolyglotEngine.java:913)
	at com.oracle.truffle.api.impl.DefaultCallTarget.call(DefaultCallTarget.java:77)
	at com.oracle.truffle.api.vm.PolyglotEngine.evalImpl(PolyglotEngine.java:606)
	at com.oracle.truffle.api.vm.PolyglotEngine.evalImpl(PolyglotEngine.java:586)
	at com.oracle.truffle.api.vm.PolyglotEngine.eval(PolyglotEngine.java:527)
	at cz.cuni.mff.d3s.trupple.JUnitTest.test(JUnitTest.java:83)
	at cz.cuni.mff.d3s.trupple.JUnitTest.test(JUnitTest.java:76)
	at cz.cuni.mff.d3s.trupple.JUnitTest.test(JUnitTest.java:71)
	at cz.cuni.mff.d3s.trupple.JUnitTest.test(JUnitTest.java:63)
	at cz.cuni.mff.d3s.trupple.JUnitTest.testWithInput(JUnitTest.java:55)
	at cz.cuni.mff.d3s.trupple.PointersTest.linkedListWithReverseOutputTest(PointersTest.java:155)
	at sun.reflect.NativeMethodAccessorImpl.invoke0(Native Method)
	at sun.reflect.NativeMethodAccessorImpl.invoke(NativeMethodAccessorImpl.java:62)
	at sun.reflect.DelegatingMethodAccessorImpl.invoke(DelegatingMethodAccessorImpl.java:43)
	at java.lang.reflect.Method.invoke(Method.java:498)
	at org.junit.runners.model.FrameworkMethod$1.runReflectiveCall(FrameworkMethod.java:47)
	at org.junit.internal.runners.model.ReflectiveCallable.run(ReflectiveCallable.java:12)
	at org.junit.runners.model.FrameworkMethod.invokeExplosively(FrameworkMethod.java:44)
	at org.junit.internal.runners.statements.InvokeMethod.evaluate(InvokeMethod.java:17)
	at org.junit.internal.runners.statements.RunBefores.evaluate(RunBefores.java:26)
	at org.junit.runners.ParentRunner.runLeaf(ParentRunner.java:271)
	at org.junit.runners.BlockJUnit4ClassRunner.runChild(BlockJUnit4ClassRunner.java:70)
	at org.junit.runners.BlockJUnit4ClassRunner.runChild(BlockJUnit4ClassRunner.java:50)
	at org.junit.runners.ParentRunner$3.run(ParentRunner.java:238)
	at org.junit.runners.ParentRunner$1.schedule(ParentRunner.java:63)
	at org.junit.runners.ParentRunner.runChildren(ParentRunner.java:236)
	at org.junit.runners.ParentRunner.access$000(ParentRunner.java:53)
	at org.junit.runners.ParentRunner$2.evaluate(ParentRunner.java:229)
	at org.junit.runners.ParentRunner.run(ParentRunner.java:309)
	at org.junit.runners.Suite.runChild(Suite.java:127)
	at org.junit.runners.Suite.runChild(Suite.java:26)
	at org.junit.runners.ParentRunner$3.run(ParentRunner.java:238)
	at org.junit.runners.ParentRunner$1.schedule(ParentRunner.java:63)
	at org.junit.runners.ParentRunner.runChildren(ParentRunner.java:236)
	at org.junit.runners.ParentRunner.access$000(ParentRunner.java:53)
	at org.junit.runners.ParentRunner$2.evaluate(ParentRunner.java:229)
	at org.junit.runners.ParentRunner.run(ParentRunner.java:309)
	at org.apache.maven.surefire.junit4.JUnit4Provider.execute(JUnit4Provider.java:252)
	at org.apache.maven.surefire.junit4.JUnit4Provider.executeTestSet(JUnit4Provider.java:141)
	at org.apache.maven.surefire.junit4.JUnit4Provider.invoke(JUnit4Provider.java:112)
	at sun.reflect.NativeMethodAccessorImpl.invoke0(Native Method)
	at sun.reflect.NativeMethodAccessorImpl.invoke(NativeMethodAccessorImpl.java:62)
	at sun.reflect.DelegatingMethodAccessorImpl.invoke(DelegatingMethodAccessorImpl.java:43)
	at java.lang.reflect.Method.invoke(Method.java:498)
	at org.apache.maven.surefire.util.ReflectionUtils.invokeMethodWithArray(ReflectionUtils.java:189)
	at org.apache.maven.surefire.booter.ProviderFactory$ProviderProxy.invoke(ProviderFactory.java:165)
	at org.apache.maven.surefire.booter.ProviderFactory.invokeProvider(ProviderFactory.java:85)
	at org.apache.maven.surefire.booter.ForkedBooter.runSuitesInProcess(ForkedBooter.java:115)
	at org.apache.maven.surefire.booter.ForkedBooter.main(ForkedBooter.java:75)
</error>
  </testcase>
  <testcase classname="cz.cuni.mff.d3s.trupple.PointersTest" name="simpleAssignmentAndDereferenceTest" time="0.003"/>
  <testcase classname="cz.cuni.mff.d3s.trupple.PointersTest" name="withArraysAndRecordTest" time="0.017"/>
  <testcase classname="cz.cuni.mff.d3s.trupple.PointersTest" name="simplePointerAssignmentAndDereferenceTest" time="0.005"/>
  <testcase classname="cz.cuni.mff.d3s.trupple.FilesTest" name="eofFileTest" time="0.005"/>
  <testcase classname="cz.cuni.mff.d3s.trupple.FilesTest" name="simpleStoreLoadIntTest" time="0.005"/>
  <testcase classname="cz.cuni.mff.d3s.trupple.FilesTest" name="simpleStoreLoadMultipleCharsTest" time="0.005"/>
  <testcase classname="cz.cuni.mff.d3s.trupple.FilesTest" name="eolFileTest" time="0.004"/>
  <testcase classname="cz.cuni.mff.d3s.trupple.FilesTest" name="simpleStoreLoadEnumTest" time="0.005"/>
  <testcase classname="cz.cuni.mff.d3s.trupple.StringsUnitTest" name="strallocStrCompStrupperTest" time="0.005">
    <error type="java.lang.NullPointerException">java.lang.NullPointerException
	at cz.cuni.mff.d3s.trupple.language.nodes.call.InvokeNode.getMySubroutine(InvokeNode.java:47)
	at cz.cuni.mff.d3s.trupple.language.nodes.call.InvokeNode.invoke(InvokeNode.java:34)
	at cz.cuni.mff.d3s.trupple.language.nodes.call.InvokeNodeGen.executeGeneric(InvokeNodeGen.java:25)
	at cz.cuni.mff.d3s.trupple.language.nodes.variables.AssignmentNodeWithRouteNodeGen$BaseNode_.executeValueNode_(AssignmentNodeWithRouteNodeGen.java:172)
	at cz.cuni.mff.d3s.trupple.language.nodes.variables.AssignmentNodeWithRouteNodeGen$BaseNode_.executeVoid(AssignmentNodeWithRouteNodeGen.java:101)
	at cz.cuni.mff.d3s.trupple.language.nodes.variables.AssignmentNodeWithRouteNodeGen.executeVoid(AssignmentNodeWithRouteNodeGen.java:54)
	at cz.cuni.mff.d3s.trupple.language.nodes.statement.BlockNode.executeVoid(BlockNode.java:27)
	at cz.cuni.mff.d3s.trupple.language.nodes.statement.ExtendedBlockNode.executeVoid(ExtendedBlockNode.java:68)
	at cz.cuni.mff.d3s.trupple.language.nodes.statement.BlockNode.executeVoid(BlockNode.java:27)
	at cz.cuni.mff.d3s.trupple.language.nodes.function.ProcedureBodyNode.executeVoid(ProcedureBodyNode.java:20)
	at cz.cuni.mff.d3s.trupple.language.nodes.function.ProcedureWrapExpressionNode.executeGeneric(ProcedureWrapExpressionNode.java:20)
	at cz.cuni.mff.d3s.trupple.language.nodes.root.PascalRootNode.execute(PascalRootNode.java:27)
	at com.oracle.truffle.api.impl.DefaultCallTarget.callDirectOrIndirect(DefaultCallTarget.java:63)
	at com.oracle.truffle.api.impl.DefaultDirectCallNode.call(DefaultDirectCallNode.java:44)
	at com.oracle.truffle.api.vm.PolyglotEngine$PolyglotEvalRootNode.executeImpl(PolyglotEngine.java:951)
	at com.oracle.truffle.api.vm.PolyglotEngine$PolyglotRootNode.execute(PolyglotEngine.java:913)
	at com.oracle.truffle.api.impl.DefaultCallTarget.call(DefaultCallTarget.java:77)
	at com.oracle.truffle.api.vm.PolyglotEngine.evalImpl(PolyglotEngine.java:606)
	at com.oracle.truffle.api.vm.PolyglotEngine.evalImpl(PolyglotEngine.java:586)
	at com.oracle.truffle.api.vm.PolyglotEngine.eval(PolyglotEngine.java:527)
	at cz.cuni.mff.d3s.trupple.JUnitTest.test(JUnitTest.java:83)
	at cz.cuni.mff.d3s.trupple.JUnitTest.test(JUnitTest.java:76)
	at cz.cuni.mff.d3s.trupple.JUnitTest.test(JUnitTest.java:71)
	at cz.cuni.mff.d3s.trupple.JUnitTest.test(JUnitTest.java:63)
	at cz.cuni.mff.d3s.trupple.StringsUnitTest.strallocStrCompStrupperTest(StringsUnitTest.java:26)
	at sun.reflect.NativeMethodAccessorImpl.invoke0(Native Method)
	at sun.reflect.NativeMethodAccessorImpl.invoke(NativeMethodAccessorImpl.java:62)
	at sun.reflect.DelegatingMethodAccessorImpl.invoke(DelegatingMethodAccessorImpl.java:43)
	at java.lang.reflect.Method.invoke(Method.java:498)
	at org.junit.runners.model.FrameworkMethod$1.runReflectiveCall(FrameworkMethod.java:47)
	at org.junit.internal.runners.model.ReflectiveCallable.run(ReflectiveCallable.java:12)
	at org.junit.runners.model.FrameworkMethod.invokeExplosively(FrameworkMethod.java:44)
	at org.junit.internal.runners.statements.InvokeMethod.evaluate(InvokeMethod.java:17)
	at org.junit.internal.runners.statements.RunBefores.evaluate(RunBefores.java:26)
	at org.junit.runners.ParentRunner.runLeaf(ParentRunner.java:271)
	at org.junit.runners.BlockJUnit4ClassRunner.runChild(BlockJUnit4ClassRunner.java:70)
	at org.junit.runners.BlockJUnit4ClassRunner.runChild(BlockJUnit4ClassRunner.java:50)
	at org.junit.runners.ParentRunner$3.run(ParentRunner.java:238)
	at org.junit.runners.ParentRunner$1.schedule(ParentRunner.java:63)
	at org.junit.runners.ParentRunner.runChildren(ParentRunner.java:236)
	at org.junit.runners.ParentRunner.access$000(ParentRunner.java:53)
	at org.junit.runners.ParentRunner$2.evaluate(ParentRunner.java:229)
	at org.junit.runners.ParentRunner.run(ParentRunner.java:309)
	at org.junit.runners.Suite.runChild(Suite.java:127)
	at org.junit.runners.Suite.runChild(Suite.java:26)
	at org.junit.runners.ParentRunner$3.run(ParentRunner.java:238)
	at org.junit.runners.ParentRunner$1.schedule(ParentRunner.java:63)
	at org.junit.runners.ParentRunner.runChildren(ParentRunner.java:236)
	at org.junit.runners.ParentRunner.access$000(ParentRunner.java:53)
	at org.junit.runners.ParentRunner$2.evaluate(ParentRunner.java:229)
	at org.junit.runners.ParentRunner.run(ParentRunner.java:309)
	at org.apache.maven.surefire.junit4.JUnit4Provider.execute(JUnit4Provider.java:252)
	at org.apache.maven.surefire.junit4.JUnit4Provider.executeTestSet(JUnit4Provider.java:141)
	at org.apache.maven.surefire.junit4.JUnit4Provider.invoke(JUnit4Provider.java:112)
	at sun.reflect.NativeMethodAccessorImpl.invoke0(Native Method)
	at sun.reflect.NativeMethodAccessorImpl.invoke(NativeMethodAccessorImpl.java:62)
	at sun.reflect.DelegatingMethodAccessorImpl.invoke(DelegatingMethodAccessorImpl.java:43)
	at java.lang.reflect.Method.invoke(Method.java:498)
	at org.apache.maven.surefire.util.ReflectionUtils.invokeMethodWithArray(ReflectionUtils.java:189)
	at org.apache.maven.surefire.booter.ProviderFactory$ProviderProxy.invoke(ProviderFactory.java:165)
	at org.apache.maven.surefire.booter.ProviderFactory.invokeProvider(ProviderFactory.java:85)
	at org.apache.maven.surefire.booter.ForkedBooter.runSuitesInProcess(ForkedBooter.java:115)
	at org.apache.maven.surefire.booter.ForkedBooter.main(ForkedBooter.java:75)
</error>
  </testcase>
  <testcase classname="cz.cuni.mff.d3s.trupple.GotoTest" name="secondCaseOfGotoFromStandard" time="0.005"/>
  <testcase classname="cz.cuni.mff.d3s.trupple.GotoTest" name="thirdCaseOfGotoFromStandard" time="0.004"/>
  <testcase classname="cz.cuni.mff.d3s.trupple.GotoTest" name="firstCaseOfGotoFromStandard" time="0.004"/>
  <testcase classname="cz.cuni.mff.d3s.trupple.ProgramArgumentsTest" name="stringProgramArgumentsTest" time="0.004">
    <error message="Too many arguments supplied to the program." type="cz.cuni.mff.d3s.trupple.language.runtime.exceptions.PascalRuntimeException">cz.cuni.mff.d3s.trupple.language.runtime.exceptions.PascalRuntimeException: Too many arguments supplied to the program.
	at cz.cuni.mff.d3s.trupple.language.nodes.function.ProgramArgumentAssignmentNode.executeVoid(ProgramArgumentAssignmentNode.java:43)
	at cz.cuni.mff.d3s.trupple.language.nodes.statement.BlockNode.executeVoid(BlockNode.java:27)
	at cz.cuni.mff.d3s.trupple.language.nodes.statement.BlockNode.executeVoid(BlockNode.java:27)
	at cz.cuni.mff.d3s.trupple.language.nodes.function.ProcedureBodyNode.executeVoid(ProcedureBodyNode.java:20)
	at cz.cuni.mff.d3s.trupple.language.nodes.function.ProcedureWrapExpressionNode.executeGeneric(ProcedureWrapExpressionNode.java:20)
	at cz.cuni.mff.d3s.trupple.language.nodes.root.PascalRootNode.execute(PascalRootNode.java:27)
	at com.oracle.truffle.api.impl.DefaultCallTarget.callDirectOrIndirect(DefaultCallTarget.java:63)
	at com.oracle.truffle.api.impl.DefaultDirectCallNode.call(DefaultDirectCallNode.java:44)
	at com.oracle.truffle.api.vm.PolyglotEngine$PolyglotEvalRootNode.executeImpl(PolyglotEngine.java:951)
	at com.oracle.truffle.api.vm.PolyglotEngine$PolyglotRootNode.execute(PolyglotEngine.java:913)
	at com.oracle.truffle.api.impl.DefaultCallTarget.call(DefaultCallTarget.java:77)
	at com.oracle.truffle.api.vm.PolyglotEngine.evalImpl(PolyglotEngine.java:606)
	at com.oracle.truffle.api.vm.PolyglotEngine.evalImpl(PolyglotEngine.java:586)
	at com.oracle.truffle.api.vm.PolyglotEngine.eval(PolyglotEngine.java:527)
	at cz.cuni.mff.d3s.trupple.JUnitTest.test(JUnitTest.java:83)
	at cz.cuni.mff.d3s.trupple.ProgramArgumentsTest.stringProgramArgumentsTest(ProgramArgumentsTest.java:75)
	at sun.reflect.NativeMethodAccessorImpl.invoke0(Native Method)
	at sun.reflect.NativeMethodAccessorImpl.invoke(NativeMethodAccessorImpl.java:62)
	at sun.reflect.DelegatingMethodAccessorImpl.invoke(DelegatingMethodAccessorImpl.java:43)
	at java.lang.reflect.Method.invoke(Method.java:498)
	at org.junit.runners.model.FrameworkMethod$1.runReflectiveCall(FrameworkMethod.java:47)
	at org.junit.internal.runners.model.ReflectiveCallable.run(ReflectiveCallable.java:12)
	at org.junit.runners.model.FrameworkMethod.invokeExplosively(FrameworkMethod.java:44)
	at org.junit.internal.runners.statements.InvokeMethod.evaluate(InvokeMethod.java:17)
	at org.junit.internal.runners.statements.RunBefores.evaluate(RunBefores.java:26)
	at org.junit.runners.ParentRunner.runLeaf(ParentRunner.java:271)
	at org.junit.runners.BlockJUnit4ClassRunner.runChild(BlockJUnit4ClassRunner.java:70)
	at org.junit.runners.BlockJUnit4ClassRunner.runChild(BlockJUnit4ClassRunner.java:50)
	at org.junit.runners.ParentRunner$3.run(ParentRunner.java:238)
	at org.junit.runners.ParentRunner$1.schedule(ParentRunner.java:63)
	at org.junit.runners.ParentRunner.runChildren(ParentRunner.java:236)
	at org.junit.runners.ParentRunner.access$000(ParentRunner.java:53)
	at org.junit.runners.ParentRunner$2.evaluate(ParentRunner.java:229)
	at org.junit.runners.ParentRunner.run(ParentRunner.java:309)
	at org.junit.runners.Suite.runChild(Suite.java:127)
	at org.junit.runners.Suite.runChild(Suite.java:26)
	at org.junit.runners.ParentRunner$3.run(ParentRunner.java:238)
	at org.junit.runners.ParentRunner$1.schedule(ParentRunner.java:63)
	at org.junit.runners.ParentRunner.runChildren(ParentRunner.java:236)
	at org.junit.runners.ParentRunner.access$000(ParentRunner.java:53)
	at org.junit.runners.ParentRunner$2.evaluate(ParentRunner.java:229)
	at org.junit.runners.ParentRunner.run(ParentRunner.java:309)
	at org.apache.maven.surefire.junit4.JUnit4Provider.execute(JUnit4Provider.java:252)
	at org.apache.maven.surefire.junit4.JUnit4Provider.executeTestSet(JUnit4Provider.java:141)
	at org.apache.maven.surefire.junit4.JUnit4Provider.invoke(JUnit4Provider.java:112)
	at sun.reflect.NativeMethodAccessorImpl.invoke0(Native Method)
	at sun.reflect.NativeMethodAccessorImpl.invoke(NativeMethodAccessorImpl.java:62)
	at sun.reflect.DelegatingMethodAccessorImpl.invoke(DelegatingMethodAccessorImpl.java:43)
	at java.lang.reflect.Method.invoke(Method.java:498)
	at org.apache.maven.surefire.util.ReflectionUtils.invokeMethodWithArray(ReflectionUtils.java:189)
	at org.apache.maven.surefire.booter.ProviderFactory$ProviderProxy.invoke(ProviderFactory.java:165)
	at org.apache.maven.surefire.booter.ProviderFactory.invokeProvider(ProviderFactory.java:85)
	at org.apache.maven.surefire.booter.ForkedBooter.runSuitesInProcess(ForkedBooter.java:115)
	at org.apache.maven.surefire.booter.ForkedBooter.main(ForkedBooter.java:75)
</error>
  </testcase>
  <testcase classname="cz.cuni.mff.d3s.trupple.ProgramArgumentsTest" name="copyFileFromProgramArgumentsTest" time="0.005">
    <error message="Too many arguments supplied to the program." type="cz.cuni.mff.d3s.trupple.language.runtime.exceptions.PascalRuntimeException">cz.cuni.mff.d3s.trupple.language.runtime.exceptions.PascalRuntimeException: Too many arguments supplied to the program.
	at cz.cuni.mff.d3s.trupple.language.nodes.function.ProgramArgumentAssignmentNode.executeVoid(ProgramArgumentAssignmentNode.java:43)
	at cz.cuni.mff.d3s.trupple.language.nodes.statement.BlockNode.executeVoid(BlockNode.java:27)
	at cz.cuni.mff.d3s.trupple.language.nodes.statement.BlockNode.executeVoid(BlockNode.java:27)
	at cz.cuni.mff.d3s.trupple.language.nodes.function.ProcedureBodyNode.executeVoid(ProcedureBodyNode.java:20)
	at cz.cuni.mff.d3s.trupple.language.nodes.function.ProcedureWrapExpressionNode.executeGeneric(ProcedureWrapExpressionNode.java:20)
	at cz.cuni.mff.d3s.trupple.language.nodes.root.PascalRootNode.execute(PascalRootNode.java:27)
	at com.oracle.truffle.api.impl.DefaultCallTarget.callDirectOrIndirect(DefaultCallTarget.java:63)
	at com.oracle.truffle.api.impl.DefaultDirectCallNode.call(DefaultDirectCallNode.java:44)
	at com.oracle.truffle.api.vm.PolyglotEngine$PolyglotEvalRootNode.executeImpl(PolyglotEngine.java:951)
	at com.oracle.truffle.api.vm.PolyglotEngine$PolyglotRootNode.execute(PolyglotEngine.java:913)
	at com.oracle.truffle.api.impl.DefaultCallTarget.call(DefaultCallTarget.java:77)
	at com.oracle.truffle.api.vm.PolyglotEngine.evalImpl(PolyglotEngine.java:606)
	at com.oracle.truffle.api.vm.PolyglotEngine.evalImpl(PolyglotEngine.java:586)
	at com.oracle.truffle.api.vm.PolyglotEngine.eval(PolyglotEngine.java:527)
	at cz.cuni.mff.d3s.trupple.JUnitTest.test(JUnitTest.java:83)
	at cz.cuni.mff.d3s.trupple.ProgramArgumentsTest.copyFileFromProgramArgumentsTest(ProgramArgumentsTest.java:44)
	at sun.reflect.NativeMethodAccessorImpl.invoke0(Native Method)
	at sun.reflect.NativeMethodAccessorImpl.invoke(NativeMethodAccessorImpl.java:62)
	at sun.reflect.DelegatingMethodAccessorImpl.invoke(DelegatingMethodAccessorImpl.java:43)
	at java.lang.reflect.Method.invoke(Method.java:498)
	at org.junit.runners.model.FrameworkMethod$1.runReflectiveCall(FrameworkMethod.java:47)
	at org.junit.internal.runners.model.ReflectiveCallable.run(ReflectiveCallable.java:12)
	at org.junit.runners.model.FrameworkMethod.invokeExplosively(FrameworkMethod.java:44)
	at org.junit.internal.runners.statements.InvokeMethod.evaluate(InvokeMethod.java:17)
	at org.junit.internal.runners.statements.RunBefores.evaluate(RunBefores.java:26)
	at org.junit.runners.ParentRunner.runLeaf(ParentRunner.java:271)
	at org.junit.runners.BlockJUnit4ClassRunner.runChild(BlockJUnit4ClassRunner.java:70)
	at org.junit.runners.BlockJUnit4ClassRunner.runChild(BlockJUnit4ClassRunner.java:50)
	at org.junit.runners.ParentRunner$3.run(ParentRunner.java:238)
	at org.junit.runners.ParentRunner$1.schedule(ParentRunner.java:63)
	at org.junit.runners.ParentRunner.runChildren(ParentRunner.java:236)
	at org.junit.runners.ParentRunner.access$000(ParentRunner.java:53)
	at org.junit.runners.ParentRunner$2.evaluate(ParentRunner.java:229)
	at org.junit.runners.ParentRunner.run(ParentRunner.java:309)
	at org.junit.runners.Suite.runChild(Suite.java:127)
	at org.junit.runners.Suite.runChild(Suite.java:26)
	at org.junit.runners.ParentRunner$3.run(ParentRunner.java:238)
	at org.junit.runners.ParentRunner$1.schedule(ParentRunner.java:63)
	at org.junit.runners.ParentRunner.runChildren(ParentRunner.java:236)
	at org.junit.runners.ParentRunner.access$000(ParentRunner.java:53)
	at org.junit.runners.ParentRunner$2.evaluate(ParentRunner.java:229)
	at org.junit.runners.ParentRunner.run(ParentRunner.java:309)
	at org.apache.maven.surefire.junit4.JUnit4Provider.execute(JUnit4Provider.java:252)
	at org.apache.maven.surefire.junit4.JUnit4Provider.executeTestSet(JUnit4Provider.java:141)
	at org.apache.maven.surefire.junit4.JUnit4Provider.invoke(JUnit4Provider.java:112)
	at sun.reflect.NativeMethodAccessorImpl.invoke0(Native Method)
	at sun.reflect.NativeMethodAccessorImpl.invoke(NativeMethodAccessorImpl.java:62)
	at sun.reflect.DelegatingMethodAccessorImpl.invoke(DelegatingMethodAccessorImpl.java:43)
	at java.lang.reflect.Method.invoke(Method.java:498)
	at org.apache.maven.surefire.util.ReflectionUtils.invokeMethodWithArray(ReflectionUtils.java:189)
	at org.apache.maven.surefire.booter.ProviderFactory$ProviderProxy.invoke(ProviderFactory.java:165)
	at org.apache.maven.surefire.booter.ProviderFactory.invokeProvider(ProviderFactory.java:85)
	at org.apache.maven.surefire.booter.ForkedBooter.runSuitesInProcess(ForkedBooter.java:115)
	at org.apache.maven.surefire.booter.ForkedBooter.main(ForkedBooter.java:75)
</error>
  </testcase>
  <testcase classname="cz.cuni.mff.d3s.trupple.SubroutineAsArgumentTest" name="simpleTest" time="0.005">
    <error message="0" type="java.lang.ArrayIndexOutOfBoundsException">java.lang.ArrayIndexOutOfBoundsException: 0
	at cz.cuni.mff.d3s.trupple.language.nodes.statement.ExtendedBlockNode.createNewBodyNodes(ExtendedBlockNode.java:30)
	at cz.cuni.mff.d3s.trupple.language.nodes.statement.ExtendedBlockNode.&lt;init&gt;(ExtendedBlockNode.java:22)
	at cz.cuni.mff.d3s.trupple.parser.NodeFactory.createBlockNode(NodeFactory.java:810)
	at cz.cuni.mff.d3s.trupple.parser.tp.Parser.Block(Parser.java:603)
	at cz.cuni.mff.d3s.trupple.parser.tp.Parser.MainFunction(Parser.java:150)
	at cz.cuni.mff.d3s.trupple.parser.tp.Parser.Pascal(Parser.java:111)
	at cz.cuni.mff.d3s.trupple.parser.tp.Parser.Parse(Parser.java:1304)
	at cz.cuni.mff.d3s.trupple.language.PascalLanguage.parseSource(PascalLanguage.java:110)
	at cz.cuni.mff.d3s.trupple.language.PascalLanguage.parse(PascalLanguage.java:85)
	at com.oracle.truffle.api.TruffleLanguage$ParsingRequest.parse(TruffleLanguage.java:352)
	at com.oracle.truffle.api.TruffleLanguage$LanguageImpl.parseForLanguage(TruffleLanguage.java:875)
	at com.oracle.truffle.api.TruffleLanguage$LanguageImpl.parse(TruffleLanguage.java:862)
	at com.oracle.truffle.api.vm.PolyglotEngine$PolyglotEvalRootNode.initialize(PolyglotEngine.java:956)
	at com.oracle.truffle.api.vm.PolyglotEngine$PolyglotEvalRootNode.executeImpl(PolyglotEngine.java:948)
	at com.oracle.truffle.api.vm.PolyglotEngine$PolyglotRootNode.execute(PolyglotEngine.java:913)
	at com.oracle.truffle.api.impl.DefaultCallTarget.call(DefaultCallTarget.java:77)
	at com.oracle.truffle.api.vm.PolyglotEngine.evalImpl(PolyglotEngine.java:606)
	at com.oracle.truffle.api.vm.PolyglotEngine.evalImpl(PolyglotEngine.java:586)
	at com.oracle.truffle.api.vm.PolyglotEngine.eval(PolyglotEngine.java:527)
	at cz.cuni.mff.d3s.trupple.JUnitTest.test(JUnitTest.java:83)
	at cz.cuni.mff.d3s.trupple.JUnitTest.test(JUnitTest.java:76)
	at cz.cuni.mff.d3s.trupple.JUnitTest.test(JUnitTest.java:71)
	at cz.cuni.mff.d3s.trupple.JUnitTest.test(JUnitTest.java:63)
	at cz.cuni.mff.d3s.trupple.JUnitTest.test(JUnitTest.java:59)
	at cz.cuni.mff.d3s.trupple.SubroutineAsArgumentTest.simpleTest(SubroutineAsArgumentTest.java:27)
	at sun.reflect.NativeMethodAccessorImpl.invoke0(Native Method)
	at sun.reflect.NativeMethodAccessorImpl.invoke(NativeMethodAccessorImpl.java:62)
	at sun.reflect.DelegatingMethodAccessorImpl.invoke(DelegatingMethodAccessorImpl.java:43)
	at java.lang.reflect.Method.invoke(Method.java:498)
	at org.junit.runners.model.FrameworkMethod$1.runReflectiveCall(FrameworkMethod.java:47)
	at org.junit.internal.runners.model.ReflectiveCallable.run(ReflectiveCallable.java:12)
	at org.junit.runners.model.FrameworkMethod.invokeExplosively(FrameworkMethod.java:44)
	at org.junit.internal.runners.statements.InvokeMethod.evaluate(InvokeMethod.java:17)
	at org.junit.internal.runners.statements.RunBefores.evaluate(RunBefores.java:26)
	at org.junit.runners.ParentRunner.runLeaf(ParentRunner.java:271)
	at org.junit.runners.BlockJUnit4ClassRunner.runChild(BlockJUnit4ClassRunner.java:70)
	at org.junit.runners.BlockJUnit4ClassRunner.runChild(BlockJUnit4ClassRunner.java:50)
	at org.junit.runners.ParentRunner$3.run(ParentRunner.java:238)
	at org.junit.runners.ParentRunner$1.schedule(ParentRunner.java:63)
	at org.junit.runners.ParentRunner.runChildren(ParentRunner.java:236)
	at org.junit.runners.ParentRunner.access$000(ParentRunner.java:53)
	at org.junit.runners.ParentRunner$2.evaluate(ParentRunner.java:229)
	at org.junit.runners.ParentRunner.run(ParentRunner.java:309)
	at org.junit.runners.Suite.runChild(Suite.java:127)
	at org.junit.runners.Suite.runChild(Suite.java:26)
	at org.junit.runners.ParentRunner$3.run(ParentRunner.java:238)
	at org.junit.runners.ParentRunner$1.schedule(ParentRunner.java:63)
	at org.junit.runners.ParentRunner.runChildren(ParentRunner.java:236)
	at org.junit.runners.ParentRunner.access$000(ParentRunner.java:53)
	at org.junit.runners.ParentRunner$2.evaluate(ParentRunner.java:229)
	at org.junit.runners.ParentRunner.run(ParentRunner.java:309)
	at org.apache.maven.surefire.junit4.JUnit4Provider.execute(JUnit4Provider.java:252)
	at org.apache.maven.surefire.junit4.JUnit4Provider.executeTestSet(JUnit4Provider.java:141)
	at org.apache.maven.surefire.junit4.JUnit4Provider.invoke(JUnit4Provider.java:112)
	at sun.reflect.NativeMethodAccessorImpl.invoke0(Native Method)
	at sun.reflect.NativeMethodAccessorImpl.invoke(NativeMethodAccessorImpl.java:62)
	at sun.reflect.DelegatingMethodAccessorImpl.invoke(DelegatingMethodAccessorImpl.java:43)
	at java.lang.reflect.Method.invoke(Method.java:498)
	at org.apache.maven.surefire.util.ReflectionUtils.invokeMethodWithArray(ReflectionUtils.java:189)
	at org.apache.maven.surefire.booter.ProviderFactory$ProviderProxy.invoke(ProviderFactory.java:165)
	at org.apache.maven.surefire.booter.ProviderFactory.invokeProvider(ProviderFactory.java:85)
	at org.apache.maven.surefire.booter.ForkedBooter.runSuitesInProcess(ForkedBooter.java:115)
	at org.apache.maven.surefire.booter.ForkedBooter.main(ForkedBooter.java:75)
</error>
  </testcase>
</testsuite>